2022-05-31 16:41:12.969 INFO  [acme.Launcher@main] Starting Launcher using Java 1.8.0_281 on DESKTOP-2L7VUVO with PID 12028 (C:\Users\Rafa\Desktop\Workspace-22.0\Frameworks\Acme-Framework-22.7\target\classes started by Rafa in C:\Users\Rafa\Desktop\Workspace-22.0\Projects\Acme-Toolkits) 
2022-05-31 16:41:12.970 DEBUG [acme.Launcher@main] Running with Spring Boot v2.4.2, Spring v5.3.3 
2022-05-31 16:41:12.972 INFO  [acme.Launcher@main] The following profiles are active: development,default 
2022-05-31 16:41:16.887 DEBUG [org.apache.jasper.servlet.JasperInitializer@main] Initializing Jasper for context [application] 
2022-05-31 16:41:23.382 DEBUG [org.apache.jasper.servlet.JspServlet@main] Scratch dir for the JSP engine is: [C:\Users\Rafa\AppData\Local\Temp\tomcat.8080.3720739644776681071\work\Tomcat\localhost\acme-toolkits-22.1] 
2022-05-31 16:41:23.383 DEBUG [org.apache.jasper.servlet.JspServlet@main] IMPORTANT: Do not modify the generated servlets 
2022-05-31 16:41:23.409 INFO  [acme.Launcher@main] Started Launcher in 11.379 seconds (JVM running for 12.392) 
2022-05-31 16:41:23.420 DEBUG [acme.Launcher@main] Found classpath entry '/C:/Users/Rafa/Desktop/Workspace-22.0/Projects/Acme-Toolkits/target/test-classes/' 
2022-05-31 16:41:23.420 DEBUG [acme.Launcher@main] Found classpath entry '/C:/Users/Rafa/Desktop/Workspace-22.0/Projects/Acme-Toolkits/target/classes/' 
2022-05-31 16:41:23.426 DEBUG [acme.Launcher@main] Found classpath entry '/C:/Users/Rafa/Desktop/Workspace-22.0/Projects/Acme-Toolkits/library/spamDetector.jar' 
2022-05-31 16:41:23.426 DEBUG [acme.Launcher@main] Found classpath entry '/C:/Users/Rafa/Desktop/Workspace-22.0/Frameworks/Acme-Framework-22.7/target/classes/' 
2022-05-31 16:41:23.426 DEBUG [acme.Launcher@main] Found classpath entry '/C:/Users/Rafa/Desktop/Workspace-22.0/Frameworks/Acme-Framework-22.7/target/test-classes/' 
2022-05-31 16:41:23.426 DEBUG [acme.Launcher@main] Found classpath entry '/C:/Users/Rafa/.m2/repository/org/springframework/boot/spring-boot-starter-tomcat/2.4.2/spring-boot-starter-tomcat-2.4.2.jar' 
2022-05-31 16:41:23.426 DEBUG [acme.Launcher@main] Found classpath entry '/C:/Users/Rafa/.m2/repository/jakarta/annotation/jakarta.annotation-api/1.3.5/jakarta.annotation-api-1.3.5.jar' 
2022-05-31 16:41:23.426 DEBUG [acme.Launcher@main] Found classpath entry '/C:/Users/Rafa/.m2/repository/org/apache/tomcat/embed/tomcat-embed-core/9.0.41/tomcat-embed-core-9.0.41.jar' 
2022-05-31 16:41:23.426 DEBUG [acme.Launcher@main] Found classpath entry '/C:/Users/Rafa/.m2/repository/org/glassfish/jakarta.el/3.0.3/jakarta.el-3.0.3.jar' 
2022-05-31 16:41:23.426 DEBUG [acme.Launcher@main] Found classpath entry '/C:/Users/Rafa/.m2/repository/org/apache/tomcat/embed/tomcat-embed-websocket/9.0.41/tomcat-embed-websocket-9.0.41.jar' 
2022-05-31 16:41:23.427 DEBUG [acme.Launcher@main] Found classpath entry '/C:/Users/Rafa/.m2/repository/org/apache/tomcat/embed/tomcat-embed-jasper/9.0.41/tomcat-embed-jasper-9.0.41.jar' 
2022-05-31 16:41:23.427 DEBUG [acme.Launcher@main] Found classpath entry '/C:/Users/Rafa/.m2/repository/org/apache/tomcat/embed/tomcat-embed-el/9.0.41/tomcat-embed-el-9.0.41.jar' 
2022-05-31 16:41:23.427 DEBUG [acme.Launcher@main] Found classpath entry '/C:/Users/Rafa/.m2/repository/org/eclipse/jdt/ecj/3.18.0/ecj-3.18.0.jar' 
2022-05-31 16:41:23.428 DEBUG [acme.Launcher@main] Found classpath entry '/C:/Users/Rafa/.m2/repository/javax/servlet/jstl/1.2/jstl-1.2.jar' 
2022-05-31 16:41:23.428 DEBUG [acme.Launcher@main] Found classpath entry '/C:/Users/Rafa/.m2/repository/org/springframework/boot/spring-boot-starter-security/2.4.2/spring-boot-starter-security-2.4.2.jar' 
2022-05-31 16:41:23.428 DEBUG [acme.Launcher@main] Found classpath entry '/C:/Users/Rafa/.m2/repository/org/springframework/boot/spring-boot-starter/2.4.2/spring-boot-starter-2.4.2.jar' 
2022-05-31 16:41:23.428 DEBUG [acme.Launcher@main] Found classpath entry '/C:/Users/Rafa/.m2/repository/org/springframework/boot/spring-boot/2.4.2/spring-boot-2.4.2.jar' 
2022-05-31 16:41:23.428 DEBUG [acme.Launcher@main] Found classpath entry '/C:/Users/Rafa/.m2/repository/org/springframework/boot/spring-boot-autoconfigure/2.4.2/spring-boot-autoconfigure-2.4.2.jar' 
2022-05-31 16:41:23.428 DEBUG [acme.Launcher@main] Found classpath entry '/C:/Users/Rafa/.m2/repository/org/springframework/boot/spring-boot-starter-logging/2.4.2/spring-boot-starter-logging-2.4.2.jar' 
2022-05-31 16:41:23.429 DEBUG [acme.Launcher@main] Found classpath entry '/C:/Users/Rafa/.m2/repository/ch/qos/logback/logback-classic/1.2.3/logback-classic-1.2.3.jar' 
2022-05-31 16:41:23.429 DEBUG [acme.Launcher@main] Found classpath entry '/C:/Users/Rafa/.m2/repository/ch/qos/logback/logback-core/1.2.3/logback-core-1.2.3.jar' 
2022-05-31 16:41:23.429 DEBUG [acme.Launcher@main] Found classpath entry '/C:/Users/Rafa/.m2/repository/org/apache/logging/log4j/log4j-to-slf4j/2.13.3/log4j-to-slf4j-2.13.3.jar' 
2022-05-31 16:41:23.429 DEBUG [acme.Launcher@main] Found classpath entry '/C:/Users/Rafa/.m2/repository/org/apache/logging/log4j/log4j-api/2.13.3/log4j-api-2.13.3.jar' 
2022-05-31 16:41:23.429 DEBUG [acme.Launcher@main] Found classpath entry '/C:/Users/Rafa/.m2/repository/org/slf4j/jul-to-slf4j/1.7.30/jul-to-slf4j-1.7.30.jar' 
2022-05-31 16:41:23.429 DEBUG [acme.Launcher@main] Found classpath entry '/C:/Users/Rafa/.m2/repository/org/yaml/snakeyaml/1.27/snakeyaml-1.27.jar' 
2022-05-31 16:41:23.429 DEBUG [acme.Launcher@main] Found classpath entry '/C:/Users/Rafa/.m2/repository/org/springframework/spring-aop/5.3.3/spring-aop-5.3.3.jar' 
2022-05-31 16:41:23.429 DEBUG [acme.Launcher@main] Found classpath entry '/C:/Users/Rafa/.m2/repository/org/springframework/security/spring-security-web/5.4.2/spring-security-web-5.4.2.jar' 
2022-05-31 16:41:23.429 DEBUG [acme.Launcher@main] Found classpath entry '/C:/Users/Rafa/.m2/repository/org/springframework/security/spring-security-core/5.4.2/spring-security-core-5.4.2.jar' 
2022-05-31 16:41:23.430 DEBUG [acme.Launcher@main] Found classpath entry '/C:/Users/Rafa/.m2/repository/org/springframework/spring-beans/5.3.3/spring-beans-5.3.3.jar' 
2022-05-31 16:41:23.430 DEBUG [acme.Launcher@main] Found classpath entry '/C:/Users/Rafa/.m2/repository/org/springframework/spring-context/5.3.3/spring-context-5.3.3.jar' 
2022-05-31 16:41:23.430 DEBUG [acme.Launcher@main] Found classpath entry '/C:/Users/Rafa/.m2/repository/org/springframework/spring-core/5.3.3/spring-core-5.3.3.jar' 
2022-05-31 16:41:23.430 DEBUG [acme.Launcher@main] Found classpath entry '/C:/Users/Rafa/.m2/repository/org/springframework/spring-jcl/5.3.3/spring-jcl-5.3.3.jar' 
2022-05-31 16:41:23.430 DEBUG [acme.Launcher@main] Found classpath entry '/C:/Users/Rafa/.m2/repository/org/springframework/spring-expression/5.3.3/spring-expression-5.3.3.jar' 
2022-05-31 16:41:23.431 DEBUG [acme.Launcher@main] Found classpath entry '/C:/Users/Rafa/.m2/repository/org/springframework/spring-web/5.3.3/spring-web-5.3.3.jar' 
2022-05-31 16:41:23.431 DEBUG [acme.Launcher@main] Found classpath entry '/C:/Users/Rafa/.m2/repository/org/springframework/security/spring-security-config/5.4.2/spring-security-config-5.4.2.jar' 
2022-05-31 16:41:23.431 DEBUG [acme.Launcher@main] Found classpath entry '/C:/Users/Rafa/.m2/repository/org/springframework/security/spring-security-taglibs/5.4.2/spring-security-taglibs-5.4.2.jar' 
2022-05-31 16:41:23.431 DEBUG [acme.Launcher@main] Found classpath entry '/C:/Users/Rafa/.m2/repository/org/springframework/security/spring-security-acl/5.4.2/spring-security-acl-5.4.2.jar' 
2022-05-31 16:41:23.431 DEBUG [acme.Launcher@main] Found classpath entry '/C:/Users/Rafa/.m2/repository/org/springframework/spring-jdbc/5.3.3/spring-jdbc-5.3.3.jar' 
2022-05-31 16:41:23.431 DEBUG [acme.Launcher@main] Found classpath entry '/C:/Users/Rafa/.m2/repository/org/springframework/spring-tx/5.3.3/spring-tx-5.3.3.jar' 
2022-05-31 16:41:23.431 DEBUG [acme.Launcher@main] Found classpath entry '/C:/Users/Rafa/.m2/repository/org/springframework/boot/spring-boot-starter-web/2.4.2/spring-boot-starter-web-2.4.2.jar' 
2022-05-31 16:41:23.431 DEBUG [acme.Launcher@main] Found classpath entry '/C:/Users/Rafa/.m2/repository/org/springframework/boot/spring-boot-starter-json/2.4.2/spring-boot-starter-json-2.4.2.jar' 
2022-05-31 16:41:23.431 DEBUG [acme.Launcher@main] Found classpath entry '/C:/Users/Rafa/.m2/repository/com/fasterxml/jackson/core/jackson-databind/2.11.4/jackson-databind-2.11.4.jar' 
2022-05-31 16:41:23.431 DEBUG [acme.Launcher@main] Found classpath entry '/C:/Users/Rafa/.m2/repository/com/fasterxml/jackson/core/jackson-annotations/2.11.4/jackson-annotations-2.11.4.jar' 
2022-05-31 16:41:23.432 DEBUG [acme.Launcher@main] Found classpath entry '/C:/Users/Rafa/.m2/repository/com/fasterxml/jackson/core/jackson-core/2.11.4/jackson-core-2.11.4.jar' 
2022-05-31 16:41:23.433 DEBUG [acme.Launcher@main] Found classpath entry '/C:/Users/Rafa/.m2/repository/com/fasterxml/jackson/datatype/jackson-datatype-jdk8/2.11.4/jackson-datatype-jdk8-2.11.4.jar' 
2022-05-31 16:41:23.433 DEBUG [acme.Launcher@main] Found classpath entry '/C:/Users/Rafa/.m2/repository/com/fasterxml/jackson/datatype/jackson-datatype-jsr310/2.11.4/jackson-datatype-jsr310-2.11.4.jar' 
2022-05-31 16:41:23.433 DEBUG [acme.Launcher@main] Found classpath entry '/C:/Users/Rafa/.m2/repository/com/fasterxml/jackson/module/jackson-module-parameter-names/2.11.4/jackson-module-parameter-names-2.11.4.jar' 
2022-05-31 16:41:23.433 DEBUG [acme.Launcher@main] Found classpath entry '/C:/Users/Rafa/.m2/repository/org/springframework/spring-webmvc/5.3.3/spring-webmvc-5.3.3.jar' 
2022-05-31 16:41:23.433 DEBUG [acme.Launcher@main] Found classpath entry '/C:/Users/Rafa/.m2/repository/org/apache/tiles/tiles-jsp/3.0.8/tiles-jsp-3.0.8.jar' 
2022-05-31 16:41:23.434 DEBUG [acme.Launcher@main] Found classpath entry '/C:/Users/Rafa/.m2/repository/org/apache/tiles/tiles-servlet/3.0.8/tiles-servlet-3.0.8.jar' 
2022-05-31 16:41:23.434 DEBUG [acme.Launcher@main] Found classpath entry '/C:/Users/Rafa/.m2/repository/org/apache/tiles/tiles-core/3.0.8/tiles-core-3.0.8.jar' 
2022-05-31 16:41:23.434 DEBUG [acme.Launcher@main] Found classpath entry '/C:/Users/Rafa/.m2/repository/commons-digester/commons-digester/2.0/commons-digester-2.0.jar' 
2022-05-31 16:41:23.434 DEBUG [acme.Launcher@main] Found classpath entry '/C:/Users/Rafa/.m2/repository/org/slf4j/jcl-over-slf4j/1.7.30/jcl-over-slf4j-1.7.30.jar' 
2022-05-31 16:41:23.434 DEBUG [acme.Launcher@main] Found classpath entry '/C:/Users/Rafa/.m2/repository/org/apache/tiles/tiles-request-servlet/1.0.7/tiles-request-servlet-1.0.7.jar' 
2022-05-31 16:41:23.434 DEBUG [acme.Launcher@main] Found classpath entry '/C:/Users/Rafa/.m2/repository/org/apache/tiles/tiles-template/3.0.8/tiles-template-3.0.8.jar' 
2022-05-31 16:41:23.434 DEBUG [acme.Launcher@main] Found classpath entry '/C:/Users/Rafa/.m2/repository/org/apache/tiles/tiles-api/3.0.8/tiles-api-3.0.8.jar' 
2022-05-31 16:41:23.434 DEBUG [acme.Launcher@main] Found classpath entry '/C:/Users/Rafa/.m2/repository/org/apache/tiles/tiles-autotag-core-runtime/1.2/tiles-autotag-core-runtime-1.2.jar' 
2022-05-31 16:41:23.434 DEBUG [acme.Launcher@main] Found classpath entry '/C:/Users/Rafa/.m2/repository/org/slf4j/slf4j-api/1.7.30/slf4j-api-1.7.30.jar' 
2022-05-31 16:41:23.435 DEBUG [acme.Launcher@main] Found classpath entry '/C:/Users/Rafa/.m2/repository/org/apache/tiles/tiles-request-jsp/1.0.7/tiles-request-jsp-1.0.7.jar' 
2022-05-31 16:41:23.435 DEBUG [acme.Launcher@main] Found classpath entry '/C:/Users/Rafa/.m2/repository/org/apache/tiles/tiles-request-api/1.0.7/tiles-request-api-1.0.7.jar' 
2022-05-31 16:41:23.435 DEBUG [acme.Launcher@main] Found classpath entry '/C:/Users/Rafa/.m2/repository/org/springframework/boot/spring-boot-starter-data-jpa/2.4.2/spring-boot-starter-data-jpa-2.4.2.jar' 
2022-05-31 16:41:23.435 DEBUG [acme.Launcher@main] Found classpath entry '/C:/Users/Rafa/.m2/repository/org/springframework/boot/spring-boot-starter-aop/2.4.2/spring-boot-starter-aop-2.4.2.jar' 
2022-05-31 16:41:23.435 DEBUG [acme.Launcher@main] Found classpath entry '/C:/Users/Rafa/.m2/repository/org/aspectj/aspectjweaver/1.9.6/aspectjweaver-1.9.6.jar' 
2022-05-31 16:41:23.435 DEBUG [acme.Launcher@main] Found classpath entry '/C:/Users/Rafa/.m2/repository/org/springframework/boot/spring-boot-starter-jdbc/2.4.2/spring-boot-starter-jdbc-2.4.2.jar' 
2022-05-31 16:41:23.435 DEBUG [acme.Launcher@main] Found classpath entry '/C:/Users/Rafa/.m2/repository/jakarta/transaction/jakarta.transaction-api/1.3.3/jakarta.transaction-api-1.3.3.jar' 
2022-05-31 16:41:23.435 DEBUG [acme.Launcher@main] Found classpath entry '/C:/Users/Rafa/.m2/repository/jakarta/persistence/jakarta.persistence-api/2.2.3/jakarta.persistence-api-2.2.3.jar' 
2022-05-31 16:41:23.435 DEBUG [acme.Launcher@main] Found classpath entry '/C:/Users/Rafa/.m2/repository/org/hibernate/hibernate-core/5.4.27.Final/hibernate-core-5.4.27.Final.jar' 
2022-05-31 16:41:23.435 DEBUG [acme.Launcher@main] Found classpath entry '/C:/Users/Rafa/.m2/repository/org/jboss/logging/jboss-logging/3.4.1.Final/jboss-logging-3.4.1.Final.jar' 
2022-05-31 16:41:23.435 DEBUG [acme.Launcher@main] Found classpath entry '/C:/Users/Rafa/.m2/repository/org/javassist/javassist/3.27.0-GA/javassist-3.27.0-GA.jar' 
2022-05-31 16:41:23.436 DEBUG [acme.Launcher@main] Found classpath entry '/C:/Users/Rafa/.m2/repository/antlr/antlr/2.7.7/antlr-2.7.7.jar' 
2022-05-31 16:41:23.436 DEBUG [acme.Launcher@main] Found classpath entry '/C:/Users/Rafa/.m2/repository/org/jboss/jandex/2.1.3.Final/jandex-2.1.3.Final.jar' 
2022-05-31 16:41:23.436 DEBUG [acme.Launcher@main] Found classpath entry '/C:/Users/Rafa/.m2/repository/com/fasterxml/classmate/1.5.1/classmate-1.5.1.jar' 
2022-05-31 16:41:23.436 DEBUG [acme.Launcher@main] Found classpath entry '/C:/Users/Rafa/.m2/repository/org/dom4j/dom4j/2.1.3/dom4j-2.1.3.jar' 
2022-05-31 16:41:23.436 DEBUG [acme.Launcher@main] Found classpath entry '/C:/Users/Rafa/.m2/repository/org/hibernate/common/hibernate-commons-annotations/5.1.2.Final/hibernate-commons-annotations-5.1.2.Final.jar' 
2022-05-31 16:41:23.436 DEBUG [acme.Launcher@main] Found classpath entry '/C:/Users/Rafa/.m2/repository/org/glassfish/jaxb/jaxb-runtime/2.3.3/jaxb-runtime-2.3.3.jar' 
2022-05-31 16:41:23.436 DEBUG [acme.Launcher@main] Found classpath entry '/C:/Users/Rafa/.m2/repository/org/glassfish/jaxb/txw2/2.3.3/txw2-2.3.3.jar' 
2022-05-31 16:41:23.436 DEBUG [acme.Launcher@main] Found classpath entry '/C:/Users/Rafa/.m2/repository/com/sun/istack/istack-commons-runtime/3.0.11/istack-commons-runtime-3.0.11.jar' 
2022-05-31 16:41:23.436 DEBUG [acme.Launcher@main] Found classpath entry '/C:/Users/Rafa/.m2/repository/com/sun/activation/jakarta.activation/1.2.2/jakarta.activation-1.2.2.jar' 
2022-05-31 16:41:23.436 DEBUG [acme.Launcher@main] Found classpath entry '/C:/Users/Rafa/.m2/repository/org/springframework/data/spring-data-jpa/2.4.3/spring-data-jpa-2.4.3.jar' 
2022-05-31 16:41:23.437 DEBUG [acme.Launcher@main] Found classpath entry '/C:/Users/Rafa/.m2/repository/org/springframework/data/spring-data-commons/2.4.3/spring-data-commons-2.4.3.jar' 
2022-05-31 16:41:23.437 DEBUG [acme.Launcher@main] Found classpath entry '/C:/Users/Rafa/.m2/repository/org/springframework/spring-orm/5.3.3/spring-orm-5.3.3.jar' 
2022-05-31 16:41:23.437 DEBUG [acme.Launcher@main] Found classpath entry '/C:/Users/Rafa/.m2/repository/org/springframework/spring-aspects/5.3.3/spring-aspects-5.3.3.jar' 
2022-05-31 16:41:23.437 DEBUG [acme.Launcher@main] Found classpath entry '/C:/Users/Rafa/.m2/repository/org/springframework/boot/spring-boot-starter-validation/2.4.2/spring-boot-starter-validation-2.4.2.jar' 
2022-05-31 16:41:23.437 DEBUG [acme.Launcher@main] Found classpath entry '/C:/Users/Rafa/.m2/repository/org/hibernate/validator/hibernate-validator/6.1.7.Final/hibernate-validator-6.1.7.Final.jar' 
2022-05-31 16:41:23.437 DEBUG [acme.Launcher@main] Found classpath entry '/C:/Users/Rafa/.m2/repository/jakarta/validation/jakarta.validation-api/2.0.2/jakarta.validation-api-2.0.2.jar' 
2022-05-31 16:41:23.437 DEBUG [acme.Launcher@main] Found classpath entry '/C:/Users/Rafa/.m2/repository/mysql/mysql-connector-java/8.0.22/mysql-connector-java-8.0.22.jar' 
2022-05-31 16:41:23.437 DEBUG [acme.Launcher@main] Found classpath entry '/C:/Users/Rafa/.m2/repository/com/zaxxer/HikariCP/3.4.5/HikariCP-3.4.5.jar' 
2022-05-31 16:41:23.437 DEBUG [acme.Launcher@main] Found classpath entry '/C:/Users/Rafa/.m2/repository/org/springframework/boot/spring-boot-starter-test/2.4.2/spring-boot-starter-test-2.4.2.jar' 
2022-05-31 16:41:23.437 DEBUG [acme.Launcher@main] Found classpath entry '/C:/Users/Rafa/.m2/repository/org/springframework/boot/spring-boot-test/2.4.2/spring-boot-test-2.4.2.jar' 
2022-05-31 16:41:23.438 DEBUG [acme.Launcher@main] Found classpath entry '/C:/Users/Rafa/.m2/repository/org/springframework/boot/spring-boot-test-autoconfigure/2.4.2/spring-boot-test-autoconfigure-2.4.2.jar' 
2022-05-31 16:41:23.438 DEBUG [acme.Launcher@main] Found classpath entry '/C:/Users/Rafa/.m2/repository/com/jayway/jsonpath/json-path/2.4.0/json-path-2.4.0.jar' 
2022-05-31 16:41:23.438 DEBUG [acme.Launcher@main] Found classpath entry '/C:/Users/Rafa/.m2/repository/net/minidev/json-smart/2.3/json-smart-2.3.jar' 
2022-05-31 16:41:23.438 DEBUG [acme.Launcher@main] Found classpath entry '/C:/Users/Rafa/.m2/repository/net/minidev/accessors-smart/1.2/accessors-smart-1.2.jar' 
2022-05-31 16:41:23.438 DEBUG [acme.Launcher@main] Found classpath entry '/C:/Users/Rafa/.m2/repository/org/ow2/asm/asm/5.0.4/asm-5.0.4.jar' 
2022-05-31 16:41:23.439 DEBUG [acme.Launcher@main] Found classpath entry '/C:/Users/Rafa/.m2/repository/jakarta/xml/bind/jakarta.xml.bind-api/2.3.3/jakarta.xml.bind-api-2.3.3.jar' 
2022-05-31 16:41:23.439 DEBUG [acme.Launcher@main] Found classpath entry '/C:/Users/Rafa/.m2/repository/jakarta/activation/jakarta.activation-api/1.2.2/jakarta.activation-api-1.2.2.jar' 
2022-05-31 16:41:23.439 DEBUG [acme.Launcher@main] Found classpath entry '/C:/Users/Rafa/.m2/repository/org/assertj/assertj-core/3.18.1/assertj-core-3.18.1.jar' 
2022-05-31 16:41:23.439 DEBUG [acme.Launcher@main] Found classpath entry '/C:/Users/Rafa/.m2/repository/org/hamcrest/hamcrest/2.2/hamcrest-2.2.jar' 
2022-05-31 16:41:23.439 DEBUG [acme.Launcher@main] Found classpath entry '/C:/Users/Rafa/.m2/repository/org/junit/jupiter/junit-jupiter/5.7.0/junit-jupiter-5.7.0.jar' 
2022-05-31 16:41:23.439 DEBUG [acme.Launcher@main] Found classpath entry '/C:/Users/Rafa/.m2/repository/org/mockito/mockito-core/3.6.28/mockito-core-3.6.28.jar' 
2022-05-31 16:41:23.439 DEBUG [acme.Launcher@main] Found classpath entry '/C:/Users/Rafa/.m2/repository/net/bytebuddy/byte-buddy-agent/1.10.19/byte-buddy-agent-1.10.19.jar' 
2022-05-31 16:41:23.439 DEBUG [acme.Launcher@main] Found classpath entry '/C:/Users/Rafa/.m2/repository/org/objenesis/objenesis/3.1/objenesis-3.1.jar' 
2022-05-31 16:41:23.439 DEBUG [acme.Launcher@main] Found classpath entry '/C:/Users/Rafa/.m2/repository/org/mockito/mockito-junit-jupiter/3.6.28/mockito-junit-jupiter-3.6.28.jar' 
2022-05-31 16:41:23.439 DEBUG [acme.Launcher@main] Found classpath entry '/C:/Users/Rafa/.m2/repository/org/skyscreamer/jsonassert/1.5.0/jsonassert-1.5.0.jar' 
2022-05-31 16:41:23.439 DEBUG [acme.Launcher@main] Found classpath entry '/C:/Users/Rafa/.m2/repository/com/vaadin/external/google/android-json/0.0.20131108.vaadin1/android-json-0.0.20131108.vaadin1.jar' 
2022-05-31 16:41:23.439 DEBUG [acme.Launcher@main] Found classpath entry '/C:/Users/Rafa/.m2/repository/org/springframework/spring-test/5.3.3/spring-test-5.3.3.jar' 
2022-05-31 16:41:23.439 DEBUG [acme.Launcher@main] Found classpath entry '/C:/Users/Rafa/.m2/repository/org/xmlunit/xmlunit-core/2.7.0/xmlunit-core-2.7.0.jar' 
2022-05-31 16:41:23.440 DEBUG [acme.Launcher@main] Found classpath entry '/C:/Users/Rafa/.m2/repository/org/junit/jupiter/junit-jupiter-engine/5.7.0/junit-jupiter-engine-5.7.0.jar' 
2022-05-31 16:41:23.440 DEBUG [acme.Launcher@main] Found classpath entry '/C:/Users/Rafa/.m2/repository/org/apiguardian/apiguardian-api/1.1.0/apiguardian-api-1.1.0.jar' 
2022-05-31 16:41:23.440 DEBUG [acme.Launcher@main] Found classpath entry '/C:/Users/Rafa/.m2/repository/org/junit/platform/junit-platform-engine/1.7.0/junit-platform-engine-1.7.0.jar' 
2022-05-31 16:41:23.440 DEBUG [acme.Launcher@main] Found classpath entry '/C:/Users/Rafa/.m2/repository/org/junit/jupiter/junit-jupiter-api/5.7.0/junit-jupiter-api-5.7.0.jar' 
2022-05-31 16:41:23.440 DEBUG [acme.Launcher@main] Found classpath entry '/C:/Users/Rafa/.m2/repository/org/opentest4j/opentest4j/1.2.0/opentest4j-1.2.0.jar' 
2022-05-31 16:41:23.440 DEBUG [acme.Launcher@main] Found classpath entry '/C:/Users/Rafa/.m2/repository/org/junit/platform/junit-platform-commons/1.7.0/junit-platform-commons-1.7.0.jar' 
2022-05-31 16:41:23.440 DEBUG [acme.Launcher@main] Found classpath entry '/C:/Users/Rafa/.m2/repository/org/junit/jupiter/junit-jupiter-params/5.7.0/junit-jupiter-params-5.7.0.jar' 
2022-05-31 16:41:23.440 DEBUG [acme.Launcher@main] Found classpath entry '/C:/Users/Rafa/.m2/repository/org/junit/platform/junit-platform-launcher/1.7.0/junit-platform-launcher-1.7.0.jar' 
2022-05-31 16:41:23.441 DEBUG [acme.Launcher@main] Found classpath entry '/C:/Users/Rafa/.m2/repository/org/seleniumhq/selenium/selenium-java/3.141.59/selenium-java-3.141.59.jar' 
2022-05-31 16:41:23.441 DEBUG [acme.Launcher@main] Found classpath entry '/C:/Users/Rafa/.m2/repository/org/seleniumhq/selenium/selenium-api/3.141.59/selenium-api-3.141.59.jar' 
2022-05-31 16:41:23.442 DEBUG [acme.Launcher@main] Found classpath entry '/C:/Users/Rafa/.m2/repository/org/seleniumhq/selenium/selenium-chrome-driver/3.141.59/selenium-chrome-driver-3.141.59.jar' 
2022-05-31 16:41:23.442 DEBUG [acme.Launcher@main] Found classpath entry '/C:/Users/Rafa/.m2/repository/org/seleniumhq/selenium/selenium-edge-driver/3.141.59/selenium-edge-driver-3.141.59.jar' 
2022-05-31 16:41:23.442 DEBUG [acme.Launcher@main] Found classpath entry '/C:/Users/Rafa/.m2/repository/org/seleniumhq/selenium/selenium-firefox-driver/3.141.59/selenium-firefox-driver-3.141.59.jar' 
2022-05-31 16:41:23.442 DEBUG [acme.Launcher@main] Found classpath entry '/C:/Users/Rafa/.m2/repository/org/seleniumhq/selenium/selenium-ie-driver/3.141.59/selenium-ie-driver-3.141.59.jar' 
2022-05-31 16:41:23.442 DEBUG [acme.Launcher@main] Found classpath entry '/C:/Users/Rafa/.m2/repository/org/seleniumhq/selenium/selenium-opera-driver/3.141.59/selenium-opera-driver-3.141.59.jar' 
2022-05-31 16:41:23.442 DEBUG [acme.Launcher@main] Found classpath entry '/C:/Users/Rafa/.m2/repository/org/seleniumhq/selenium/selenium-remote-driver/3.141.59/selenium-remote-driver-3.141.59.jar' 
2022-05-31 16:41:23.442 DEBUG [acme.Launcher@main] Found classpath entry '/C:/Users/Rafa/.m2/repository/org/seleniumhq/selenium/selenium-safari-driver/3.141.59/selenium-safari-driver-3.141.59.jar' 
2022-05-31 16:41:23.442 DEBUG [acme.Launcher@main] Found classpath entry '/C:/Users/Rafa/.m2/repository/org/seleniumhq/selenium/selenium-support/3.141.59/selenium-support-3.141.59.jar' 
2022-05-31 16:41:23.442 DEBUG [acme.Launcher@main] Found classpath entry '/C:/Users/Rafa/.m2/repository/net/bytebuddy/byte-buddy/1.10.19/byte-buddy-1.10.19.jar' 
2022-05-31 16:41:23.442 DEBUG [acme.Launcher@main] Found classpath entry '/C:/Users/Rafa/.m2/repository/org/apache/commons/commons-exec/1.3/commons-exec-1.3.jar' 
2022-05-31 16:41:23.442 DEBUG [acme.Launcher@main] Found classpath entry '/C:/Users/Rafa/.m2/repository/com/google/guava/guava/25.0-jre/guava-25.0-jre.jar' 
2022-05-31 16:41:23.443 DEBUG [acme.Launcher@main] Found classpath entry '/C:/Users/Rafa/.m2/repository/com/google/code/findbugs/jsr305/1.3.9/jsr305-1.3.9.jar' 
2022-05-31 16:41:23.443 DEBUG [acme.Launcher@main] Found classpath entry '/C:/Users/Rafa/.m2/repository/org/checkerframework/checker-compat-qual/2.0.0/checker-compat-qual-2.0.0.jar' 
2022-05-31 16:41:23.443 DEBUG [acme.Launcher@main] Found classpath entry '/C:/Users/Rafa/.m2/repository/com/google/errorprone/error_prone_annotations/2.1.3/error_prone_annotations-2.1.3.jar' 
2022-05-31 16:41:23.443 DEBUG [acme.Launcher@main] Found classpath entry '/C:/Users/Rafa/.m2/repository/com/google/j2objc/j2objc-annotations/1.1/j2objc-annotations-1.1.jar' 
2022-05-31 16:41:23.443 DEBUG [acme.Launcher@main] Found classpath entry '/C:/Users/Rafa/.m2/repository/org/codehaus/mojo/animal-sniffer-annotations/1.14/animal-sniffer-annotations-1.14.jar' 
2022-05-31 16:41:23.443 DEBUG [acme.Launcher@main] Found classpath entry '/C:/Users/Rafa/.m2/repository/com/squareup/okhttp3/okhttp/3.14.9/okhttp-3.14.9.jar' 
2022-05-31 16:41:23.443 DEBUG [acme.Launcher@main] Found classpath entry '/C:/Users/Rafa/.m2/repository/com/squareup/okio/okio/1.14.0/okio-1.14.0.jar' 
2022-05-31 16:41:23.443 DEBUG [acme.Launcher@main] Found classpath entry '/C:/Users/Rafa/.m2/repository/org/apache/commons/commons-lang3/3.11/commons-lang3-3.11.jar' 
2022-05-31 16:41:23.443 DEBUG [acme.Launcher@main] Found classpath entry '/C:/Users/Rafa/.m2/repository/org/apache/commons/commons-text/1.8/commons-text-1.8.jar' 
2022-05-31 16:41:23.443 DEBUG [acme.Launcher@main] Found classpath entry '/C:/Users/Rafa/.m2/repository/commons-io/commons-io/2.6/commons-io-2.6.jar' 
2022-05-31 16:41:23.443 DEBUG [acme.Launcher@main] Found classpath entry '/C:/Users/Rafa/.m2/repository/commons-cli/commons-cli/1.4/commons-cli-1.4.jar' 
2022-05-31 16:41:23.443 DEBUG [acme.Launcher@main] Found classpath entry '/C:/Users/Rafa/.m2/repository/org/projectlombok/lombok/1.18.16/lombok-1.18.16.jar' 
2022-05-31 16:41:23.443 DEBUG [acme.Launcher@main] Found classpath entry '/C:/Users/Rafa/.m2/repository/com/opencsv/opencsv/5.4/opencsv-5.4.jar' 
2022-05-31 16:41:23.444 DEBUG [acme.Launcher@main] Found classpath entry '/C:/Users/Rafa/.m2/repository/commons-beanutils/commons-beanutils/1.9.4/commons-beanutils-1.9.4.jar' 
2022-05-31 16:41:23.444 DEBUG [acme.Launcher@main] Found classpath entry '/C:/Users/Rafa/.m2/repository/commons-logging/commons-logging/1.2/commons-logging-1.2.jar' 
2022-05-31 16:41:23.444 DEBUG [acme.Launcher@main] Found classpath entry '/C:/Users/Rafa/.m2/repository/commons-collections/commons-collections/3.2.2/commons-collections-3.2.2.jar' 
2022-05-31 16:41:23.444 DEBUG [acme.Launcher@main] Found classpath entry '/C:/Users/Rafa/.m2/repository/org/apache/commons/commons-collections4/4.4/commons-collections4-4.4.jar' 
2022-05-31 16:41:23.444 DEBUG [acme.Launcher@main] Found classpath entry '/C:/Users/Rafa/Desktop/Workspace-22.0/Tools/IDEs/eclipse-jee-2021-12-R/configuration/org.eclipse.osgi/418/0/.cp/lib/javaagent-shaded.jar' 
2022-05-31 16:41:23.565 DEBUG [acme.Launcher@main] Found entity class 'acme.entities.announcement.Announcement 
2022-05-31 16:41:23.565 DEBUG [acme.Launcher@main] Found entity class 'acme.entities.chimpum.Chimpum 
2022-05-31 16:41:23.566 DEBUG [acme.Launcher@main] Found entity class 'acme.entities.chirp.Chirp 
2022-05-31 16:41:23.566 DEBUG [acme.Launcher@main] Found entity class 'acme.entities.item.Item 
2022-05-31 16:41:23.566 DEBUG [acme.Launcher@main] Found entity class 'acme.entities.moneyExchange.MoneyExchange 
2022-05-31 16:41:23.566 DEBUG [acme.Launcher@main] Found entity class 'acme.entities.patronage.Patronage 
2022-05-31 16:41:23.566 DEBUG [acme.Launcher@main] Found entity class 'acme.entities.patronageReport.PatronageReport 
2022-05-31 16:41:23.566 DEBUG [acme.Launcher@main] Found entity class 'acme.entities.quantity.Quantity 
2022-05-31 16:41:23.566 DEBUG [acme.Launcher@main] Found entity class 'acme.entities.systemConfiguration.SystemConfiguration 
2022-05-31 16:41:23.566 DEBUG [acme.Launcher@main] Found entity class 'acme.entities.toolkit.Toolkit 
2022-05-31 16:41:23.566 DEBUG [acme.Launcher@main] Found entity class 'acme.roles.Consumer 
2022-05-31 16:41:23.566 DEBUG [acme.Launcher@main] Found entity class 'acme.roles.Inventor 
2022-05-31 16:41:23.566 DEBUG [acme.Launcher@main] Found entity class 'acme.roles.Patron 
2022-05-31 16:41:23.566 DEBUG [acme.Launcher@main] Found entity class 'acme.roles.Provider 
2022-05-31 16:41:23.567 DEBUG [acme.Launcher@main] Found entity class 'acme.framework.entities.UserAccount 
2022-05-31 16:41:23.567 DEBUG [acme.Launcher@main] Found entity class 'acme.framework.roles.Administrator 
2022-05-31 16:41:23.567 DEBUG [acme.Launcher@main] Found entity class 'acme.framework.roles.Anonymous 
2022-05-31 16:41:23.567 DEBUG [acme.Launcher@main] Found entity class 'acme.framework.roles.Any 
2022-05-31 16:41:23.567 DEBUG [acme.Launcher@main] Found entity class 'acme.framework.roles.Authenticated 
2022-05-31 16:41:23.572 INFO  [acme.Launcher@main] Running application (Standalone) 
2022-05-31 16:41:31.793 DEBUG [acme.framework.components.tiles.DynamicTilesView@http-nio-8080-exec-1] View name 'fragments/welcome', model {} 
2022-05-31 16:41:31.814 DEBUG [org.apache.tiles.definition.dao.BaseLocaleUrlDefinitionDAO@http-nio-8080-exec-1] File Resource file:/C:/Users/Rafa/Desktop/Workspace-22.0/Projects/Acme-Toolkits/target/classes/WEB-INF/views/master/tiles_en.xml at file:/C:/Users/Rafa/Desktop/Workspace-22.0/Projects/Acme-Toolkits/target/classes/WEB-INF/views/master/tiles_en.xml not found, continue 
2022-05-31 16:41:31.826 DEBUG [org.apache.jasper.servlet.JspServlet@http-nio-8080-exec-1] JspEngine --> /WEB-INF/views/master/page.jsp 
2022-05-31 16:41:31.826 DEBUG [org.apache.jasper.servlet.JspServlet@http-nio-8080-exec-1] ServletPath: /WEB-INF/views/master/page.jsp 
2022-05-31 16:41:31.826 DEBUG [org.apache.jasper.servlet.JspServlet@http-nio-8080-exec-1] PathInfo: null 
2022-05-31 16:41:31.828 DEBUG [org.apache.jasper.servlet.JspServlet@http-nio-8080-exec-1] RealPath: C:\Users\Rafa\Desktop\Workspace-22.0\Projects\Acme-Toolkits\target\classes\WEB-INF\views\master\page.jsp 
2022-05-31 16:41:31.828 DEBUG [org.apache.jasper.servlet.JspServlet@http-nio-8080-exec-1] RequestURI: /acme-toolkits-22.1/WEB-INF/views/master/page.jsp 
2022-05-31 16:41:31.829 DEBUG [org.apache.jasper.servlet.JspServlet@http-nio-8080-exec-1] QueryString: null 
2022-05-31 16:41:38.047 DEBUG [acme.framework.configuration.ExtendedMessageSource@http-nio-8080-exec-1] Loading properties [C:\Users\Rafa\Desktop\Workspace-22.0\Projects\Acme-Toolkits\target\classes\WEB-INF\views\administrator\administrator-dashboard\messages-en.i18n] with encoding 'utf-8' 
2022-05-31 16:41:38.051 DEBUG [acme.framework.configuration.ExtendedMessageSource@http-nio-8080-exec-1] Loading properties [C:\Users\Rafa\Desktop\Workspace-22.0\Projects\Acme-Toolkits\target\classes\WEB-INF\views\administrator\announcement\messages-en.i18n] with encoding 'utf-8' 
2022-05-31 16:41:38.053 DEBUG [acme.framework.configuration.ExtendedMessageSource@http-nio-8080-exec-1] Loading properties [C:\Users\Rafa\Desktop\Workspace-22.0\Projects\Acme-Toolkits\target\classes\WEB-INF\views\administrator\system-configuration\messages-en.i18n] with encoding 'utf-8' 
2022-05-31 16:41:38.053 DEBUG [acme.framework.configuration.ExtendedMessageSource@http-nio-8080-exec-1] Loading properties [C:\Users\Rafa\Desktop\Workspace-22.0\Projects\Acme-Toolkits\target\classes\WEB-INF\views\administrator\user-account\messages-en.i18n] with encoding 'utf-8' 
2022-05-31 16:41:38.057 DEBUG [acme.framework.configuration.ExtendedMessageSource@http-nio-8080-exec-1] Loading properties [C:\Users\Rafa\Desktop\Workspace-22.0\Projects\Acme-Toolkits\target\classes\WEB-INF\views\anonymous\user-account\messages-en.i18n] with encoding 'utf-8' 
2022-05-31 16:41:38.058 DEBUG [acme.framework.configuration.ExtendedMessageSource@http-nio-8080-exec-1] Loading properties [C:\Users\Rafa\Desktop\Workspace-22.0\Projects\Acme-Toolkits\target\classes\WEB-INF\views\any\chirp\messages-en.i18n] with encoding 'utf-8' 
2022-05-31 16:41:38.060 DEBUG [acme.framework.configuration.ExtendedMessageSource@http-nio-8080-exec-1] Loading properties [C:\Users\Rafa\Desktop\Workspace-22.0\Projects\Acme-Toolkits\target\classes\WEB-INF\views\any\item\messages-en.i18n] with encoding 'utf-8' 
2022-05-31 16:41:38.061 DEBUG [acme.framework.configuration.ExtendedMessageSource@http-nio-8080-exec-1] Loading properties [C:\Users\Rafa\Desktop\Workspace-22.0\Projects\Acme-Toolkits\target\classes\WEB-INF\views\any\toolkit\messages-en.i18n] with encoding 'utf-8' 
2022-05-31 16:41:38.061 DEBUG [acme.framework.configuration.ExtendedMessageSource@http-nio-8080-exec-1] Loading properties [C:\Users\Rafa\Desktop\Workspace-22.0\Projects\Acme-Toolkits\target\classes\WEB-INF\views\any\user-account\messages-en.i18n] with encoding 'utf-8' 
2022-05-31 16:41:38.063 DEBUG [acme.framework.configuration.ExtendedMessageSource@http-nio-8080-exec-1] Loading properties [C:\Users\Rafa\Desktop\Workspace-22.0\Projects\Acme-Toolkits\target\classes\WEB-INF\views\authenticated\announcement\messsages-en.i18n] with encoding 'utf-8' 
2022-05-31 16:41:38.064 DEBUG [acme.framework.configuration.ExtendedMessageSource@http-nio-8080-exec-1] Loading properties [C:\Users\Rafa\Desktop\Workspace-22.0\Projects\Acme-Toolkits\target\classes\WEB-INF\views\authenticated\consumer\messsages-en.i18n] with encoding 'utf-8' 
2022-05-31 16:41:38.065 DEBUG [acme.framework.configuration.ExtendedMessageSource@http-nio-8080-exec-1] Loading properties [C:\Users\Rafa\Desktop\Workspace-22.0\Projects\Acme-Toolkits\target\classes\WEB-INF\views\authenticated\inventor\messsages-en.i18n] with encoding 'utf-8' 
2022-05-31 16:41:38.066 DEBUG [acme.framework.configuration.ExtendedMessageSource@http-nio-8080-exec-1] Loading properties [C:\Users\Rafa\Desktop\Workspace-22.0\Projects\Acme-Toolkits\target\classes\WEB-INF\views\authenticated\patron\messsages-en.i18n] with encoding 'utf-8' 
2022-05-31 16:41:38.067 DEBUG [acme.framework.configuration.ExtendedMessageSource@http-nio-8080-exec-1] Loading properties [C:\Users\Rafa\Desktop\Workspace-22.0\Projects\Acme-Toolkits\target\classes\WEB-INF\views\authenticated\provider\messsages-en.i18n] with encoding 'utf-8' 
2022-05-31 16:41:38.069 DEBUG [acme.framework.configuration.ExtendedMessageSource@http-nio-8080-exec-1] Loading properties [C:\Users\Rafa\Desktop\Workspace-22.0\Projects\Acme-Toolkits\target\classes\WEB-INF\views\authenticated\system-configuration\messages-en.i18n] with encoding 'utf-8' 
2022-05-31 16:41:38.069 DEBUG [acme.framework.configuration.ExtendedMessageSource@http-nio-8080-exec-1] Loading properties [C:\Users\Rafa\Desktop\Workspace-22.0\Projects\Acme-Toolkits\target\classes\WEB-INF\views\fragments\banner-en.i18n] with encoding 'utf-8' 
2022-05-31 16:41:38.070 DEBUG [acme.framework.configuration.ExtendedMessageSource@http-nio-8080-exec-1] Loading properties [C:\Users\Rafa\Desktop\Workspace-22.0\Projects\Acme-Toolkits\target\classes\WEB-INF\views\fragments\company-en.i18n] with encoding 'utf-8' 
2022-05-31 16:41:38.071 DEBUG [acme.framework.configuration.ExtendedMessageSource@http-nio-8080-exec-1] Loading properties [C:\Users\Rafa\Desktop\Workspace-22.0\Projects\Acme-Toolkits\target\classes\WEB-INF\views\fragments\footer-en.i18n] with encoding 'utf-8' 
2022-05-31 16:41:38.074 DEBUG [acme.framework.configuration.ExtendedMessageSource@http-nio-8080-exec-1] Loading properties [C:\Users\Rafa\Desktop\Workspace-22.0\Projects\Acme-Toolkits\target\classes\WEB-INF\views\fragments\license-en.i18n] with encoding 'utf-8' 
2022-05-31 16:41:38.075 DEBUG [acme.framework.configuration.ExtendedMessageSource@http-nio-8080-exec-1] Loading properties [C:\Users\Rafa\Desktop\Workspace-22.0\Projects\Acme-Toolkits\target\classes\WEB-INF\views\fragments\menu-en.i18n] with encoding 'utf-8' 
2022-05-31 16:41:38.077 DEBUG [acme.framework.configuration.ExtendedMessageSource@http-nio-8080-exec-1] Loading properties [C:\Users\Rafa\Desktop\Workspace-22.0\Projects\Acme-Toolkits\target\classes\WEB-INF\views\fragments\messsages-en.i18n] with encoding 'utf-8' 
2022-05-31 16:41:38.077 DEBUG [acme.framework.configuration.ExtendedMessageSource@http-nio-8080-exec-1] Loading properties [C:\Users\Rafa\Desktop\Workspace-22.0\Projects\Acme-Toolkits\target\classes\WEB-INF\views\fragments\title-en.i18n] with encoding 'utf-8' 
2022-05-31 16:41:38.079 DEBUG [acme.framework.configuration.ExtendedMessageSource@http-nio-8080-exec-1] Loading properties [C:\Users\Rafa\Desktop\Workspace-22.0\Projects\Acme-Toolkits\target\classes\WEB-INF\views\fragments\welcome-en.i18n] with encoding 'utf-8' 
2022-05-31 16:41:38.079 DEBUG [acme.framework.configuration.ExtendedMessageSource@http-nio-8080-exec-1] Loading properties [C:\Users\Rafa\Desktop\Workspace-22.0\Projects\Acme-Toolkits\target\classes\WEB-INF\views\inventor\chimpum\messages-en.i18n] with encoding 'utf-8' 
2022-05-31 16:41:38.080 DEBUG [acme.framework.configuration.ExtendedMessageSource@http-nio-8080-exec-1] Loading properties [C:\Users\Rafa\Desktop\Workspace-22.0\Projects\Acme-Toolkits\target\classes\WEB-INF\views\inventor\item\messages-en.i18n] with encoding 'utf-8' 
2022-05-31 16:41:38.081 DEBUG [acme.framework.configuration.ExtendedMessageSource@http-nio-8080-exec-1] Loading properties [C:\Users\Rafa\Desktop\Workspace-22.0\Projects\Acme-Toolkits\target\classes\WEB-INF\views\inventor\patronage\messages-en.i18n] with encoding 'utf-8' 
2022-05-31 16:41:38.082 DEBUG [acme.framework.configuration.ExtendedMessageSource@http-nio-8080-exec-1] Loading properties [C:\Users\Rafa\Desktop\Workspace-22.0\Projects\Acme-Toolkits\target\classes\WEB-INF\views\inventor\patronage-report\messages-en.i18n] with encoding 'utf-8' 
2022-05-31 16:41:38.084 DEBUG [acme.framework.configuration.ExtendedMessageSource@http-nio-8080-exec-1] Loading properties [C:\Users\Rafa\Desktop\Workspace-22.0\Projects\Acme-Toolkits\target\classes\WEB-INF\views\inventor\quantity\messages-en.i18n] with encoding 'utf-8' 
2022-05-31 16:41:38.084 DEBUG [acme.framework.configuration.ExtendedMessageSource@http-nio-8080-exec-1] Loading properties [C:\Users\Rafa\Desktop\Workspace-22.0\Projects\Acme-Toolkits\target\classes\WEB-INF\views\inventor\toolkit\messages-en.i18n] with encoding 'utf-8' 
2022-05-31 16:41:38.085 DEBUG [acme.framework.configuration.ExtendedMessageSource@http-nio-8080-exec-1] Loading properties [C:\Users\Rafa\Desktop\Workspace-22.0\Projects\Acme-Toolkits\target\classes\WEB-INF\views\master\defaults-en.i18n] with encoding 'utf-8' 
2022-05-31 16:41:38.087 DEBUG [acme.framework.configuration.ExtendedMessageSource@http-nio-8080-exec-1] Loading properties [C:\Users\Rafa\Desktop\Workspace-22.0\Projects\Acme-Toolkits\target\classes\WEB-INF\views\master\master-en.i18n] with encoding 'utf-8' 
2022-05-31 16:41:38.088 DEBUG [acme.framework.configuration.ExtendedMessageSource@http-nio-8080-exec-1] Loading properties [C:\Users\Rafa\Desktop\Workspace-22.0\Projects\Acme-Toolkits\target\classes\WEB-INF\views\master\throwables-en.i18n] with encoding 'utf-8' 
2022-05-31 16:41:38.089 DEBUG [acme.framework.configuration.ExtendedMessageSource@http-nio-8080-exec-1] Loading properties [C:\Users\Rafa\Desktop\Workspace-22.0\Projects\Acme-Toolkits\target\classes\WEB-INF\views\master\validation-en.i18n] with encoding 'utf-8' 
2022-05-31 16:41:38.090 DEBUG [acme.framework.configuration.ExtendedMessageSource@http-nio-8080-exec-1] Loading properties [C:\Users\Rafa\Desktop\Workspace-22.0\Projects\Acme-Toolkits\target\classes\WEB-INF\views\patron\patron-dashboard\messages-en.i18n] with encoding 'utf-8' 
2022-05-31 16:41:38.091 DEBUG [acme.framework.configuration.ExtendedMessageSource@http-nio-8080-exec-1] Loading properties [C:\Users\Rafa\Desktop\Workspace-22.0\Projects\Acme-Toolkits\target\classes\WEB-INF\views\patron\patronage\messages-en.i18n] with encoding 'utf-8' 
2022-05-31 16:41:38.093 DEBUG [acme.framework.configuration.ExtendedMessageSource@http-nio-8080-exec-1] Loading properties [C:\Users\Rafa\Desktop\Workspace-22.0\Projects\Acme-Toolkits\target\classes\WEB-INF\views\patron\patronage-report\messages-en.i18n] with encoding 'utf-8' 
2022-05-31 16:41:38.481 DEBUG [org.apache.jasper.servlet.JspServlet@http-nio-8080-exec-1] JspEngine --> /WEB-INF/views/fragments/welcome.jsp 
2022-05-31 16:41:38.482 DEBUG [org.apache.jasper.servlet.JspServlet@http-nio-8080-exec-1] ServletPath: /WEB-INF/views/master/page.jsp 
2022-05-31 16:41:38.482 DEBUG [org.apache.jasper.servlet.JspServlet@http-nio-8080-exec-1] PathInfo: null 
2022-05-31 16:41:38.485 DEBUG [org.apache.jasper.servlet.JspServlet@http-nio-8080-exec-1] RealPath: C:\Users\Rafa\Desktop\Workspace-22.0\Projects\Acme-Toolkits\target\classes\WEB-INF\views\fragments\welcome.jsp 
2022-05-31 16:41:38.486 DEBUG [org.apache.jasper.servlet.JspServlet@http-nio-8080-exec-1] RequestURI: /acme-toolkits-22.1/WEB-INF/views/master/page.jsp 
2022-05-31 16:41:38.486 DEBUG [org.apache.jasper.servlet.JspServlet@http-nio-8080-exec-1] QueryString: null 
2022-05-31 16:41:39.112 DEBUG [org.hibernate.SQL@http-nio-8080-exec-1] select useraccoun0_.id as id1_0_, useraccoun0_.version as version2_0_, useraccoun0_.enabled as enabled1_19_, useraccoun0_.identity as identity2_19_, useraccoun0_.password as password3_19_, useraccoun0_.username as username4_19_ from user_account useraccoun0_ where useraccoun0_.username=? 
2022-05-31 16:41:39.161 TRACE [org.hibernate.type.descriptor.sql.BasicBinder@http-nio-8080-exec-1] binding parameter [1] as [VARCHAR] - [anonymous] 
2022-05-31 16:41:39.260 DEBUG [org.hibernate.SQL@http-nio-8080-exec-1] select roles0_.user_account_id as user_acc1_20_0_, roles0_.id as id1_20_0_, roles0_.id as id1_0_1_, roles0_.version as version2_0_1_, roles0_.user_account_id as user_acc1_20_1_, roles0_.company as company1_8_1_, roles0_.sector as sector2_8_1_, roles0_.company as company1_9_1_, roles0_.info as info2_9_1_, roles0_.statement as statemen3_9_1_, roles0_.company as company1_12_1_, roles0_.info as info2_12_1_, roles0_.statement as statemen3_12_1_, roles0_.company as company1_15_1_, roles0_.sector as sector2_15_1_, roles0_.clazz_ as clazz_1_ from ( select id, version, user_account_id, company, sector, null as info, null as statement, 12 as clazz_ from consumer union all select id, version, user_account_id, company, null as sector, info, statement, 13 as clazz_ from inventor union all select id, version, user_account_id, company, null as sector, info, statement, 14 as clazz_ from patron union all select id, version, user_account_id, company, sector, null as info, null as statement, 15 as clazz_ from provider union all select id, version, user_account_id, null as company, null as sector, null as info, null as statement, 17 as clazz_ from administrator union all select id, version, user_account_id, null as company, null as sector, null as info, null as statement, 18 as clazz_ from anonymous union all select id, version, user_account_id, null as company, null as sector, null as info, null as statement, 19 as clazz_ from any union all select id, version, user_account_id, null as company, null as sector, null as info, null as statement, 20 as clazz_ from authenticated ) roles0_ where roles0_.user_account_id=? 
2022-05-31 16:41:39.262 TRACE [org.hibernate.type.descriptor.sql.BasicBinder@http-nio-8080-exec-1] binding parameter [1] as [INTEGER] - [1] 
2022-05-31 16:41:41.724 DEBUG [acme.framework.components.tiles.DynamicTilesView@http-nio-8080-exec-3] View name 'master/sign-in', model {username=, password=, remember=false} 
2022-05-31 16:41:41.725 DEBUG [org.apache.jasper.servlet.JspServlet@http-nio-8080-exec-3] JspEngine --> /WEB-INF/views/master/page.jsp 
2022-05-31 16:41:41.726 DEBUG [org.apache.jasper.servlet.JspServlet@http-nio-8080-exec-3] ServletPath: /WEB-INF/views/master/page.jsp 
2022-05-31 16:41:41.726 DEBUG [org.apache.jasper.servlet.JspServlet@http-nio-8080-exec-3] PathInfo: null 
2022-05-31 16:41:41.729 DEBUG [org.apache.jasper.servlet.JspServlet@http-nio-8080-exec-3] RealPath: C:\Users\Rafa\Desktop\Workspace-22.0\Projects\Acme-Toolkits\target\classes\WEB-INF\views\master\page.jsp 
2022-05-31 16:41:41.729 DEBUG [org.apache.jasper.servlet.JspServlet@http-nio-8080-exec-3] RequestURI: /acme-toolkits-22.1/WEB-INF/views/master/page.jsp 
2022-05-31 16:41:41.730 DEBUG [org.apache.jasper.servlet.JspServlet@http-nio-8080-exec-3] QueryString: null 
2022-05-31 16:41:42.044 DEBUG [org.apache.jasper.servlet.JspServlet@http-nio-8080-exec-3] JspEngine --> /WEB-INF/views/master/sign-in.jsp 
2022-05-31 16:41:42.045 DEBUG [org.apache.jasper.servlet.JspServlet@http-nio-8080-exec-3] ServletPath: /WEB-INF/views/master/page.jsp 
2022-05-31 16:41:42.045 DEBUG [org.apache.jasper.servlet.JspServlet@http-nio-8080-exec-3] PathInfo: null 
2022-05-31 16:41:42.047 DEBUG [org.apache.jasper.servlet.JspServlet@http-nio-8080-exec-3] RealPath: C:\Users\Rafa\Desktop\Workspace-22.0\Projects\Acme-Toolkits\target\classes\WEB-INF\views\master\sign-in.jsp 
2022-05-31 16:41:42.048 DEBUG [org.apache.jasper.servlet.JspServlet@http-nio-8080-exec-3] RequestURI: /acme-toolkits-22.1/WEB-INF/views/master/page.jsp 
2022-05-31 16:41:42.049 DEBUG [org.apache.jasper.servlet.JspServlet@http-nio-8080-exec-3] QueryString: null 
2022-05-31 16:41:44.950 DEBUG [org.hibernate.SQL@http-nio-8080-exec-3] select useraccoun0_.id as id1_0_, useraccoun0_.version as version2_0_, useraccoun0_.enabled as enabled1_19_, useraccoun0_.identity as identity2_19_, useraccoun0_.password as password3_19_, useraccoun0_.username as username4_19_ from user_account useraccoun0_ where useraccoun0_.username=? 
2022-05-31 16:41:44.951 TRACE [org.hibernate.type.descriptor.sql.BasicBinder@http-nio-8080-exec-3] binding parameter [1] as [VARCHAR] - [anonymous] 
2022-05-31 16:41:44.953 DEBUG [org.hibernate.SQL@http-nio-8080-exec-3] select roles0_.user_account_id as user_acc1_20_0_, roles0_.id as id1_20_0_, roles0_.id as id1_0_1_, roles0_.version as version2_0_1_, roles0_.user_account_id as user_acc1_20_1_, roles0_.company as company1_8_1_, roles0_.sector as sector2_8_1_, roles0_.company as company1_9_1_, roles0_.info as info2_9_1_, roles0_.statement as statemen3_9_1_, roles0_.company as company1_12_1_, roles0_.info as info2_12_1_, roles0_.statement as statemen3_12_1_, roles0_.company as company1_15_1_, roles0_.sector as sector2_15_1_, roles0_.clazz_ as clazz_1_ from ( select id, version, user_account_id, company, sector, null as info, null as statement, 12 as clazz_ from consumer union all select id, version, user_account_id, company, null as sector, info, statement, 13 as clazz_ from inventor union all select id, version, user_account_id, company, null as sector, info, statement, 14 as clazz_ from patron union all select id, version, user_account_id, company, sector, null as info, null as statement, 15 as clazz_ from provider union all select id, version, user_account_id, null as company, null as sector, null as info, null as statement, 17 as clazz_ from administrator union all select id, version, user_account_id, null as company, null as sector, null as info, null as statement, 18 as clazz_ from anonymous union all select id, version, user_account_id, null as company, null as sector, null as info, null as statement, 19 as clazz_ from any union all select id, version, user_account_id, null as company, null as sector, null as info, null as statement, 20 as clazz_ from authenticated ) roles0_ where roles0_.user_account_id=? 
2022-05-31 16:41:44.953 TRACE [org.hibernate.type.descriptor.sql.BasicBinder@http-nio-8080-exec-3] binding parameter [1] as [INTEGER] - [1] 
2022-05-31 16:41:48.669 DEBUG [org.hibernate.SQL@http-nio-8080-exec-10] select useraccoun0_.id as id1_0_, useraccoun0_.version as version2_0_, useraccoun0_.enabled as enabled1_19_, useraccoun0_.identity as identity2_19_, useraccoun0_.password as password3_19_, useraccoun0_.username as username4_19_ from user_account useraccoun0_ where useraccoun0_.username=? 
2022-05-31 16:41:48.670 TRACE [org.hibernate.type.descriptor.sql.BasicBinder@http-nio-8080-exec-10] binding parameter [1] as [VARCHAR] - [inventor1] 
2022-05-31 16:41:48.676 DEBUG [org.hibernate.SQL@http-nio-8080-exec-10] select roles0_.user_account_id as user_acc1_20_0_, roles0_.id as id1_20_0_, roles0_.id as id1_0_1_, roles0_.version as version2_0_1_, roles0_.user_account_id as user_acc1_20_1_, roles0_.company as company1_8_1_, roles0_.sector as sector2_8_1_, roles0_.company as company1_9_1_, roles0_.info as info2_9_1_, roles0_.statement as statemen3_9_1_, roles0_.company as company1_12_1_, roles0_.info as info2_12_1_, roles0_.statement as statemen3_12_1_, roles0_.company as company1_15_1_, roles0_.sector as sector2_15_1_, roles0_.clazz_ as clazz_1_ from ( select id, version, user_account_id, company, sector, null as info, null as statement, 12 as clazz_ from consumer union all select id, version, user_account_id, company, null as sector, info, statement, 13 as clazz_ from inventor union all select id, version, user_account_id, company, null as sector, info, statement, 14 as clazz_ from patron union all select id, version, user_account_id, company, sector, null as info, null as statement, 15 as clazz_ from provider union all select id, version, user_account_id, null as company, null as sector, null as info, null as statement, 17 as clazz_ from administrator union all select id, version, user_account_id, null as company, null as sector, null as info, null as statement, 18 as clazz_ from anonymous union all select id, version, user_account_id, null as company, null as sector, null as info, null as statement, 19 as clazz_ from any union all select id, version, user_account_id, null as company, null as sector, null as info, null as statement, 20 as clazz_ from authenticated ) roles0_ where roles0_.user_account_id=? 
2022-05-31 16:41:48.677 TRACE [org.hibernate.type.descriptor.sql.BasicBinder@http-nio-8080-exec-10] binding parameter [1] as [INTEGER] - [7] 
2022-05-31 16:41:48.722 DEBUG [acme.framework.components.tiles.DynamicTilesView@http-nio-8080-exec-3] View name 'fragments/welcome', model {} 
2022-05-31 16:41:48.724 DEBUG [org.apache.jasper.servlet.JspServlet@http-nio-8080-exec-3] JspEngine --> /WEB-INF/views/master/page.jsp 
2022-05-31 16:41:48.725 DEBUG [org.apache.jasper.servlet.JspServlet@http-nio-8080-exec-3] ServletPath: /WEB-INF/views/master/page.jsp 
2022-05-31 16:41:48.725 DEBUG [org.apache.jasper.servlet.JspServlet@http-nio-8080-exec-3] PathInfo: null 
2022-05-31 16:41:48.728 DEBUG [org.apache.jasper.servlet.JspServlet@http-nio-8080-exec-3] RealPath: C:\Users\Rafa\Desktop\Workspace-22.0\Projects\Acme-Toolkits\target\classes\WEB-INF\views\master\page.jsp 
2022-05-31 16:41:48.729 DEBUG [org.apache.jasper.servlet.JspServlet@http-nio-8080-exec-3] RequestURI: /acme-toolkits-22.1/WEB-INF/views/master/page.jsp 
2022-05-31 16:41:48.729 DEBUG [org.apache.jasper.servlet.JspServlet@http-nio-8080-exec-3] QueryString: null 
2022-05-31 16:41:49.168 DEBUG [org.apache.jasper.servlet.JspServlet@http-nio-8080-exec-3] JspEngine --> /WEB-INF/views/fragments/welcome.jsp 
2022-05-31 16:41:49.169 DEBUG [org.apache.jasper.servlet.JspServlet@http-nio-8080-exec-3] ServletPath: /WEB-INF/views/master/page.jsp 
2022-05-31 16:41:49.170 DEBUG [org.apache.jasper.servlet.JspServlet@http-nio-8080-exec-3] PathInfo: null 
2022-05-31 16:41:49.174 DEBUG [org.apache.jasper.servlet.JspServlet@http-nio-8080-exec-3] RealPath: C:\Users\Rafa\Desktop\Workspace-22.0\Projects\Acme-Toolkits\target\classes\WEB-INF\views\fragments\welcome.jsp 
2022-05-31 16:41:49.175 DEBUG [org.apache.jasper.servlet.JspServlet@http-nio-8080-exec-3] RequestURI: /acme-toolkits-22.1/WEB-INF/views/master/page.jsp 
2022-05-31 16:41:49.175 DEBUG [org.apache.jasper.servlet.JspServlet@http-nio-8080-exec-3] QueryString: null 
2022-05-31 16:41:52.525 DEBUG [acme.framework.controllers.AbstractController@http-nio-8080-exec-10] DISPATCHING GET /acme-toolkits-22.1/inventor/chimpum/list 
2022-05-31 16:41:52.525 DEBUG [acme.framework.controllers.AbstractController@http-nio-8080-exec-10] Command: list 
2022-05-31 16:41:52.526 DEBUG [acme.framework.controllers.AbstractController@http-nio-8080-exec-10] Model:   {} 
2022-05-31 16:41:52.526 DEBUG [acme.framework.controllers.AbstractController@http-nio-8080-exec-10] Locale:  en 
2022-05-31 16:41:52.526 DEBUG [acme.framework.controllers.AbstractController@http-nio-8080-exec-10] Starting transaction c2eac413-648e-498c-b1a2-c78085b9964d 
2022-05-31 16:41:52.545 DEBUG [org.hibernate.SQL@http-nio-8080-exec-10] select item0_.id as id1_0_, item0_.version as version2_0_, item0_.code as code1_10_, item0_.description as descript2_10_, item0_.info as info3_10_, item0_.inventor_id as invento10_10_, item0_.item_type as item_typ4_10_, item0_.name as name5_10_, item0_.published as publishe6_10_, item0_.retail_price_amount as retail_p7_10_, item0_.retail_price_currency as retail_p8_10_, item0_.technology as technolo9_10_ from item item0_ where item0_.inventor_id=? 
2022-05-31 16:41:52.546 TRACE [org.hibernate.type.descriptor.sql.BasicBinder@http-nio-8080-exec-10] binding parameter [1] as [INTEGER] - [12] 
2022-05-31 16:41:52.552 DEBUG [org.hibernate.SQL@http-nio-8080-exec-10] select inventor0_.id as id1_0_0_, inventor0_.version as version2_0_0_, inventor0_.user_account_id as user_acc1_20_0_, inventor0_.company as company1_9_0_, inventor0_.info as info2_9_0_, inventor0_.statement as statemen3_9_0_, useraccoun1_.id as id1_0_1_, useraccoun1_.version as version2_0_1_, useraccoun1_.enabled as enabled1_19_1_, useraccoun1_.identity as identity2_19_1_, useraccoun1_.password as password3_19_1_, useraccoun1_.username as username4_19_1_ from inventor inventor0_ inner join user_account useraccoun1_ on inventor0_.user_account_id=useraccoun1_.id where inventor0_.id=? 
2022-05-31 16:41:52.553 TRACE [org.hibernate.type.descriptor.sql.BasicBinder@http-nio-8080-exec-10] binding parameter [1] as [INTEGER] - [12] 
2022-05-31 16:41:52.604 DEBUG [org.hibernate.SQL@http-nio-8080-exec-10] select chimpum0_.id as id1_0_, chimpum0_.version as version2_0_, chimpum0_.budget_amount as budget_a1_6_, chimpum0_.budget_currency as budget_c2_6_, chimpum0_.code as code3_6_, chimpum0_.creation_moment as creation4_6_, chimpum0_.description as descript5_6_, chimpum0_.end_period as end_peri6_6_, chimpum0_.item_id as item_id10_6_, chimpum0_.link as link7_6_, chimpum0_.start_period as start_pe8_6_, chimpum0_.tittle as tittle9_6_ from chimpum chimpum0_ where chimpum0_.item_id=? 
2022-05-31 16:41:52.604 TRACE [org.hibernate.type.descriptor.sql.BasicBinder@http-nio-8080-exec-10] binding parameter [1] as [INTEGER] - [16] 
2022-05-31 16:41:52.608 DEBUG [org.hibernate.SQL@http-nio-8080-exec-10] select chimpum0_.id as id1_0_, chimpum0_.version as version2_0_, chimpum0_.budget_amount as budget_a1_6_, chimpum0_.budget_currency as budget_c2_6_, chimpum0_.code as code3_6_, chimpum0_.creation_moment as creation4_6_, chimpum0_.description as descript5_6_, chimpum0_.end_period as end_peri6_6_, chimpum0_.item_id as item_id10_6_, chimpum0_.link as link7_6_, chimpum0_.start_period as start_pe8_6_, chimpum0_.tittle as tittle9_6_ from chimpum chimpum0_ where chimpum0_.item_id=? 
2022-05-31 16:41:52.609 TRACE [org.hibernate.type.descriptor.sql.BasicBinder@http-nio-8080-exec-10] binding parameter [1] as [INTEGER] - [17] 
2022-05-31 16:41:52.613 DEBUG [org.hibernate.SQL@http-nio-8080-exec-10] select chimpum0_.id as id1_0_, chimpum0_.version as version2_0_, chimpum0_.budget_amount as budget_a1_6_, chimpum0_.budget_currency as budget_c2_6_, chimpum0_.code as code3_6_, chimpum0_.creation_moment as creation4_6_, chimpum0_.description as descript5_6_, chimpum0_.end_period as end_peri6_6_, chimpum0_.item_id as item_id10_6_, chimpum0_.link as link7_6_, chimpum0_.start_period as start_pe8_6_, chimpum0_.tittle as tittle9_6_ from chimpum chimpum0_ where chimpum0_.item_id=? 
2022-05-31 16:41:52.614 TRACE [org.hibernate.type.descriptor.sql.BasicBinder@http-nio-8080-exec-10] binding parameter [1] as [INTEGER] - [20] 
2022-05-31 16:41:52.617 DEBUG [org.hibernate.SQL@http-nio-8080-exec-10] select chimpum0_.id as id1_0_, chimpum0_.version as version2_0_, chimpum0_.budget_amount as budget_a1_6_, chimpum0_.budget_currency as budget_c2_6_, chimpum0_.code as code3_6_, chimpum0_.creation_moment as creation4_6_, chimpum0_.description as descript5_6_, chimpum0_.end_period as end_peri6_6_, chimpum0_.item_id as item_id10_6_, chimpum0_.link as link7_6_, chimpum0_.start_period as start_pe8_6_, chimpum0_.tittle as tittle9_6_ from chimpum chimpum0_ where chimpum0_.item_id=? 
2022-05-31 16:41:52.617 TRACE [org.hibernate.type.descriptor.sql.BasicBinder@http-nio-8080-exec-10] binding parameter [1] as [INTEGER] - [23] 
2022-05-31 16:41:52.628 DEBUG [org.hibernate.SQL@http-nio-8080-exec-10] select chimpum0_.id as id1_0_, chimpum0_.version as version2_0_, chimpum0_.budget_amount as budget_a1_6_, chimpum0_.budget_currency as budget_c2_6_, chimpum0_.code as code3_6_, chimpum0_.creation_moment as creation4_6_, chimpum0_.description as descript5_6_, chimpum0_.end_period as end_peri6_6_, chimpum0_.item_id as item_id10_6_, chimpum0_.link as link7_6_, chimpum0_.start_period as start_pe8_6_, chimpum0_.tittle as tittle9_6_ from chimpum chimpum0_ where chimpum0_.item_id=? 
2022-05-31 16:41:52.628 TRACE [org.hibernate.type.descriptor.sql.BasicBinder@http-nio-8080-exec-10] binding parameter [1] as [INTEGER] - [24] 
2022-05-31 16:41:52.632 DEBUG [org.hibernate.SQL@http-nio-8080-exec-10] select chimpum0_.id as id1_0_, chimpum0_.version as version2_0_, chimpum0_.budget_amount as budget_a1_6_, chimpum0_.budget_currency as budget_c2_6_, chimpum0_.code as code3_6_, chimpum0_.creation_moment as creation4_6_, chimpum0_.description as descript5_6_, chimpum0_.end_period as end_peri6_6_, chimpum0_.item_id as item_id10_6_, chimpum0_.link as link7_6_, chimpum0_.start_period as start_pe8_6_, chimpum0_.tittle as tittle9_6_ from chimpum chimpum0_ where chimpum0_.item_id=? 
2022-05-31 16:41:52.633 TRACE [org.hibernate.type.descriptor.sql.BasicBinder@http-nio-8080-exec-10] binding parameter [1] as [INTEGER] - [25] 
2022-05-31 16:41:52.637 DEBUG [org.hibernate.SQL@http-nio-8080-exec-10] select chimpum0_.id as id1_0_, chimpum0_.version as version2_0_, chimpum0_.budget_amount as budget_a1_6_, chimpum0_.budget_currency as budget_c2_6_, chimpum0_.code as code3_6_, chimpum0_.creation_moment as creation4_6_, chimpum0_.description as descript5_6_, chimpum0_.end_period as end_peri6_6_, chimpum0_.item_id as item_id10_6_, chimpum0_.link as link7_6_, chimpum0_.start_period as start_pe8_6_, chimpum0_.tittle as tittle9_6_ from chimpum chimpum0_ where chimpum0_.item_id=? 
2022-05-31 16:41:52.638 TRACE [org.hibernate.type.descriptor.sql.BasicBinder@http-nio-8080-exec-10] binding parameter [1] as [INTEGER] - [26] 
2022-05-31 16:41:52.641 DEBUG [org.hibernate.SQL@http-nio-8080-exec-10] select chimpum0_.id as id1_0_, chimpum0_.version as version2_0_, chimpum0_.budget_amount as budget_a1_6_, chimpum0_.budget_currency as budget_c2_6_, chimpum0_.code as code3_6_, chimpum0_.creation_moment as creation4_6_, chimpum0_.description as descript5_6_, chimpum0_.end_period as end_peri6_6_, chimpum0_.item_id as item_id10_6_, chimpum0_.link as link7_6_, chimpum0_.start_period as start_pe8_6_, chimpum0_.tittle as tittle9_6_ from chimpum chimpum0_ where chimpum0_.item_id=? 
2022-05-31 16:41:52.641 TRACE [org.hibernate.type.descriptor.sql.BasicBinder@http-nio-8080-exec-10] binding parameter [1] as [INTEGER] - [28] 
2022-05-31 16:41:52.644 DEBUG [org.hibernate.SQL@http-nio-8080-exec-10] select chimpum0_.id as id1_0_, chimpum0_.version as version2_0_, chimpum0_.budget_amount as budget_a1_6_, chimpum0_.budget_currency as budget_c2_6_, chimpum0_.code as code3_6_, chimpum0_.creation_moment as creation4_6_, chimpum0_.description as descript5_6_, chimpum0_.end_period as end_peri6_6_, chimpum0_.item_id as item_id10_6_, chimpum0_.link as link7_6_, chimpum0_.start_period as start_pe8_6_, chimpum0_.tittle as tittle9_6_ from chimpum chimpum0_ where chimpum0_.item_id=? 
2022-05-31 16:41:52.644 TRACE [org.hibernate.type.descriptor.sql.BasicBinder@http-nio-8080-exec-10] binding parameter [1] as [INTEGER] - [30] 
2022-05-31 16:41:52.647 DEBUG [org.hibernate.SQL@http-nio-8080-exec-10] select chimpum0_.id as id1_0_, chimpum0_.version as version2_0_, chimpum0_.budget_amount as budget_a1_6_, chimpum0_.budget_currency as budget_c2_6_, chimpum0_.code as code3_6_, chimpum0_.creation_moment as creation4_6_, chimpum0_.description as descript5_6_, chimpum0_.end_period as end_peri6_6_, chimpum0_.item_id as item_id10_6_, chimpum0_.link as link7_6_, chimpum0_.start_period as start_pe8_6_, chimpum0_.tittle as tittle9_6_ from chimpum chimpum0_ where chimpum0_.item_id=? 
2022-05-31 16:41:52.648 TRACE [org.hibernate.type.descriptor.sql.BasicBinder@http-nio-8080-exec-10] binding parameter [1] as [INTEGER] - [33] 
2022-05-31 16:41:52.651 DEBUG [org.hibernate.SQL@http-nio-8080-exec-10] select chimpum0_.id as id1_0_, chimpum0_.version as version2_0_, chimpum0_.budget_amount as budget_a1_6_, chimpum0_.budget_currency as budget_c2_6_, chimpum0_.code as code3_6_, chimpum0_.creation_moment as creation4_6_, chimpum0_.description as descript5_6_, chimpum0_.end_period as end_peri6_6_, chimpum0_.item_id as item_id10_6_, chimpum0_.link as link7_6_, chimpum0_.start_period as start_pe8_6_, chimpum0_.tittle as tittle9_6_ from chimpum chimpum0_ where chimpum0_.item_id=? 
2022-05-31 16:41:52.652 TRACE [org.hibernate.type.descriptor.sql.BasicBinder@http-nio-8080-exec-10] binding parameter [1] as [INTEGER] - [35] 
2022-05-31 16:41:52.655 DEBUG [org.hibernate.SQL@http-nio-8080-exec-10] select chimpum0_.id as id1_0_, chimpum0_.version as version2_0_, chimpum0_.budget_amount as budget_a1_6_, chimpum0_.budget_currency as budget_c2_6_, chimpum0_.code as code3_6_, chimpum0_.creation_moment as creation4_6_, chimpum0_.description as descript5_6_, chimpum0_.end_period as end_peri6_6_, chimpum0_.item_id as item_id10_6_, chimpum0_.link as link7_6_, chimpum0_.start_period as start_pe8_6_, chimpum0_.tittle as tittle9_6_ from chimpum chimpum0_ where chimpum0_.item_id=? 
2022-05-31 16:41:52.655 TRACE [org.hibernate.type.descriptor.sql.BasicBinder@http-nio-8080-exec-10] binding parameter [1] as [INTEGER] - [37] 
2022-05-31 16:41:52.658 DEBUG [org.hibernate.SQL@http-nio-8080-exec-10] select chimpum0_.id as id1_0_, chimpum0_.version as version2_0_, chimpum0_.budget_amount as budget_a1_6_, chimpum0_.budget_currency as budget_c2_6_, chimpum0_.code as code3_6_, chimpum0_.creation_moment as creation4_6_, chimpum0_.description as descript5_6_, chimpum0_.end_period as end_peri6_6_, chimpum0_.item_id as item_id10_6_, chimpum0_.link as link7_6_, chimpum0_.start_period as start_pe8_6_, chimpum0_.tittle as tittle9_6_ from chimpum chimpum0_ where chimpum0_.item_id=? 
2022-05-31 16:41:52.659 TRACE [org.hibernate.type.descriptor.sql.BasicBinder@http-nio-8080-exec-10] binding parameter [1] as [INTEGER] - [39] 
2022-05-31 16:41:52.661 DEBUG [org.hibernate.SQL@http-nio-8080-exec-10] select chimpum0_.id as id1_0_, chimpum0_.version as version2_0_, chimpum0_.budget_amount as budget_a1_6_, chimpum0_.budget_currency as budget_c2_6_, chimpum0_.code as code3_6_, chimpum0_.creation_moment as creation4_6_, chimpum0_.description as descript5_6_, chimpum0_.end_period as end_peri6_6_, chimpum0_.item_id as item_id10_6_, chimpum0_.link as link7_6_, chimpum0_.start_period as start_pe8_6_, chimpum0_.tittle as tittle9_6_ from chimpum chimpum0_ where chimpum0_.item_id=? 
2022-05-31 16:41:52.662 TRACE [org.hibernate.type.descriptor.sql.BasicBinder@http-nio-8080-exec-10] binding parameter [1] as [INTEGER] - [40] 
2022-05-31 16:41:52.696 DEBUG [acme.framework.controllers.AbstractController@http-nio-8080-exec-10] Committing transaction c2eac413-648e-498c-b1a2-c78085b9964d 
2022-05-31 16:41:52.698 DEBUG [acme.framework.controllers.AbstractController@http-nio-8080-exec-10] Starting transaction 6efa6448-eaa2-45a9-a760-d7d19cb8426b 
2022-05-31 16:41:52.699 DEBUG [acme.framework.controllers.AbstractController@http-nio-8080-exec-10] Committing transaction 6efa6448-eaa2-45a9-a760-d7d19cb8426b 
2022-05-31 16:41:52.699 DEBUG [acme.framework.controllers.AbstractController@http-nio-8080-exec-10] SERVING GET /acme-toolkits-22.1/inventor/chimpum/list 
2022-05-31 16:41:52.702 DEBUG [acme.framework.controllers.AbstractController@http-nio-8080-exec-10] Result: ModelAndView [view="inventor/chimpum/list"; model={version[2]=0, version[1]=0, item.code[2]=FRC-125, item.code[1]=ABC-124-C, list$size=3, budget[0]=<<EUR 500.75>>, budget[1]=<<USD 1000.00>>, budget[2]=<<USD 2000.00>>, item.code[0]=ABC-123, creationMoment[2]=2022-05-27 21:51:00.0, code[0]=22/05/25, version[0]=0, creationMoment[1]=2022-05-26 21:51:00.0, creationMoment[0]=2022-05-25 21:51:00.0, tittle[0]=BChimpum tittle 2: Lorem ipsum dolor sit amet cnsectetur adipiscing elit sed do eiusmod tempor incid, code[1]=22/05/26, id[1]=45, tittle[1]=CChimpum tittle 3., code[2]=22/05/27, id[0]=44, tittle[2]=DChimpum tittle 4., id[2]=46, command=list, principal=acme.framework.entities.Principal@7cd074e9}] 
2022-05-31 16:41:52.714 DEBUG [acme.framework.components.tiles.DynamicTilesView@http-nio-8080-exec-10] View name 'inventor/chimpum/list', model {version[2]=0, version[1]=0, item.code[2]=FRC-125, item.code[1]=ABC-124-C, list$size=3, budget[0]=<<EUR 500.75>>, budget[1]=<<USD 1000.00>>, budget[2]=<<USD 2000.00>>, item.code[0]=ABC-123, creationMoment[2]=2022-05-27 21:51:00.0, code[0]=22/05/25, version[0]=0, creationMoment[1]=2022-05-26 21:51:00.0, creationMoment[0]=2022-05-25 21:51:00.0, tittle[0]=BChimpum tittle 2: Lorem ipsum dolor sit amet cnsectetur adipiscing elit sed do eiusmod tempor incid, code[1]=22/05/26, id[1]=45, tittle[1]=CChimpum tittle 3., code[2]=22/05/27, id[0]=44, tittle[2]=DChimpum tittle 4., id[2]=46, command=list, principal=acme.framework.entities.Principal@7cd074e9, org.springframework.validation.BindingResult.budget[0]=org.springframework.validation.BeanPropertyBindingResult: 0 errors, org.springframework.validation.BindingResult.budget[1]=org.springframework.validation.BeanPropertyBindingResult: 0 errors, org.springframework.validation.BindingResult.budget[2]=org.springframework.validation.BeanPropertyBindingResult: 0 errors, org.springframework.validation.BindingResult.principal=org.springframework.validation.BeanPropertyBindingResult: 0 errors} 
2022-05-31 16:41:52.716 DEBUG [org.apache.jasper.servlet.JspServlet@http-nio-8080-exec-10] JspEngine --> /WEB-INF/views/master/page.jsp 
2022-05-31 16:41:52.717 DEBUG [org.apache.jasper.servlet.JspServlet@http-nio-8080-exec-10] ServletPath: /WEB-INF/views/master/page.jsp 
2022-05-31 16:41:52.717 DEBUG [org.apache.jasper.servlet.JspServlet@http-nio-8080-exec-10] PathInfo: null 
2022-05-31 16:41:52.718 DEBUG [org.apache.jasper.servlet.JspServlet@http-nio-8080-exec-10] RealPath: C:\Users\Rafa\Desktop\Workspace-22.0\Projects\Acme-Toolkits\target\classes\WEB-INF\views\master\page.jsp 
2022-05-31 16:41:52.718 DEBUG [org.apache.jasper.servlet.JspServlet@http-nio-8080-exec-10] RequestURI: /acme-toolkits-22.1/WEB-INF/views/master/page.jsp 
2022-05-31 16:41:52.719 DEBUG [org.apache.jasper.servlet.JspServlet@http-nio-8080-exec-10] QueryString: null 
2022-05-31 16:41:53.092 DEBUG [org.apache.jasper.servlet.JspServlet@http-nio-8080-exec-10] JspEngine --> /WEB-INF/views/inventor/chimpum/list.jsp 
2022-05-31 16:41:53.093 DEBUG [org.apache.jasper.servlet.JspServlet@http-nio-8080-exec-10] ServletPath: /WEB-INF/views/master/page.jsp 
2022-05-31 16:41:53.094 DEBUG [org.apache.jasper.servlet.JspServlet@http-nio-8080-exec-10] PathInfo: null 
2022-05-31 16:41:53.098 DEBUG [org.apache.jasper.servlet.JspServlet@http-nio-8080-exec-10] RealPath: C:\Users\Rafa\Desktop\Workspace-22.0\Projects\Acme-Toolkits\target\classes\WEB-INF\views\inventor\chimpum\list.jsp 
2022-05-31 16:41:53.098 DEBUG [org.apache.jasper.servlet.JspServlet@http-nio-8080-exec-10] RequestURI: /acme-toolkits-22.1/WEB-INF/views/master/page.jsp 
2022-05-31 16:41:53.099 DEBUG [org.apache.jasper.servlet.JspServlet@http-nio-8080-exec-10] QueryString: null 
2022-05-31 16:47:59.533 DEBUG [acme.framework.controllers.AbstractController@http-nio-8080-exec-3] DISPATCHING GET /acme-toolkits-22.1/inventor/chimpum/show 
2022-05-31 16:47:59.533 DEBUG [acme.framework.controllers.AbstractController@http-nio-8080-exec-3] Command: show 
2022-05-31 16:47:59.533 DEBUG [acme.framework.controllers.AbstractController@http-nio-8080-exec-3] Model:   {id=44} 
2022-05-31 16:47:59.533 DEBUG [acme.framework.controllers.AbstractController@http-nio-8080-exec-3] Locale:  en 
2022-05-31 16:47:59.533 DEBUG [acme.framework.controllers.AbstractController@http-nio-8080-exec-3] Starting transaction b54fc6f4-cb48-40f1-a33a-57197c611013 
2022-05-31 16:47:59.539 DEBUG [org.hibernate.SQL@http-nio-8080-exec-3] select chimpum0_.id as id1_0_, chimpum0_.version as version2_0_, chimpum0_.budget_amount as budget_a1_6_, chimpum0_.budget_currency as budget_c2_6_, chimpum0_.code as code3_6_, chimpum0_.creation_moment as creation4_6_, chimpum0_.description as descript5_6_, chimpum0_.end_period as end_peri6_6_, chimpum0_.item_id as item_id10_6_, chimpum0_.link as link7_6_, chimpum0_.start_period as start_pe8_6_, chimpum0_.tittle as tittle9_6_ from chimpum chimpum0_ where chimpum0_.id=? 
2022-05-31 16:47:59.540 TRACE [org.hibernate.type.descriptor.sql.BasicBinder@http-nio-8080-exec-3] binding parameter [1] as [INTEGER] - [44] 
2022-05-31 16:47:59.542 DEBUG [org.hibernate.SQL@http-nio-8080-exec-3] select item0_.id as id1_0_0_, item0_.version as version2_0_0_, item0_.code as code1_10_0_, item0_.description as descript2_10_0_, item0_.info as info3_10_0_, item0_.inventor_id as invento10_10_0_, item0_.item_type as item_typ4_10_0_, item0_.name as name5_10_0_, item0_.published as publishe6_10_0_, item0_.retail_price_amount as retail_p7_10_0_, item0_.retail_price_currency as retail_p8_10_0_, item0_.technology as technolo9_10_0_, inventor1_.id as id1_0_1_, inventor1_.version as version2_0_1_, inventor1_.user_account_id as user_acc1_20_1_, inventor1_.company as company1_9_1_, inventor1_.info as info2_9_1_, inventor1_.statement as statemen3_9_1_, useraccoun2_.id as id1_0_2_, useraccoun2_.version as version2_0_2_, useraccoun2_.enabled as enabled1_19_2_, useraccoun2_.identity as identity2_19_2_, useraccoun2_.password as password3_19_2_, useraccoun2_.username as username4_19_2_ from item item0_ inner join inventor inventor1_ on item0_.inventor_id=inventor1_.id inner join user_account useraccoun2_ on inventor1_.user_account_id=useraccoun2_.id where item0_.id=? 
2022-05-31 16:47:59.543 TRACE [org.hibernate.type.descriptor.sql.BasicBinder@http-nio-8080-exec-3] binding parameter [1] as [INTEGER] - [24] 
2022-05-31 16:47:59.549 DEBUG [acme.framework.controllers.AbstractController@http-nio-8080-exec-3] Rolling transaction b54fc6f4-cb48-40f1-a33a-57197c611013 back 
2022-05-31 16:47:59.553 DEBUG [acme.framework.controllers.AbstractController@http-nio-8080-exec-3] Starting transaction 322e2e13-142d-4cdd-99ae-be95b5cca73f 
2022-05-31 16:47:59.554 DEBUG [acme.framework.controllers.AbstractController@http-nio-8080-exec-3] Committing transaction 322e2e13-142d-4cdd-99ae-be95b5cca73f 
2022-05-31 16:47:59.555 DEBUG [acme.framework.controllers.AbstractController@http-nio-8080-exec-3] SERVING GET /acme-toolkits-22.1/inventor/chimpum/show 
2022-05-31 16:47:59.555 DEBUG [acme.framework.controllers.AbstractController@http-nio-8080-exec-3] Result: ModelAndView [view="master/panic"; model={oops=java.lang.IllegalStateException: Access is not authorised}] 
2022-05-31 16:47:59.555 DEBUG [acme.framework.components.tiles.DynamicTilesView@http-nio-8080-exec-3] View name 'master/panic', model {oops=java.lang.IllegalStateException: Access is not authorised, org.springframework.validation.BindingResult.oops=org.springframework.validation.BeanPropertyBindingResult: 0 errors} 
2022-05-31 16:47:59.557 DEBUG [org.apache.jasper.servlet.JspServlet@http-nio-8080-exec-3] JspEngine --> /WEB-INF/views/master/page.jsp 
2022-05-31 16:47:59.558 DEBUG [org.apache.jasper.servlet.JspServlet@http-nio-8080-exec-3] ServletPath: /WEB-INF/views/master/page.jsp 
2022-05-31 16:47:59.559 DEBUG [org.apache.jasper.servlet.JspServlet@http-nio-8080-exec-3] PathInfo: null 
2022-05-31 16:47:59.561 DEBUG [org.apache.jasper.servlet.JspServlet@http-nio-8080-exec-3] RealPath: C:\Users\Rafa\Desktop\Workspace-22.0\Projects\Acme-Toolkits\target\classes\WEB-INF\views\master\page.jsp 
2022-05-31 16:47:59.561 DEBUG [org.apache.jasper.servlet.JspServlet@http-nio-8080-exec-3] RequestURI: /acme-toolkits-22.1/WEB-INF/views/master/page.jsp 
2022-05-31 16:47:59.562 DEBUG [org.apache.jasper.servlet.JspServlet@http-nio-8080-exec-3] QueryString: id=44 
2022-05-31 16:47:59.974 DEBUG [org.apache.jasper.servlet.JspServlet@http-nio-8080-exec-3] JspEngine --> /WEB-INF/views/master/panic.jsp 
2022-05-31 16:47:59.974 DEBUG [org.apache.jasper.servlet.JspServlet@http-nio-8080-exec-3] ServletPath: /WEB-INF/views/master/page.jsp 
2022-05-31 16:47:59.975 DEBUG [org.apache.jasper.servlet.JspServlet@http-nio-8080-exec-3] PathInfo: null 
2022-05-31 16:47:59.976 DEBUG [org.apache.jasper.servlet.JspServlet@http-nio-8080-exec-3] RealPath: C:\Users\Rafa\Desktop\Workspace-22.0\Projects\Acme-Toolkits\target\classes\WEB-INF\views\master\panic.jsp 
2022-05-31 16:47:59.976 DEBUG [org.apache.jasper.servlet.JspServlet@http-nio-8080-exec-3] RequestURI: /acme-toolkits-22.1/WEB-INF/views/master/page.jsp 
2022-05-31 16:47:59.976 DEBUG [org.apache.jasper.servlet.JspServlet@http-nio-8080-exec-3] QueryString: id=44 
2022-05-31 16:48:00.353 ERROR [org.apache.jsp.WEB_002dINF.views.master.panic_jsp@http-nio-8080-exec-3] HTTP GET /acme-toolkits-22.1/WEB-INF/views/master/page.jsp HTTP/1.1 
2022-05-31 16:48:00.354 ERROR [org.apache.jsp.WEB_002dINF.views.master.panic_jsp@http-nio-8080-exec-3] Status: 500 
2022-05-31 16:48:00.355 ERROR [org.apache.jsp.WEB_002dINF.views.master.panic_jsp@http-nio-8080-exec-3] Exception: acme.framework.helpers.Assert.state(Assert.java:45): Access is not authorised 
