2022-05-31 11:49:56.053 INFO  [acme.Launcher@main] Starting Launcher using Java 1.8.0_281 on DESKTOP-2L7VUVO with PID 8276 (C:\Users\Rafa\Desktop\Workspace-22.0\Frameworks\Acme-Framework-22.7\target\classes started by Rafa in C:\Users\Rafa\Desktop\Workspace-22.0\Projects\Acme-Toolkits) 
2022-05-31 11:49:56.055 DEBUG [acme.Launcher@main] Running with Spring Boot v2.4.2, Spring v5.3.3 
2022-05-31 11:49:56.059 INFO  [acme.Launcher@main] The following profiles are active: development,default 
2022-05-31 11:49:59.984 DEBUG [org.apache.jasper.servlet.JasperInitializer@main] Initializing Jasper for context [application] 
2022-05-31 11:50:06.858 DEBUG [org.apache.jasper.servlet.JspServlet@main] Scratch dir for the JSP engine is: [C:\Users\Rafa\AppData\Local\Temp\tomcat.8080.993388407668729266\work\Tomcat\localhost\acme-toolkits-22.1] 
2022-05-31 11:50:06.859 DEBUG [org.apache.jasper.servlet.JspServlet@main] IMPORTANT: Do not modify the generated servlets 
2022-05-31 11:50:06.877 INFO  [acme.Launcher@main] Started Launcher in 11.977 seconds (JVM running for 12.998) 
2022-05-31 11:50:06.887 DEBUG [acme.Launcher@main] Found classpath entry '/C:/Users/Rafa/Desktop/Workspace-22.0/Projects/Acme-Toolkits/target/test-classes/' 
2022-05-31 11:50:06.889 DEBUG [acme.Launcher@main] Found classpath entry '/C:/Users/Rafa/Desktop/Workspace-22.0/Projects/Acme-Toolkits/target/classes/' 
2022-05-31 11:50:06.890 DEBUG [acme.Launcher@main] Found classpath entry '/C:/Users/Rafa/Desktop/Workspace-22.0/Projects/Acme-Toolkits/library/spamDetector.jar' 
2022-05-31 11:50:06.890 DEBUG [acme.Launcher@main] Found classpath entry '/C:/Users/Rafa/Desktop/Workspace-22.0/Frameworks/Acme-Framework-22.7/target/classes/' 
2022-05-31 11:50:06.891 DEBUG [acme.Launcher@main] Found classpath entry '/C:/Users/Rafa/Desktop/Workspace-22.0/Frameworks/Acme-Framework-22.7/target/test-classes/' 
2022-05-31 11:50:06.891 DEBUG [acme.Launcher@main] Found classpath entry '/C:/Users/Rafa/.m2/repository/org/springframework/boot/spring-boot-starter-tomcat/2.4.2/spring-boot-starter-tomcat-2.4.2.jar' 
2022-05-31 11:50:06.891 DEBUG [acme.Launcher@main] Found classpath entry '/C:/Users/Rafa/.m2/repository/jakarta/annotation/jakarta.annotation-api/1.3.5/jakarta.annotation-api-1.3.5.jar' 
2022-05-31 11:50:06.891 DEBUG [acme.Launcher@main] Found classpath entry '/C:/Users/Rafa/.m2/repository/org/apache/tomcat/embed/tomcat-embed-core/9.0.41/tomcat-embed-core-9.0.41.jar' 
2022-05-31 11:50:06.891 DEBUG [acme.Launcher@main] Found classpath entry '/C:/Users/Rafa/.m2/repository/org/glassfish/jakarta.el/3.0.3/jakarta.el-3.0.3.jar' 
2022-05-31 11:50:06.891 DEBUG [acme.Launcher@main] Found classpath entry '/C:/Users/Rafa/.m2/repository/org/apache/tomcat/embed/tomcat-embed-websocket/9.0.41/tomcat-embed-websocket-9.0.41.jar' 
2022-05-31 11:50:06.892 DEBUG [acme.Launcher@main] Found classpath entry '/C:/Users/Rafa/.m2/repository/org/apache/tomcat/embed/tomcat-embed-jasper/9.0.41/tomcat-embed-jasper-9.0.41.jar' 
2022-05-31 11:50:06.892 DEBUG [acme.Launcher@main] Found classpath entry '/C:/Users/Rafa/.m2/repository/org/apache/tomcat/embed/tomcat-embed-el/9.0.41/tomcat-embed-el-9.0.41.jar' 
2022-05-31 11:50:06.892 DEBUG [acme.Launcher@main] Found classpath entry '/C:/Users/Rafa/.m2/repository/org/eclipse/jdt/ecj/3.18.0/ecj-3.18.0.jar' 
2022-05-31 11:50:06.893 DEBUG [acme.Launcher@main] Found classpath entry '/C:/Users/Rafa/.m2/repository/javax/servlet/jstl/1.2/jstl-1.2.jar' 
2022-05-31 11:50:06.893 DEBUG [acme.Launcher@main] Found classpath entry '/C:/Users/Rafa/.m2/repository/org/springframework/boot/spring-boot-starter-security/2.4.2/spring-boot-starter-security-2.4.2.jar' 
2022-05-31 11:50:06.893 DEBUG [acme.Launcher@main] Found classpath entry '/C:/Users/Rafa/.m2/repository/org/springframework/boot/spring-boot-starter/2.4.2/spring-boot-starter-2.4.2.jar' 
2022-05-31 11:50:06.893 DEBUG [acme.Launcher@main] Found classpath entry '/C:/Users/Rafa/.m2/repository/org/springframework/boot/spring-boot/2.4.2/spring-boot-2.4.2.jar' 
2022-05-31 11:50:06.894 DEBUG [acme.Launcher@main] Found classpath entry '/C:/Users/Rafa/.m2/repository/org/springframework/boot/spring-boot-autoconfigure/2.4.2/spring-boot-autoconfigure-2.4.2.jar' 
2022-05-31 11:50:06.894 DEBUG [acme.Launcher@main] Found classpath entry '/C:/Users/Rafa/.m2/repository/org/springframework/boot/spring-boot-starter-logging/2.4.2/spring-boot-starter-logging-2.4.2.jar' 
2022-05-31 11:50:06.894 DEBUG [acme.Launcher@main] Found classpath entry '/C:/Users/Rafa/.m2/repository/ch/qos/logback/logback-classic/1.2.3/logback-classic-1.2.3.jar' 
2022-05-31 11:50:06.894 DEBUG [acme.Launcher@main] Found classpath entry '/C:/Users/Rafa/.m2/repository/ch/qos/logback/logback-core/1.2.3/logback-core-1.2.3.jar' 
2022-05-31 11:50:06.894 DEBUG [acme.Launcher@main] Found classpath entry '/C:/Users/Rafa/.m2/repository/org/apache/logging/log4j/log4j-to-slf4j/2.13.3/log4j-to-slf4j-2.13.3.jar' 
2022-05-31 11:50:06.895 DEBUG [acme.Launcher@main] Found classpath entry '/C:/Users/Rafa/.m2/repository/org/apache/logging/log4j/log4j-api/2.13.3/log4j-api-2.13.3.jar' 
2022-05-31 11:50:06.895 DEBUG [acme.Launcher@main] Found classpath entry '/C:/Users/Rafa/.m2/repository/org/slf4j/jul-to-slf4j/1.7.30/jul-to-slf4j-1.7.30.jar' 
2022-05-31 11:50:06.896 DEBUG [acme.Launcher@main] Found classpath entry '/C:/Users/Rafa/.m2/repository/org/yaml/snakeyaml/1.27/snakeyaml-1.27.jar' 
2022-05-31 11:50:06.896 DEBUG [acme.Launcher@main] Found classpath entry '/C:/Users/Rafa/.m2/repository/org/springframework/spring-aop/5.3.3/spring-aop-5.3.3.jar' 
2022-05-31 11:50:06.897 DEBUG [acme.Launcher@main] Found classpath entry '/C:/Users/Rafa/.m2/repository/org/springframework/security/spring-security-web/5.4.2/spring-security-web-5.4.2.jar' 
2022-05-31 11:50:06.897 DEBUG [acme.Launcher@main] Found classpath entry '/C:/Users/Rafa/.m2/repository/org/springframework/security/spring-security-core/5.4.2/spring-security-core-5.4.2.jar' 
2022-05-31 11:50:06.897 DEBUG [acme.Launcher@main] Found classpath entry '/C:/Users/Rafa/.m2/repository/org/springframework/spring-beans/5.3.3/spring-beans-5.3.3.jar' 
2022-05-31 11:50:06.897 DEBUG [acme.Launcher@main] Found classpath entry '/C:/Users/Rafa/.m2/repository/org/springframework/spring-context/5.3.3/spring-context-5.3.3.jar' 
2022-05-31 11:50:06.897 DEBUG [acme.Launcher@main] Found classpath entry '/C:/Users/Rafa/.m2/repository/org/springframework/spring-core/5.3.3/spring-core-5.3.3.jar' 
2022-05-31 11:50:06.897 DEBUG [acme.Launcher@main] Found classpath entry '/C:/Users/Rafa/.m2/repository/org/springframework/spring-jcl/5.3.3/spring-jcl-5.3.3.jar' 
2022-05-31 11:50:06.897 DEBUG [acme.Launcher@main] Found classpath entry '/C:/Users/Rafa/.m2/repository/org/springframework/spring-expression/5.3.3/spring-expression-5.3.3.jar' 
2022-05-31 11:50:06.897 DEBUG [acme.Launcher@main] Found classpath entry '/C:/Users/Rafa/.m2/repository/org/springframework/spring-web/5.3.3/spring-web-5.3.3.jar' 
2022-05-31 11:50:06.898 DEBUG [acme.Launcher@main] Found classpath entry '/C:/Users/Rafa/.m2/repository/org/springframework/security/spring-security-config/5.4.2/spring-security-config-5.4.2.jar' 
2022-05-31 11:50:06.898 DEBUG [acme.Launcher@main] Found classpath entry '/C:/Users/Rafa/.m2/repository/org/springframework/security/spring-security-taglibs/5.4.2/spring-security-taglibs-5.4.2.jar' 
2022-05-31 11:50:06.900 DEBUG [acme.Launcher@main] Found classpath entry '/C:/Users/Rafa/.m2/repository/org/springframework/security/spring-security-acl/5.4.2/spring-security-acl-5.4.2.jar' 
2022-05-31 11:50:06.901 DEBUG [acme.Launcher@main] Found classpath entry '/C:/Users/Rafa/.m2/repository/org/springframework/spring-jdbc/5.3.3/spring-jdbc-5.3.3.jar' 
2022-05-31 11:50:06.901 DEBUG [acme.Launcher@main] Found classpath entry '/C:/Users/Rafa/.m2/repository/org/springframework/spring-tx/5.3.3/spring-tx-5.3.3.jar' 
2022-05-31 11:50:06.901 DEBUG [acme.Launcher@main] Found classpath entry '/C:/Users/Rafa/.m2/repository/org/springframework/boot/spring-boot-starter-web/2.4.2/spring-boot-starter-web-2.4.2.jar' 
2022-05-31 11:50:06.902 DEBUG [acme.Launcher@main] Found classpath entry '/C:/Users/Rafa/.m2/repository/org/springframework/boot/spring-boot-starter-json/2.4.2/spring-boot-starter-json-2.4.2.jar' 
2022-05-31 11:50:06.902 DEBUG [acme.Launcher@main] Found classpath entry '/C:/Users/Rafa/.m2/repository/com/fasterxml/jackson/core/jackson-databind/2.11.4/jackson-databind-2.11.4.jar' 
2022-05-31 11:50:06.902 DEBUG [acme.Launcher@main] Found classpath entry '/C:/Users/Rafa/.m2/repository/com/fasterxml/jackson/core/jackson-annotations/2.11.4/jackson-annotations-2.11.4.jar' 
2022-05-31 11:50:06.902 DEBUG [acme.Launcher@main] Found classpath entry '/C:/Users/Rafa/.m2/repository/com/fasterxml/jackson/core/jackson-core/2.11.4/jackson-core-2.11.4.jar' 
2022-05-31 11:50:06.902 DEBUG [acme.Launcher@main] Found classpath entry '/C:/Users/Rafa/.m2/repository/com/fasterxml/jackson/datatype/jackson-datatype-jdk8/2.11.4/jackson-datatype-jdk8-2.11.4.jar' 
2022-05-31 11:50:06.902 DEBUG [acme.Launcher@main] Found classpath entry '/C:/Users/Rafa/.m2/repository/com/fasterxml/jackson/datatype/jackson-datatype-jsr310/2.11.4/jackson-datatype-jsr310-2.11.4.jar' 
2022-05-31 11:50:06.902 DEBUG [acme.Launcher@main] Found classpath entry '/C:/Users/Rafa/.m2/repository/com/fasterxml/jackson/module/jackson-module-parameter-names/2.11.4/jackson-module-parameter-names-2.11.4.jar' 
2022-05-31 11:50:06.902 DEBUG [acme.Launcher@main] Found classpath entry '/C:/Users/Rafa/.m2/repository/org/springframework/spring-webmvc/5.3.3/spring-webmvc-5.3.3.jar' 
2022-05-31 11:50:06.903 DEBUG [acme.Launcher@main] Found classpath entry '/C:/Users/Rafa/.m2/repository/org/apache/tiles/tiles-jsp/3.0.8/tiles-jsp-3.0.8.jar' 
2022-05-31 11:50:06.903 DEBUG [acme.Launcher@main] Found classpath entry '/C:/Users/Rafa/.m2/repository/org/apache/tiles/tiles-servlet/3.0.8/tiles-servlet-3.0.8.jar' 
2022-05-31 11:50:06.903 DEBUG [acme.Launcher@main] Found classpath entry '/C:/Users/Rafa/.m2/repository/org/apache/tiles/tiles-core/3.0.8/tiles-core-3.0.8.jar' 
2022-05-31 11:50:06.903 DEBUG [acme.Launcher@main] Found classpath entry '/C:/Users/Rafa/.m2/repository/commons-digester/commons-digester/2.0/commons-digester-2.0.jar' 
2022-05-31 11:50:06.903 DEBUG [acme.Launcher@main] Found classpath entry '/C:/Users/Rafa/.m2/repository/org/slf4j/jcl-over-slf4j/1.7.30/jcl-over-slf4j-1.7.30.jar' 
2022-05-31 11:50:06.903 DEBUG [acme.Launcher@main] Found classpath entry '/C:/Users/Rafa/.m2/repository/org/apache/tiles/tiles-request-servlet/1.0.7/tiles-request-servlet-1.0.7.jar' 
2022-05-31 11:50:06.904 DEBUG [acme.Launcher@main] Found classpath entry '/C:/Users/Rafa/.m2/repository/org/apache/tiles/tiles-template/3.0.8/tiles-template-3.0.8.jar' 
2022-05-31 11:50:06.905 DEBUG [acme.Launcher@main] Found classpath entry '/C:/Users/Rafa/.m2/repository/org/apache/tiles/tiles-api/3.0.8/tiles-api-3.0.8.jar' 
2022-05-31 11:50:06.906 DEBUG [acme.Launcher@main] Found classpath entry '/C:/Users/Rafa/.m2/repository/org/apache/tiles/tiles-autotag-core-runtime/1.2/tiles-autotag-core-runtime-1.2.jar' 
2022-05-31 11:50:06.906 DEBUG [acme.Launcher@main] Found classpath entry '/C:/Users/Rafa/.m2/repository/org/slf4j/slf4j-api/1.7.30/slf4j-api-1.7.30.jar' 
2022-05-31 11:50:06.906 DEBUG [acme.Launcher@main] Found classpath entry '/C:/Users/Rafa/.m2/repository/org/apache/tiles/tiles-request-jsp/1.0.7/tiles-request-jsp-1.0.7.jar' 
2022-05-31 11:50:06.906 DEBUG [acme.Launcher@main] Found classpath entry '/C:/Users/Rafa/.m2/repository/org/apache/tiles/tiles-request-api/1.0.7/tiles-request-api-1.0.7.jar' 
2022-05-31 11:50:06.906 DEBUG [acme.Launcher@main] Found classpath entry '/C:/Users/Rafa/.m2/repository/org/springframework/boot/spring-boot-starter-data-jpa/2.4.2/spring-boot-starter-data-jpa-2.4.2.jar' 
2022-05-31 11:50:06.906 DEBUG [acme.Launcher@main] Found classpath entry '/C:/Users/Rafa/.m2/repository/org/springframework/boot/spring-boot-starter-aop/2.4.2/spring-boot-starter-aop-2.4.2.jar' 
2022-05-31 11:50:06.907 DEBUG [acme.Launcher@main] Found classpath entry '/C:/Users/Rafa/.m2/repository/org/aspectj/aspectjweaver/1.9.6/aspectjweaver-1.9.6.jar' 
2022-05-31 11:50:06.907 DEBUG [acme.Launcher@main] Found classpath entry '/C:/Users/Rafa/.m2/repository/org/springframework/boot/spring-boot-starter-jdbc/2.4.2/spring-boot-starter-jdbc-2.4.2.jar' 
2022-05-31 11:50:06.907 DEBUG [acme.Launcher@main] Found classpath entry '/C:/Users/Rafa/.m2/repository/jakarta/transaction/jakarta.transaction-api/1.3.3/jakarta.transaction-api-1.3.3.jar' 
2022-05-31 11:50:06.907 DEBUG [acme.Launcher@main] Found classpath entry '/C:/Users/Rafa/.m2/repository/jakarta/persistence/jakarta.persistence-api/2.2.3/jakarta.persistence-api-2.2.3.jar' 
2022-05-31 11:50:06.907 DEBUG [acme.Launcher@main] Found classpath entry '/C:/Users/Rafa/.m2/repository/org/hibernate/hibernate-core/5.4.27.Final/hibernate-core-5.4.27.Final.jar' 
2022-05-31 11:50:06.907 DEBUG [acme.Launcher@main] Found classpath entry '/C:/Users/Rafa/.m2/repository/org/jboss/logging/jboss-logging/3.4.1.Final/jboss-logging-3.4.1.Final.jar' 
2022-05-31 11:50:06.907 DEBUG [acme.Launcher@main] Found classpath entry '/C:/Users/Rafa/.m2/repository/org/javassist/javassist/3.27.0-GA/javassist-3.27.0-GA.jar' 
2022-05-31 11:50:06.907 DEBUG [acme.Launcher@main] Found classpath entry '/C:/Users/Rafa/.m2/repository/antlr/antlr/2.7.7/antlr-2.7.7.jar' 
2022-05-31 11:50:06.907 DEBUG [acme.Launcher@main] Found classpath entry '/C:/Users/Rafa/.m2/repository/org/jboss/jandex/2.1.3.Final/jandex-2.1.3.Final.jar' 
2022-05-31 11:50:06.908 DEBUG [acme.Launcher@main] Found classpath entry '/C:/Users/Rafa/.m2/repository/com/fasterxml/classmate/1.5.1/classmate-1.5.1.jar' 
2022-05-31 11:50:06.908 DEBUG [acme.Launcher@main] Found classpath entry '/C:/Users/Rafa/.m2/repository/org/dom4j/dom4j/2.1.3/dom4j-2.1.3.jar' 
2022-05-31 11:50:06.908 DEBUG [acme.Launcher@main] Found classpath entry '/C:/Users/Rafa/.m2/repository/org/hibernate/common/hibernate-commons-annotations/5.1.2.Final/hibernate-commons-annotations-5.1.2.Final.jar' 
2022-05-31 11:50:06.908 DEBUG [acme.Launcher@main] Found classpath entry '/C:/Users/Rafa/.m2/repository/org/glassfish/jaxb/jaxb-runtime/2.3.3/jaxb-runtime-2.3.3.jar' 
2022-05-31 11:50:06.909 DEBUG [acme.Launcher@main] Found classpath entry '/C:/Users/Rafa/.m2/repository/org/glassfish/jaxb/txw2/2.3.3/txw2-2.3.3.jar' 
2022-05-31 11:50:06.909 DEBUG [acme.Launcher@main] Found classpath entry '/C:/Users/Rafa/.m2/repository/com/sun/istack/istack-commons-runtime/3.0.11/istack-commons-runtime-3.0.11.jar' 
2022-05-31 11:50:06.909 DEBUG [acme.Launcher@main] Found classpath entry '/C:/Users/Rafa/.m2/repository/com/sun/activation/jakarta.activation/1.2.2/jakarta.activation-1.2.2.jar' 
2022-05-31 11:50:06.910 DEBUG [acme.Launcher@main] Found classpath entry '/C:/Users/Rafa/.m2/repository/org/springframework/data/spring-data-jpa/2.4.3/spring-data-jpa-2.4.3.jar' 
2022-05-31 11:50:06.910 DEBUG [acme.Launcher@main] Found classpath entry '/C:/Users/Rafa/.m2/repository/org/springframework/data/spring-data-commons/2.4.3/spring-data-commons-2.4.3.jar' 
2022-05-31 11:50:06.910 DEBUG [acme.Launcher@main] Found classpath entry '/C:/Users/Rafa/.m2/repository/org/springframework/spring-orm/5.3.3/spring-orm-5.3.3.jar' 
2022-05-31 11:50:06.910 DEBUG [acme.Launcher@main] Found classpath entry '/C:/Users/Rafa/.m2/repository/org/springframework/spring-aspects/5.3.3/spring-aspects-5.3.3.jar' 
2022-05-31 11:50:06.910 DEBUG [acme.Launcher@main] Found classpath entry '/C:/Users/Rafa/.m2/repository/org/springframework/boot/spring-boot-starter-validation/2.4.2/spring-boot-starter-validation-2.4.2.jar' 
2022-05-31 11:50:06.910 DEBUG [acme.Launcher@main] Found classpath entry '/C:/Users/Rafa/.m2/repository/org/hibernate/validator/hibernate-validator/6.1.7.Final/hibernate-validator-6.1.7.Final.jar' 
2022-05-31 11:50:06.911 DEBUG [acme.Launcher@main] Found classpath entry '/C:/Users/Rafa/.m2/repository/jakarta/validation/jakarta.validation-api/2.0.2/jakarta.validation-api-2.0.2.jar' 
2022-05-31 11:50:06.911 DEBUG [acme.Launcher@main] Found classpath entry '/C:/Users/Rafa/.m2/repository/mysql/mysql-connector-java/8.0.22/mysql-connector-java-8.0.22.jar' 
2022-05-31 11:50:06.925 DEBUG [acme.Launcher@main] Found classpath entry '/C:/Users/Rafa/.m2/repository/com/zaxxer/HikariCP/3.4.5/HikariCP-3.4.5.jar' 
2022-05-31 11:50:06.925 DEBUG [acme.Launcher@main] Found classpath entry '/C:/Users/Rafa/.m2/repository/org/springframework/boot/spring-boot-starter-test/2.4.2/spring-boot-starter-test-2.4.2.jar' 
2022-05-31 11:50:06.926 DEBUG [acme.Launcher@main] Found classpath entry '/C:/Users/Rafa/.m2/repository/org/springframework/boot/spring-boot-test/2.4.2/spring-boot-test-2.4.2.jar' 
2022-05-31 11:50:06.926 DEBUG [acme.Launcher@main] Found classpath entry '/C:/Users/Rafa/.m2/repository/org/springframework/boot/spring-boot-test-autoconfigure/2.4.2/spring-boot-test-autoconfigure-2.4.2.jar' 
2022-05-31 11:50:06.926 DEBUG [acme.Launcher@main] Found classpath entry '/C:/Users/Rafa/.m2/repository/com/jayway/jsonpath/json-path/2.4.0/json-path-2.4.0.jar' 
2022-05-31 11:50:06.926 DEBUG [acme.Launcher@main] Found classpath entry '/C:/Users/Rafa/.m2/repository/net/minidev/json-smart/2.3/json-smart-2.3.jar' 
2022-05-31 11:50:06.926 DEBUG [acme.Launcher@main] Found classpath entry '/C:/Users/Rafa/.m2/repository/net/minidev/accessors-smart/1.2/accessors-smart-1.2.jar' 
2022-05-31 11:50:06.926 DEBUG [acme.Launcher@main] Found classpath entry '/C:/Users/Rafa/.m2/repository/org/ow2/asm/asm/5.0.4/asm-5.0.4.jar' 
2022-05-31 11:50:06.926 DEBUG [acme.Launcher@main] Found classpath entry '/C:/Users/Rafa/.m2/repository/jakarta/xml/bind/jakarta.xml.bind-api/2.3.3/jakarta.xml.bind-api-2.3.3.jar' 
2022-05-31 11:50:06.926 DEBUG [acme.Launcher@main] Found classpath entry '/C:/Users/Rafa/.m2/repository/jakarta/activation/jakarta.activation-api/1.2.2/jakarta.activation-api-1.2.2.jar' 
2022-05-31 11:50:06.926 DEBUG [acme.Launcher@main] Found classpath entry '/C:/Users/Rafa/.m2/repository/org/assertj/assertj-core/3.18.1/assertj-core-3.18.1.jar' 
2022-05-31 11:50:06.927 DEBUG [acme.Launcher@main] Found classpath entry '/C:/Users/Rafa/.m2/repository/org/hamcrest/hamcrest/2.2/hamcrest-2.2.jar' 
2022-05-31 11:50:06.927 DEBUG [acme.Launcher@main] Found classpath entry '/C:/Users/Rafa/.m2/repository/org/junit/jupiter/junit-jupiter/5.7.0/junit-jupiter-5.7.0.jar' 
2022-05-31 11:50:06.927 DEBUG [acme.Launcher@main] Found classpath entry '/C:/Users/Rafa/.m2/repository/org/mockito/mockito-core/3.6.28/mockito-core-3.6.28.jar' 
2022-05-31 11:50:06.927 DEBUG [acme.Launcher@main] Found classpath entry '/C:/Users/Rafa/.m2/repository/net/bytebuddy/byte-buddy-agent/1.10.19/byte-buddy-agent-1.10.19.jar' 
2022-05-31 11:50:06.927 DEBUG [acme.Launcher@main] Found classpath entry '/C:/Users/Rafa/.m2/repository/org/objenesis/objenesis/3.1/objenesis-3.1.jar' 
2022-05-31 11:50:06.928 DEBUG [acme.Launcher@main] Found classpath entry '/C:/Users/Rafa/.m2/repository/org/mockito/mockito-junit-jupiter/3.6.28/mockito-junit-jupiter-3.6.28.jar' 
2022-05-31 11:50:06.928 DEBUG [acme.Launcher@main] Found classpath entry '/C:/Users/Rafa/.m2/repository/org/skyscreamer/jsonassert/1.5.0/jsonassert-1.5.0.jar' 
2022-05-31 11:50:06.928 DEBUG [acme.Launcher@main] Found classpath entry '/C:/Users/Rafa/.m2/repository/com/vaadin/external/google/android-json/0.0.20131108.vaadin1/android-json-0.0.20131108.vaadin1.jar' 
2022-05-31 11:50:06.928 DEBUG [acme.Launcher@main] Found classpath entry '/C:/Users/Rafa/.m2/repository/org/springframework/spring-test/5.3.3/spring-test-5.3.3.jar' 
2022-05-31 11:50:06.928 DEBUG [acme.Launcher@main] Found classpath entry '/C:/Users/Rafa/.m2/repository/org/xmlunit/xmlunit-core/2.7.0/xmlunit-core-2.7.0.jar' 
2022-05-31 11:50:06.928 DEBUG [acme.Launcher@main] Found classpath entry '/C:/Users/Rafa/.m2/repository/org/junit/jupiter/junit-jupiter-engine/5.7.0/junit-jupiter-engine-5.7.0.jar' 
2022-05-31 11:50:06.928 DEBUG [acme.Launcher@main] Found classpath entry '/C:/Users/Rafa/.m2/repository/org/apiguardian/apiguardian-api/1.1.0/apiguardian-api-1.1.0.jar' 
2022-05-31 11:50:06.928 DEBUG [acme.Launcher@main] Found classpath entry '/C:/Users/Rafa/.m2/repository/org/junit/platform/junit-platform-engine/1.7.0/junit-platform-engine-1.7.0.jar' 
2022-05-31 11:50:06.928 DEBUG [acme.Launcher@main] Found classpath entry '/C:/Users/Rafa/.m2/repository/org/junit/jupiter/junit-jupiter-api/5.7.0/junit-jupiter-api-5.7.0.jar' 
2022-05-31 11:50:06.929 DEBUG [acme.Launcher@main] Found classpath entry '/C:/Users/Rafa/.m2/repository/org/opentest4j/opentest4j/1.2.0/opentest4j-1.2.0.jar' 
2022-05-31 11:50:06.929 DEBUG [acme.Launcher@main] Found classpath entry '/C:/Users/Rafa/.m2/repository/org/junit/platform/junit-platform-commons/1.7.0/junit-platform-commons-1.7.0.jar' 
2022-05-31 11:50:06.929 DEBUG [acme.Launcher@main] Found classpath entry '/C:/Users/Rafa/.m2/repository/org/junit/jupiter/junit-jupiter-params/5.7.0/junit-jupiter-params-5.7.0.jar' 
2022-05-31 11:50:06.929 DEBUG [acme.Launcher@main] Found classpath entry '/C:/Users/Rafa/.m2/repository/org/junit/platform/junit-platform-launcher/1.7.0/junit-platform-launcher-1.7.0.jar' 
2022-05-31 11:50:06.929 DEBUG [acme.Launcher@main] Found classpath entry '/C:/Users/Rafa/.m2/repository/org/seleniumhq/selenium/selenium-java/3.141.59/selenium-java-3.141.59.jar' 
2022-05-31 11:50:06.929 DEBUG [acme.Launcher@main] Found classpath entry '/C:/Users/Rafa/.m2/repository/org/seleniumhq/selenium/selenium-api/3.141.59/selenium-api-3.141.59.jar' 
2022-05-31 11:50:06.930 DEBUG [acme.Launcher@main] Found classpath entry '/C:/Users/Rafa/.m2/repository/org/seleniumhq/selenium/selenium-chrome-driver/3.141.59/selenium-chrome-driver-3.141.59.jar' 
2022-05-31 11:50:06.930 DEBUG [acme.Launcher@main] Found classpath entry '/C:/Users/Rafa/.m2/repository/org/seleniumhq/selenium/selenium-edge-driver/3.141.59/selenium-edge-driver-3.141.59.jar' 
2022-05-31 11:50:06.930 DEBUG [acme.Launcher@main] Found classpath entry '/C:/Users/Rafa/.m2/repository/org/seleniumhq/selenium/selenium-firefox-driver/3.141.59/selenium-firefox-driver-3.141.59.jar' 
2022-05-31 11:50:06.931 DEBUG [acme.Launcher@main] Found classpath entry '/C:/Users/Rafa/.m2/repository/org/seleniumhq/selenium/selenium-ie-driver/3.141.59/selenium-ie-driver-3.141.59.jar' 
2022-05-31 11:50:06.931 DEBUG [acme.Launcher@main] Found classpath entry '/C:/Users/Rafa/.m2/repository/org/seleniumhq/selenium/selenium-opera-driver/3.141.59/selenium-opera-driver-3.141.59.jar' 
2022-05-31 11:50:06.931 DEBUG [acme.Launcher@main] Found classpath entry '/C:/Users/Rafa/.m2/repository/org/seleniumhq/selenium/selenium-remote-driver/3.141.59/selenium-remote-driver-3.141.59.jar' 
2022-05-31 11:50:06.931 DEBUG [acme.Launcher@main] Found classpath entry '/C:/Users/Rafa/.m2/repository/org/seleniumhq/selenium/selenium-safari-driver/3.141.59/selenium-safari-driver-3.141.59.jar' 
2022-05-31 11:50:06.931 DEBUG [acme.Launcher@main] Found classpath entry '/C:/Users/Rafa/.m2/repository/org/seleniumhq/selenium/selenium-support/3.141.59/selenium-support-3.141.59.jar' 
2022-05-31 11:50:06.931 DEBUG [acme.Launcher@main] Found classpath entry '/C:/Users/Rafa/.m2/repository/net/bytebuddy/byte-buddy/1.10.19/byte-buddy-1.10.19.jar' 
2022-05-31 11:50:06.931 DEBUG [acme.Launcher@main] Found classpath entry '/C:/Users/Rafa/.m2/repository/org/apache/commons/commons-exec/1.3/commons-exec-1.3.jar' 
2022-05-31 11:50:06.931 DEBUG [acme.Launcher@main] Found classpath entry '/C:/Users/Rafa/.m2/repository/com/google/guava/guava/25.0-jre/guava-25.0-jre.jar' 
2022-05-31 11:50:06.931 DEBUG [acme.Launcher@main] Found classpath entry '/C:/Users/Rafa/.m2/repository/com/google/code/findbugs/jsr305/1.3.9/jsr305-1.3.9.jar' 
2022-05-31 11:50:06.931 DEBUG [acme.Launcher@main] Found classpath entry '/C:/Users/Rafa/.m2/repository/org/checkerframework/checker-compat-qual/2.0.0/checker-compat-qual-2.0.0.jar' 
2022-05-31 11:50:06.931 DEBUG [acme.Launcher@main] Found classpath entry '/C:/Users/Rafa/.m2/repository/com/google/errorprone/error_prone_annotations/2.1.3/error_prone_annotations-2.1.3.jar' 
2022-05-31 11:50:06.931 DEBUG [acme.Launcher@main] Found classpath entry '/C:/Users/Rafa/.m2/repository/com/google/j2objc/j2objc-annotations/1.1/j2objc-annotations-1.1.jar' 
2022-05-31 11:50:06.931 DEBUG [acme.Launcher@main] Found classpath entry '/C:/Users/Rafa/.m2/repository/org/codehaus/mojo/animal-sniffer-annotations/1.14/animal-sniffer-annotations-1.14.jar' 
2022-05-31 11:50:06.932 DEBUG [acme.Launcher@main] Found classpath entry '/C:/Users/Rafa/.m2/repository/com/squareup/okhttp3/okhttp/3.14.9/okhttp-3.14.9.jar' 
2022-05-31 11:50:06.932 DEBUG [acme.Launcher@main] Found classpath entry '/C:/Users/Rafa/.m2/repository/com/squareup/okio/okio/1.14.0/okio-1.14.0.jar' 
2022-05-31 11:50:06.932 DEBUG [acme.Launcher@main] Found classpath entry '/C:/Users/Rafa/.m2/repository/org/apache/commons/commons-lang3/3.11/commons-lang3-3.11.jar' 
2022-05-31 11:50:06.932 DEBUG [acme.Launcher@main] Found classpath entry '/C:/Users/Rafa/.m2/repository/org/apache/commons/commons-text/1.8/commons-text-1.8.jar' 
2022-05-31 11:50:06.932 DEBUG [acme.Launcher@main] Found classpath entry '/C:/Users/Rafa/.m2/repository/commons-io/commons-io/2.6/commons-io-2.6.jar' 
2022-05-31 11:50:06.932 DEBUG [acme.Launcher@main] Found classpath entry '/C:/Users/Rafa/.m2/repository/commons-cli/commons-cli/1.4/commons-cli-1.4.jar' 
2022-05-31 11:50:06.932 DEBUG [acme.Launcher@main] Found classpath entry '/C:/Users/Rafa/.m2/repository/org/projectlombok/lombok/1.18.16/lombok-1.18.16.jar' 
2022-05-31 11:50:06.932 DEBUG [acme.Launcher@main] Found classpath entry '/C:/Users/Rafa/.m2/repository/com/opencsv/opencsv/5.4/opencsv-5.4.jar' 
2022-05-31 11:50:06.932 DEBUG [acme.Launcher@main] Found classpath entry '/C:/Users/Rafa/.m2/repository/commons-beanutils/commons-beanutils/1.9.4/commons-beanutils-1.9.4.jar' 
2022-05-31 11:50:06.932 DEBUG [acme.Launcher@main] Found classpath entry '/C:/Users/Rafa/.m2/repository/commons-logging/commons-logging/1.2/commons-logging-1.2.jar' 
2022-05-31 11:50:06.932 DEBUG [acme.Launcher@main] Found classpath entry '/C:/Users/Rafa/.m2/repository/commons-collections/commons-collections/3.2.2/commons-collections-3.2.2.jar' 
2022-05-31 11:50:06.932 DEBUG [acme.Launcher@main] Found classpath entry '/C:/Users/Rafa/.m2/repository/org/apache/commons/commons-collections4/4.4/commons-collections4-4.4.jar' 
2022-05-31 11:50:06.932 DEBUG [acme.Launcher@main] Found classpath entry '/C:/Users/Rafa/Desktop/Workspace-22.0/Tools/IDEs/eclipse-jee-2021-12-R/configuration/org.eclipse.osgi/418/0/.cp/lib/javaagent-shaded.jar' 
2022-05-31 11:50:07.060 DEBUG [acme.Launcher@main] Found entity class 'acme.entities.announcement.Announcement 
2022-05-31 11:50:07.060 DEBUG [acme.Launcher@main] Found entity class 'acme.entities.chimpum.Chimpum 
2022-05-31 11:50:07.060 DEBUG [acme.Launcher@main] Found entity class 'acme.entities.chirp.Chirp 
2022-05-31 11:50:07.060 DEBUG [acme.Launcher@main] Found entity class 'acme.entities.item.Item 
2022-05-31 11:50:07.060 DEBUG [acme.Launcher@main] Found entity class 'acme.entities.moneyExchange.MoneyExchange 
2022-05-31 11:50:07.060 DEBUG [acme.Launcher@main] Found entity class 'acme.entities.patronage.Patronage 
2022-05-31 11:50:07.060 DEBUG [acme.Launcher@main] Found entity class 'acme.entities.patronageReport.PatronageReport 
2022-05-31 11:50:07.060 DEBUG [acme.Launcher@main] Found entity class 'acme.entities.quantity.Quantity 
2022-05-31 11:50:07.061 DEBUG [acme.Launcher@main] Found entity class 'acme.entities.systemConfiguration.SystemConfiguration 
2022-05-31 11:50:07.061 DEBUG [acme.Launcher@main] Found entity class 'acme.entities.toolkit.Toolkit 
2022-05-31 11:50:07.061 DEBUG [acme.Launcher@main] Found entity class 'acme.roles.Consumer 
2022-05-31 11:50:07.061 DEBUG [acme.Launcher@main] Found entity class 'acme.roles.Inventor 
2022-05-31 11:50:07.061 DEBUG [acme.Launcher@main] Found entity class 'acme.roles.Patron 
2022-05-31 11:50:07.061 DEBUG [acme.Launcher@main] Found entity class 'acme.roles.Provider 
2022-05-31 11:50:07.061 DEBUG [acme.Launcher@main] Found entity class 'acme.framework.entities.UserAccount 
2022-05-31 11:50:07.061 DEBUG [acme.Launcher@main] Found entity class 'acme.framework.roles.Administrator 
2022-05-31 11:50:07.061 DEBUG [acme.Launcher@main] Found entity class 'acme.framework.roles.Anonymous 
2022-05-31 11:50:07.061 DEBUG [acme.Launcher@main] Found entity class 'acme.framework.roles.Any 
2022-05-31 11:50:07.061 DEBUG [acme.Launcher@main] Found entity class 'acme.framework.roles.Authenticated 
2022-05-31 11:50:07.065 INFO  [acme.Launcher@main] Running application (Standalone) 
2022-05-31 11:50:21.630 DEBUG [acme.framework.components.tiles.DynamicTilesView@http-nio-8080-exec-1] View name 'fragments/welcome', model {} 
2022-05-31 11:50:21.652 DEBUG [org.apache.tiles.definition.dao.BaseLocaleUrlDefinitionDAO@http-nio-8080-exec-1] File Resource file:/C:/Users/Rafa/Desktop/Workspace-22.0/Projects/Acme-Toolkits/target/classes/WEB-INF/views/master/tiles_en.xml at file:/C:/Users/Rafa/Desktop/Workspace-22.0/Projects/Acme-Toolkits/target/classes/WEB-INF/views/master/tiles_en.xml not found, continue 
2022-05-31 11:50:21.665 DEBUG [org.apache.jasper.servlet.JspServlet@http-nio-8080-exec-1] JspEngine --> /WEB-INF/views/master/page.jsp 
2022-05-31 11:50:21.665 DEBUG [org.apache.jasper.servlet.JspServlet@http-nio-8080-exec-1] ServletPath: /WEB-INF/views/master/page.jsp 
2022-05-31 11:50:21.665 DEBUG [org.apache.jasper.servlet.JspServlet@http-nio-8080-exec-1] PathInfo: null 
2022-05-31 11:50:21.667 DEBUG [org.apache.jasper.servlet.JspServlet@http-nio-8080-exec-1] RealPath: C:\Users\Rafa\Desktop\Workspace-22.0\Projects\Acme-Toolkits\target\classes\WEB-INF\views\master\page.jsp 
2022-05-31 11:50:21.667 DEBUG [org.apache.jasper.servlet.JspServlet@http-nio-8080-exec-1] RequestURI: /acme-toolkits-22.1/WEB-INF/views/master/page.jsp 
2022-05-31 11:50:21.668 DEBUG [org.apache.jasper.servlet.JspServlet@http-nio-8080-exec-1] QueryString: null 
2022-05-31 11:50:26.056 DEBUG [acme.framework.configuration.ExtendedMessageSource@http-nio-8080-exec-1] Loading properties [C:\Users\Rafa\Desktop\Workspace-22.0\Projects\Acme-Toolkits\target\classes\WEB-INF\views\administrator\administrator-dashboard\messages-en.i18n] with encoding 'utf-8' 
2022-05-31 11:50:26.057 DEBUG [acme.framework.configuration.ExtendedMessageSource@http-nio-8080-exec-1] Loading properties [C:\Users\Rafa\Desktop\Workspace-22.0\Projects\Acme-Toolkits\target\classes\WEB-INF\views\administrator\announcement\messages-en.i18n] with encoding 'utf-8' 
2022-05-31 11:50:26.058 DEBUG [acme.framework.configuration.ExtendedMessageSource@http-nio-8080-exec-1] Loading properties [C:\Users\Rafa\Desktop\Workspace-22.0\Projects\Acme-Toolkits\target\classes\WEB-INF\views\administrator\system-configuration\messages-en.i18n] with encoding 'utf-8' 
2022-05-31 11:50:26.059 DEBUG [acme.framework.configuration.ExtendedMessageSource@http-nio-8080-exec-1] Loading properties [C:\Users\Rafa\Desktop\Workspace-22.0\Projects\Acme-Toolkits\target\classes\WEB-INF\views\administrator\user-account\messages-en.i18n] with encoding 'utf-8' 
2022-05-31 11:50:26.060 DEBUG [acme.framework.configuration.ExtendedMessageSource@http-nio-8080-exec-1] Loading properties [C:\Users\Rafa\Desktop\Workspace-22.0\Projects\Acme-Toolkits\target\classes\WEB-INF\views\anonymous\user-account\messages-en.i18n] with encoding 'utf-8' 
2022-05-31 11:50:26.060 DEBUG [acme.framework.configuration.ExtendedMessageSource@http-nio-8080-exec-1] Loading properties [C:\Users\Rafa\Desktop\Workspace-22.0\Projects\Acme-Toolkits\target\classes\WEB-INF\views\any\chirp\messages-en.i18n] with encoding 'utf-8' 
2022-05-31 11:50:26.061 DEBUG [acme.framework.configuration.ExtendedMessageSource@http-nio-8080-exec-1] Loading properties [C:\Users\Rafa\Desktop\Workspace-22.0\Projects\Acme-Toolkits\target\classes\WEB-INF\views\any\item\messages-en.i18n] with encoding 'utf-8' 
2022-05-31 11:50:26.062 DEBUG [acme.framework.configuration.ExtendedMessageSource@http-nio-8080-exec-1] Loading properties [C:\Users\Rafa\Desktop\Workspace-22.0\Projects\Acme-Toolkits\target\classes\WEB-INF\views\any\toolkit\messages-en.i18n] with encoding 'utf-8' 
2022-05-31 11:50:26.063 DEBUG [acme.framework.configuration.ExtendedMessageSource@http-nio-8080-exec-1] Loading properties [C:\Users\Rafa\Desktop\Workspace-22.0\Projects\Acme-Toolkits\target\classes\WEB-INF\views\any\user-account\messages-en.i18n] with encoding 'utf-8' 
2022-05-31 11:50:26.063 DEBUG [acme.framework.configuration.ExtendedMessageSource@http-nio-8080-exec-1] Loading properties [C:\Users\Rafa\Desktop\Workspace-22.0\Projects\Acme-Toolkits\target\classes\WEB-INF\views\authenticated\announcement\messsages-en.i18n] with encoding 'utf-8' 
2022-05-31 11:50:26.064 DEBUG [acme.framework.configuration.ExtendedMessageSource@http-nio-8080-exec-1] Loading properties [C:\Users\Rafa\Desktop\Workspace-22.0\Projects\Acme-Toolkits\target\classes\WEB-INF\views\authenticated\consumer\messsages-en.i18n] with encoding 'utf-8' 
2022-05-31 11:50:26.065 DEBUG [acme.framework.configuration.ExtendedMessageSource@http-nio-8080-exec-1] Loading properties [C:\Users\Rafa\Desktop\Workspace-22.0\Projects\Acme-Toolkits\target\classes\WEB-INF\views\authenticated\inventor\messsages-en.i18n] with encoding 'utf-8' 
2022-05-31 11:50:26.066 DEBUG [acme.framework.configuration.ExtendedMessageSource@http-nio-8080-exec-1] Loading properties [C:\Users\Rafa\Desktop\Workspace-22.0\Projects\Acme-Toolkits\target\classes\WEB-INF\views\authenticated\patron\messsages-en.i18n] with encoding 'utf-8' 
2022-05-31 11:50:26.067 DEBUG [acme.framework.configuration.ExtendedMessageSource@http-nio-8080-exec-1] Loading properties [C:\Users\Rafa\Desktop\Workspace-22.0\Projects\Acme-Toolkits\target\classes\WEB-INF\views\authenticated\provider\messsages-en.i18n] with encoding 'utf-8' 
2022-05-31 11:50:26.068 DEBUG [acme.framework.configuration.ExtendedMessageSource@http-nio-8080-exec-1] Loading properties [C:\Users\Rafa\Desktop\Workspace-22.0\Projects\Acme-Toolkits\target\classes\WEB-INF\views\authenticated\system-configuration\messages-en.i18n] with encoding 'utf-8' 
2022-05-31 11:50:26.069 DEBUG [acme.framework.configuration.ExtendedMessageSource@http-nio-8080-exec-1] Loading properties [C:\Users\Rafa\Desktop\Workspace-22.0\Projects\Acme-Toolkits\target\classes\WEB-INF\views\fragments\banner-en.i18n] with encoding 'utf-8' 
2022-05-31 11:50:26.071 DEBUG [acme.framework.configuration.ExtendedMessageSource@http-nio-8080-exec-1] Loading properties [C:\Users\Rafa\Desktop\Workspace-22.0\Projects\Acme-Toolkits\target\classes\WEB-INF\views\fragments\company-en.i18n] with encoding 'utf-8' 
2022-05-31 11:50:26.072 DEBUG [acme.framework.configuration.ExtendedMessageSource@http-nio-8080-exec-1] Loading properties [C:\Users\Rafa\Desktop\Workspace-22.0\Projects\Acme-Toolkits\target\classes\WEB-INF\views\fragments\footer-en.i18n] with encoding 'utf-8' 
2022-05-31 11:50:26.072 DEBUG [acme.framework.configuration.ExtendedMessageSource@http-nio-8080-exec-1] Loading properties [C:\Users\Rafa\Desktop\Workspace-22.0\Projects\Acme-Toolkits\target\classes\WEB-INF\views\fragments\license-en.i18n] with encoding 'utf-8' 
2022-05-31 11:50:26.073 DEBUG [acme.framework.configuration.ExtendedMessageSource@http-nio-8080-exec-1] Loading properties [C:\Users\Rafa\Desktop\Workspace-22.0\Projects\Acme-Toolkits\target\classes\WEB-INF\views\fragments\menu-en.i18n] with encoding 'utf-8' 
2022-05-31 11:50:26.074 DEBUG [acme.framework.configuration.ExtendedMessageSource@http-nio-8080-exec-1] Loading properties [C:\Users\Rafa\Desktop\Workspace-22.0\Projects\Acme-Toolkits\target\classes\WEB-INF\views\fragments\messsages-en.i18n] with encoding 'utf-8' 
2022-05-31 11:50:26.075 DEBUG [acme.framework.configuration.ExtendedMessageSource@http-nio-8080-exec-1] Loading properties [C:\Users\Rafa\Desktop\Workspace-22.0\Projects\Acme-Toolkits\target\classes\WEB-INF\views\fragments\title-en.i18n] with encoding 'utf-8' 
2022-05-31 11:50:26.076 DEBUG [acme.framework.configuration.ExtendedMessageSource@http-nio-8080-exec-1] Loading properties [C:\Users\Rafa\Desktop\Workspace-22.0\Projects\Acme-Toolkits\target\classes\WEB-INF\views\fragments\welcome-en.i18n] with encoding 'utf-8' 
2022-05-31 11:50:26.077 DEBUG [acme.framework.configuration.ExtendedMessageSource@http-nio-8080-exec-1] Loading properties [C:\Users\Rafa\Desktop\Workspace-22.0\Projects\Acme-Toolkits\target\classes\WEB-INF\views\inventor\chimpum\messages-en.i18n] with encoding 'utf-8' 
2022-05-31 11:50:26.078 DEBUG [acme.framework.configuration.ExtendedMessageSource@http-nio-8080-exec-1] Loading properties [C:\Users\Rafa\Desktop\Workspace-22.0\Projects\Acme-Toolkits\target\classes\WEB-INF\views\inventor\item\messages-en.i18n] with encoding 'utf-8' 
2022-05-31 11:50:26.079 DEBUG [acme.framework.configuration.ExtendedMessageSource@http-nio-8080-exec-1] Loading properties [C:\Users\Rafa\Desktop\Workspace-22.0\Projects\Acme-Toolkits\target\classes\WEB-INF\views\inventor\patronage\messages-en.i18n] with encoding 'utf-8' 
2022-05-31 11:50:26.079 DEBUG [acme.framework.configuration.ExtendedMessageSource@http-nio-8080-exec-1] Loading properties [C:\Users\Rafa\Desktop\Workspace-22.0\Projects\Acme-Toolkits\target\classes\WEB-INF\views\inventor\patronage-report\messages-en.i18n] with encoding 'utf-8' 
2022-05-31 11:50:26.080 DEBUG [acme.framework.configuration.ExtendedMessageSource@http-nio-8080-exec-1] Loading properties [C:\Users\Rafa\Desktop\Workspace-22.0\Projects\Acme-Toolkits\target\classes\WEB-INF\views\inventor\quantity\messages-en.i18n] with encoding 'utf-8' 
2022-05-31 11:50:26.081 DEBUG [acme.framework.configuration.ExtendedMessageSource@http-nio-8080-exec-1] Loading properties [C:\Users\Rafa\Desktop\Workspace-22.0\Projects\Acme-Toolkits\target\classes\WEB-INF\views\inventor\toolkit\messages-en.i18n] with encoding 'utf-8' 
2022-05-31 11:50:26.082 DEBUG [acme.framework.configuration.ExtendedMessageSource@http-nio-8080-exec-1] Loading properties [C:\Users\Rafa\Desktop\Workspace-22.0\Projects\Acme-Toolkits\target\classes\WEB-INF\views\master\defaults-en.i18n] with encoding 'utf-8' 
2022-05-31 11:50:26.083 DEBUG [acme.framework.configuration.ExtendedMessageSource@http-nio-8080-exec-1] Loading properties [C:\Users\Rafa\Desktop\Workspace-22.0\Projects\Acme-Toolkits\target\classes\WEB-INF\views\master\master-en.i18n] with encoding 'utf-8' 
2022-05-31 11:50:26.084 DEBUG [acme.framework.configuration.ExtendedMessageSource@http-nio-8080-exec-1] Loading properties [C:\Users\Rafa\Desktop\Workspace-22.0\Projects\Acme-Toolkits\target\classes\WEB-INF\views\master\throwables-en.i18n] with encoding 'utf-8' 
2022-05-31 11:50:26.085 DEBUG [acme.framework.configuration.ExtendedMessageSource@http-nio-8080-exec-1] Loading properties [C:\Users\Rafa\Desktop\Workspace-22.0\Projects\Acme-Toolkits\target\classes\WEB-INF\views\master\validation-en.i18n] with encoding 'utf-8' 
2022-05-31 11:50:26.087 DEBUG [acme.framework.configuration.ExtendedMessageSource@http-nio-8080-exec-1] Loading properties [C:\Users\Rafa\Desktop\Workspace-22.0\Projects\Acme-Toolkits\target\classes\WEB-INF\views\patron\patron-dashboard\messages-en.i18n] with encoding 'utf-8' 
2022-05-31 11:50:26.088 DEBUG [acme.framework.configuration.ExtendedMessageSource@http-nio-8080-exec-1] Loading properties [C:\Users\Rafa\Desktop\Workspace-22.0\Projects\Acme-Toolkits\target\classes\WEB-INF\views\patron\patronage\messages-en.i18n] with encoding 'utf-8' 
2022-05-31 11:50:26.089 DEBUG [acme.framework.configuration.ExtendedMessageSource@http-nio-8080-exec-1] Loading properties [C:\Users\Rafa\Desktop\Workspace-22.0\Projects\Acme-Toolkits\target\classes\WEB-INF\views\patron\patronage-report\messages-en.i18n] with encoding 'utf-8' 
2022-05-31 11:50:26.335 DEBUG [org.apache.jasper.servlet.JspServlet@http-nio-8080-exec-1] JspEngine --> /WEB-INF/views/fragments/welcome.jsp 
2022-05-31 11:50:26.335 DEBUG [org.apache.jasper.servlet.JspServlet@http-nio-8080-exec-1] ServletPath: /WEB-INF/views/master/page.jsp 
2022-05-31 11:50:26.336 DEBUG [org.apache.jasper.servlet.JspServlet@http-nio-8080-exec-1] PathInfo: null 
2022-05-31 11:50:26.338 DEBUG [org.apache.jasper.servlet.JspServlet@http-nio-8080-exec-1] RealPath: C:\Users\Rafa\Desktop\Workspace-22.0\Projects\Acme-Toolkits\target\classes\WEB-INF\views\fragments\welcome.jsp 
2022-05-31 11:50:26.338 DEBUG [org.apache.jasper.servlet.JspServlet@http-nio-8080-exec-1] RequestURI: /acme-toolkits-22.1/WEB-INF/views/master/page.jsp 
2022-05-31 11:50:26.339 DEBUG [org.apache.jasper.servlet.JspServlet@http-nio-8080-exec-1] QueryString: null 
2022-05-31 11:50:26.727 DEBUG [org.hibernate.SQL@http-nio-8080-exec-1] select useraccoun0_.id as id1_0_, useraccoun0_.version as version2_0_, useraccoun0_.enabled as enabled1_19_, useraccoun0_.identity as identity2_19_, useraccoun0_.password as password3_19_, useraccoun0_.username as username4_19_ from user_account useraccoun0_ where useraccoun0_.username=? 
2022-05-31 11:50:26.752 TRACE [org.hibernate.type.descriptor.sql.BasicBinder@http-nio-8080-exec-1] binding parameter [1] as [VARCHAR] - [anonymous] 
2022-05-31 11:50:26.829 DEBUG [org.hibernate.SQL@http-nio-8080-exec-1] select roles0_.user_account_id as user_acc1_20_0_, roles0_.id as id1_20_0_, roles0_.id as id1_0_1_, roles0_.version as version2_0_1_, roles0_.user_account_id as user_acc1_20_1_, roles0_.company as company1_8_1_, roles0_.sector as sector2_8_1_, roles0_.company as company1_9_1_, roles0_.info as info2_9_1_, roles0_.statement as statemen3_9_1_, roles0_.company as company1_12_1_, roles0_.info as info2_12_1_, roles0_.statement as statemen3_12_1_, roles0_.company as company1_15_1_, roles0_.sector as sector2_15_1_, roles0_.clazz_ as clazz_1_ from ( select id, version, user_account_id, company, sector, null as info, null as statement, 12 as clazz_ from consumer union all select id, version, user_account_id, company, null as sector, info, statement, 13 as clazz_ from inventor union all select id, version, user_account_id, company, null as sector, info, statement, 14 as clazz_ from patron union all select id, version, user_account_id, company, sector, null as info, null as statement, 15 as clazz_ from provider union all select id, version, user_account_id, null as company, null as sector, null as info, null as statement, 17 as clazz_ from administrator union all select id, version, user_account_id, null as company, null as sector, null as info, null as statement, 18 as clazz_ from anonymous union all select id, version, user_account_id, null as company, null as sector, null as info, null as statement, 19 as clazz_ from any union all select id, version, user_account_id, null as company, null as sector, null as info, null as statement, 20 as clazz_ from authenticated ) roles0_ where roles0_.user_account_id=? 
2022-05-31 11:50:26.830 TRACE [org.hibernate.type.descriptor.sql.BasicBinder@http-nio-8080-exec-1] binding parameter [1] as [INTEGER] - [1] 
2022-05-31 11:50:28.834 DEBUG [acme.framework.components.tiles.DynamicTilesView@http-nio-8080-exec-10] View name 'master/sign-in', model {username=, password=, remember=false} 
2022-05-31 11:50:28.836 DEBUG [org.apache.jasper.servlet.JspServlet@http-nio-8080-exec-10] JspEngine --> /WEB-INF/views/master/page.jsp 
2022-05-31 11:50:28.836 DEBUG [org.apache.jasper.servlet.JspServlet@http-nio-8080-exec-10] ServletPath: /WEB-INF/views/master/page.jsp 
2022-05-31 11:50:28.837 DEBUG [org.apache.jasper.servlet.JspServlet@http-nio-8080-exec-10] PathInfo: null 
2022-05-31 11:50:28.839 DEBUG [org.apache.jasper.servlet.JspServlet@http-nio-8080-exec-10] RealPath: C:\Users\Rafa\Desktop\Workspace-22.0\Projects\Acme-Toolkits\target\classes\WEB-INF\views\master\page.jsp 
2022-05-31 11:50:28.840 DEBUG [org.apache.jasper.servlet.JspServlet@http-nio-8080-exec-10] RequestURI: /acme-toolkits-22.1/WEB-INF/views/master/page.jsp 
2022-05-31 11:50:28.840 DEBUG [org.apache.jasper.servlet.JspServlet@http-nio-8080-exec-10] QueryString: null 
2022-05-31 11:50:29.056 DEBUG [org.apache.jasper.servlet.JspServlet@http-nio-8080-exec-10] JspEngine --> /WEB-INF/views/master/sign-in.jsp 
2022-05-31 11:50:29.057 DEBUG [org.apache.jasper.servlet.JspServlet@http-nio-8080-exec-10] ServletPath: /WEB-INF/views/master/page.jsp 
2022-05-31 11:50:29.057 DEBUG [org.apache.jasper.servlet.JspServlet@http-nio-8080-exec-10] PathInfo: null 
2022-05-31 11:50:29.058 DEBUG [org.apache.jasper.servlet.JspServlet@http-nio-8080-exec-10] RealPath: C:\Users\Rafa\Desktop\Workspace-22.0\Projects\Acme-Toolkits\target\classes\WEB-INF\views\master\sign-in.jsp 
2022-05-31 11:50:29.058 DEBUG [org.apache.jasper.servlet.JspServlet@http-nio-8080-exec-10] RequestURI: /acme-toolkits-22.1/WEB-INF/views/master/page.jsp 
2022-05-31 11:50:29.059 DEBUG [org.apache.jasper.servlet.JspServlet@http-nio-8080-exec-10] QueryString: null 
2022-05-31 11:50:30.753 DEBUG [org.hibernate.SQL@http-nio-8080-exec-10] select useraccoun0_.id as id1_0_, useraccoun0_.version as version2_0_, useraccoun0_.enabled as enabled1_19_, useraccoun0_.identity as identity2_19_, useraccoun0_.password as password3_19_, useraccoun0_.username as username4_19_ from user_account useraccoun0_ where useraccoun0_.username=? 
2022-05-31 11:50:30.754 TRACE [org.hibernate.type.descriptor.sql.BasicBinder@http-nio-8080-exec-10] binding parameter [1] as [VARCHAR] - [anonymous] 
2022-05-31 11:50:30.755 DEBUG [org.hibernate.SQL@http-nio-8080-exec-10] select roles0_.user_account_id as user_acc1_20_0_, roles0_.id as id1_20_0_, roles0_.id as id1_0_1_, roles0_.version as version2_0_1_, roles0_.user_account_id as user_acc1_20_1_, roles0_.company as company1_8_1_, roles0_.sector as sector2_8_1_, roles0_.company as company1_9_1_, roles0_.info as info2_9_1_, roles0_.statement as statemen3_9_1_, roles0_.company as company1_12_1_, roles0_.info as info2_12_1_, roles0_.statement as statemen3_12_1_, roles0_.company as company1_15_1_, roles0_.sector as sector2_15_1_, roles0_.clazz_ as clazz_1_ from ( select id, version, user_account_id, company, sector, null as info, null as statement, 12 as clazz_ from consumer union all select id, version, user_account_id, company, null as sector, info, statement, 13 as clazz_ from inventor union all select id, version, user_account_id, company, null as sector, info, statement, 14 as clazz_ from patron union all select id, version, user_account_id, company, sector, null as info, null as statement, 15 as clazz_ from provider union all select id, version, user_account_id, null as company, null as sector, null as info, null as statement, 17 as clazz_ from administrator union all select id, version, user_account_id, null as company, null as sector, null as info, null as statement, 18 as clazz_ from anonymous union all select id, version, user_account_id, null as company, null as sector, null as info, null as statement, 19 as clazz_ from any union all select id, version, user_account_id, null as company, null as sector, null as info, null as statement, 20 as clazz_ from authenticated ) roles0_ where roles0_.user_account_id=? 
2022-05-31 11:50:30.756 TRACE [org.hibernate.type.descriptor.sql.BasicBinder@http-nio-8080-exec-10] binding parameter [1] as [INTEGER] - [1] 
2022-05-31 11:50:34.517 DEBUG [org.hibernate.SQL@http-nio-8080-exec-9] select useraccoun0_.id as id1_0_, useraccoun0_.version as version2_0_, useraccoun0_.enabled as enabled1_19_, useraccoun0_.identity as identity2_19_, useraccoun0_.password as password3_19_, useraccoun0_.username as username4_19_ from user_account useraccoun0_ where useraccoun0_.username=? 
2022-05-31 11:50:34.517 TRACE [org.hibernate.type.descriptor.sql.BasicBinder@http-nio-8080-exec-9] binding parameter [1] as [VARCHAR] - [inventor2] 
2022-05-31 11:50:34.522 DEBUG [org.hibernate.SQL@http-nio-8080-exec-9] select roles0_.user_account_id as user_acc1_20_0_, roles0_.id as id1_20_0_, roles0_.id as id1_0_1_, roles0_.version as version2_0_1_, roles0_.user_account_id as user_acc1_20_1_, roles0_.company as company1_8_1_, roles0_.sector as sector2_8_1_, roles0_.company as company1_9_1_, roles0_.info as info2_9_1_, roles0_.statement as statemen3_9_1_, roles0_.company as company1_12_1_, roles0_.info as info2_12_1_, roles0_.statement as statemen3_12_1_, roles0_.company as company1_15_1_, roles0_.sector as sector2_15_1_, roles0_.clazz_ as clazz_1_ from ( select id, version, user_account_id, company, sector, null as info, null as statement, 12 as clazz_ from consumer union all select id, version, user_account_id, company, null as sector, info, statement, 13 as clazz_ from inventor union all select id, version, user_account_id, company, null as sector, info, statement, 14 as clazz_ from patron union all select id, version, user_account_id, company, sector, null as info, null as statement, 15 as clazz_ from provider union all select id, version, user_account_id, null as company, null as sector, null as info, null as statement, 17 as clazz_ from administrator union all select id, version, user_account_id, null as company, null as sector, null as info, null as statement, 18 as clazz_ from anonymous union all select id, version, user_account_id, null as company, null as sector, null as info, null as statement, 19 as clazz_ from any union all select id, version, user_account_id, null as company, null as sector, null as info, null as statement, 20 as clazz_ from authenticated ) roles0_ where roles0_.user_account_id=? 
2022-05-31 11:50:34.522 TRACE [org.hibernate.type.descriptor.sql.BasicBinder@http-nio-8080-exec-9] binding parameter [1] as [INTEGER] - [4] 
2022-05-31 11:50:34.557 DEBUG [acme.framework.components.tiles.DynamicTilesView@http-nio-8080-exec-3] View name 'fragments/welcome', model {} 
2022-05-31 11:50:34.558 DEBUG [org.apache.jasper.servlet.JspServlet@http-nio-8080-exec-3] JspEngine --> /WEB-INF/views/master/page.jsp 
2022-05-31 11:50:34.558 DEBUG [org.apache.jasper.servlet.JspServlet@http-nio-8080-exec-3] ServletPath: /WEB-INF/views/master/page.jsp 
2022-05-31 11:50:34.558 DEBUG [org.apache.jasper.servlet.JspServlet@http-nio-8080-exec-3] PathInfo: null 
2022-05-31 11:50:34.560 DEBUG [org.apache.jasper.servlet.JspServlet@http-nio-8080-exec-3] RealPath: C:\Users\Rafa\Desktop\Workspace-22.0\Projects\Acme-Toolkits\target\classes\WEB-INF\views\master\page.jsp 
2022-05-31 11:50:34.560 DEBUG [org.apache.jasper.servlet.JspServlet@http-nio-8080-exec-3] RequestURI: /acme-toolkits-22.1/WEB-INF/views/master/page.jsp 
2022-05-31 11:50:34.561 DEBUG [org.apache.jasper.servlet.JspServlet@http-nio-8080-exec-3] QueryString: null 
2022-05-31 11:50:34.821 DEBUG [org.apache.jasper.servlet.JspServlet@http-nio-8080-exec-3] JspEngine --> /WEB-INF/views/fragments/welcome.jsp 
2022-05-31 11:50:34.822 DEBUG [org.apache.jasper.servlet.JspServlet@http-nio-8080-exec-3] ServletPath: /WEB-INF/views/master/page.jsp 
2022-05-31 11:50:34.822 DEBUG [org.apache.jasper.servlet.JspServlet@http-nio-8080-exec-3] PathInfo: null 
2022-05-31 11:50:34.824 DEBUG [org.apache.jasper.servlet.JspServlet@http-nio-8080-exec-3] RealPath: C:\Users\Rafa\Desktop\Workspace-22.0\Projects\Acme-Toolkits\target\classes\WEB-INF\views\fragments\welcome.jsp 
2022-05-31 11:50:34.824 DEBUG [org.apache.jasper.servlet.JspServlet@http-nio-8080-exec-3] RequestURI: /acme-toolkits-22.1/WEB-INF/views/master/page.jsp 
2022-05-31 11:50:34.824 DEBUG [org.apache.jasper.servlet.JspServlet@http-nio-8080-exec-3] QueryString: null 
2022-05-31 11:50:38.361 DEBUG [acme.framework.controllers.AbstractController@http-nio-8080-exec-10] DISPATCHING GET /acme-toolkits-22.1/inventor/chimpum/list 
2022-05-31 11:50:38.361 DEBUG [acme.framework.controllers.AbstractController@http-nio-8080-exec-10] Command: list 
2022-05-31 11:50:38.361 DEBUG [acme.framework.controllers.AbstractController@http-nio-8080-exec-10] Model:   {} 
2022-05-31 11:50:38.361 DEBUG [acme.framework.controllers.AbstractController@http-nio-8080-exec-10] Locale:  en 
2022-05-31 11:50:38.362 DEBUG [acme.framework.controllers.AbstractController@http-nio-8080-exec-10] Starting transaction 1830c564-92f9-4096-b9d3-50b4eca2044b 
2022-05-31 11:50:38.378 DEBUG [org.hibernate.SQL@http-nio-8080-exec-10] select item0_.id as id1_0_, item0_.version as version2_0_, item0_.code as code1_10_, item0_.description as descript2_10_, item0_.info as info3_10_, item0_.inventor_id as invento10_10_, item0_.item_type as item_typ4_10_, item0_.name as name5_10_, item0_.published as publishe6_10_, item0_.retail_price_amount as retail_p7_10_, item0_.retail_price_currency as retail_p8_10_, item0_.technology as technolo9_10_ from item item0_ where item0_.inventor_id=? 
2022-05-31 11:50:38.378 TRACE [org.hibernate.type.descriptor.sql.BasicBinder@http-nio-8080-exec-10] binding parameter [1] as [INTEGER] - [10] 
2022-05-31 11:50:38.381 DEBUG [org.hibernate.SQL@http-nio-8080-exec-10] select inventor0_.id as id1_0_0_, inventor0_.version as version2_0_0_, inventor0_.user_account_id as user_acc1_20_0_, inventor0_.company as company1_9_0_, inventor0_.info as info2_9_0_, inventor0_.statement as statemen3_9_0_, useraccoun1_.id as id1_0_1_, useraccoun1_.version as version2_0_1_, useraccoun1_.enabled as enabled1_19_1_, useraccoun1_.identity as identity2_19_1_, useraccoun1_.password as password3_19_1_, useraccoun1_.username as username4_19_1_ from inventor inventor0_ inner join user_account useraccoun1_ on inventor0_.user_account_id=useraccoun1_.id where inventor0_.id=? 
2022-05-31 11:50:38.382 TRACE [org.hibernate.type.descriptor.sql.BasicBinder@http-nio-8080-exec-10] binding parameter [1] as [INTEGER] - [10] 
2022-05-31 11:50:38.414 DEBUG [org.hibernate.SQL@http-nio-8080-exec-10] select chimpum0_.id as id1_0_, chimpum0_.version as version2_0_, chimpum0_.budget_amount as budget_a1_6_, chimpum0_.budget_currency as budget_c2_6_, chimpum0_.code as code3_6_, chimpum0_.creation_moment as creation4_6_, chimpum0_.description as descript5_6_, chimpum0_.end_period as end_peri6_6_, chimpum0_.item_id as item_id10_6_, chimpum0_.link as link7_6_, chimpum0_.start_period as start_pe8_6_, chimpum0_.tittle as tittle9_6_ from chimpum chimpum0_ where chimpum0_.item_id=? 
2022-05-31 11:50:38.414 TRACE [org.hibernate.type.descriptor.sql.BasicBinder@http-nio-8080-exec-10] binding parameter [1] as [INTEGER] - [35] 
2022-05-31 11:50:38.418 DEBUG [org.hibernate.SQL@http-nio-8080-exec-10] select chimpum0_.id as id1_0_, chimpum0_.version as version2_0_, chimpum0_.budget_amount as budget_a1_6_, chimpum0_.budget_currency as budget_c2_6_, chimpum0_.code as code3_6_, chimpum0_.creation_moment as creation4_6_, chimpum0_.description as descript5_6_, chimpum0_.end_period as end_peri6_6_, chimpum0_.item_id as item_id10_6_, chimpum0_.link as link7_6_, chimpum0_.start_period as start_pe8_6_, chimpum0_.tittle as tittle9_6_ from chimpum chimpum0_ where chimpum0_.item_id=? 
2022-05-31 11:50:38.419 TRACE [org.hibernate.type.descriptor.sql.BasicBinder@http-nio-8080-exec-10] binding parameter [1] as [INTEGER] - [38] 
2022-05-31 11:50:38.427 DEBUG [org.hibernate.SQL@http-nio-8080-exec-10] select chimpum0_.id as id1_0_, chimpum0_.version as version2_0_, chimpum0_.budget_amount as budget_a1_6_, chimpum0_.budget_currency as budget_c2_6_, chimpum0_.code as code3_6_, chimpum0_.creation_moment as creation4_6_, chimpum0_.description as descript5_6_, chimpum0_.end_period as end_peri6_6_, chimpum0_.item_id as item_id10_6_, chimpum0_.link as link7_6_, chimpum0_.start_period as start_pe8_6_, chimpum0_.tittle as tittle9_6_ from chimpum chimpum0_ where chimpum0_.item_id=? 
2022-05-31 11:50:38.428 TRACE [org.hibernate.type.descriptor.sql.BasicBinder@http-nio-8080-exec-10] binding parameter [1] as [INTEGER] - [39] 
2022-05-31 11:50:38.430 DEBUG [org.hibernate.SQL@http-nio-8080-exec-10] select chimpum0_.id as id1_0_, chimpum0_.version as version2_0_, chimpum0_.budget_amount as budget_a1_6_, chimpum0_.budget_currency as budget_c2_6_, chimpum0_.code as code3_6_, chimpum0_.creation_moment as creation4_6_, chimpum0_.description as descript5_6_, chimpum0_.end_period as end_peri6_6_, chimpum0_.item_id as item_id10_6_, chimpum0_.link as link7_6_, chimpum0_.start_period as start_pe8_6_, chimpum0_.tittle as tittle9_6_ from chimpum chimpum0_ where chimpum0_.item_id=? 
2022-05-31 11:50:38.431 TRACE [org.hibernate.type.descriptor.sql.BasicBinder@http-nio-8080-exec-10] binding parameter [1] as [INTEGER] - [41] 
2022-05-31 11:50:38.433 DEBUG [org.hibernate.SQL@http-nio-8080-exec-10] select chimpum0_.id as id1_0_, chimpum0_.version as version2_0_, chimpum0_.budget_amount as budget_a1_6_, chimpum0_.budget_currency as budget_c2_6_, chimpum0_.code as code3_6_, chimpum0_.creation_moment as creation4_6_, chimpum0_.description as descript5_6_, chimpum0_.end_period as end_peri6_6_, chimpum0_.item_id as item_id10_6_, chimpum0_.link as link7_6_, chimpum0_.start_period as start_pe8_6_, chimpum0_.tittle as tittle9_6_ from chimpum chimpum0_ where chimpum0_.item_id=? 
2022-05-31 11:50:38.433 TRACE [org.hibernate.type.descriptor.sql.BasicBinder@http-nio-8080-exec-10] binding parameter [1] as [INTEGER] - [42] 
2022-05-31 11:50:38.436 DEBUG [org.hibernate.SQL@http-nio-8080-exec-10] select chimpum0_.id as id1_0_, chimpum0_.version as version2_0_, chimpum0_.budget_amount as budget_a1_6_, chimpum0_.budget_currency as budget_c2_6_, chimpum0_.code as code3_6_, chimpum0_.creation_moment as creation4_6_, chimpum0_.description as descript5_6_, chimpum0_.end_period as end_peri6_6_, chimpum0_.item_id as item_id10_6_, chimpum0_.link as link7_6_, chimpum0_.start_period as start_pe8_6_, chimpum0_.tittle as tittle9_6_ from chimpum chimpum0_ where chimpum0_.item_id=? 
2022-05-31 11:50:38.436 TRACE [org.hibernate.type.descriptor.sql.BasicBinder@http-nio-8080-exec-10] binding parameter [1] as [INTEGER] - [51] 
2022-05-31 11:50:38.440 DEBUG [org.hibernate.SQL@http-nio-8080-exec-10] select chimpum0_.id as id1_0_, chimpum0_.version as version2_0_, chimpum0_.budget_amount as budget_a1_6_, chimpum0_.budget_currency as budget_c2_6_, chimpum0_.code as code3_6_, chimpum0_.creation_moment as creation4_6_, chimpum0_.description as descript5_6_, chimpum0_.end_period as end_peri6_6_, chimpum0_.item_id as item_id10_6_, chimpum0_.link as link7_6_, chimpum0_.start_period as start_pe8_6_, chimpum0_.tittle as tittle9_6_ from chimpum chimpum0_ where chimpum0_.item_id=? 
2022-05-31 11:50:38.441 TRACE [org.hibernate.type.descriptor.sql.BasicBinder@http-nio-8080-exec-10] binding parameter [1] as [INTEGER] - [52] 
2022-05-31 11:50:38.465 DEBUG [acme.framework.controllers.AbstractController@http-nio-8080-exec-10] Committing transaction 1830c564-92f9-4096-b9d3-50b4eca2044b 
2022-05-31 11:50:38.467 DEBUG [acme.framework.controllers.AbstractController@http-nio-8080-exec-10] Starting transaction 387b8baf-ff9f-4cc9-9f26-5f7a4772106f 
2022-05-31 11:50:38.467 DEBUG [acme.framework.controllers.AbstractController@http-nio-8080-exec-10] Committing transaction 387b8baf-ff9f-4cc9-9f26-5f7a4772106f 
2022-05-31 11:50:38.469 DEBUG [acme.framework.controllers.AbstractController@http-nio-8080-exec-10] SERVING GET /acme-toolkits-22.1/inventor/chimpum/list 
2022-05-31 11:50:38.471 DEBUG [acme.framework.controllers.AbstractController@http-nio-8080-exec-10] Result: ModelAndView [view="inventor/chimpum/list"; model={budget[0]=<<USD 2000.00>>, item.code[0]=XOX-123, code[0]=22/05/28, version[0]=5, creationMoment[0]=2022-05-28 18:51:00.0, tittle[0]=C5, id[0]=67, list$size=1, command=list, principal=acme.framework.entities.Principal@20bdadf4}] 
2022-05-31 11:50:38.478 DEBUG [acme.framework.components.tiles.DynamicTilesView@http-nio-8080-exec-10] View name 'inventor/chimpum/list', model {budget[0]=<<USD 2000.00>>, item.code[0]=XOX-123, code[0]=22/05/28, version[0]=5, creationMoment[0]=2022-05-28 18:51:00.0, tittle[0]=C5, id[0]=67, list$size=1, command=list, principal=acme.framework.entities.Principal@20bdadf4, org.springframework.validation.BindingResult.budget[0]=org.springframework.validation.BeanPropertyBindingResult: 0 errors, org.springframework.validation.BindingResult.principal=org.springframework.validation.BeanPropertyBindingResult: 0 errors} 
2022-05-31 11:50:38.479 DEBUG [org.apache.jasper.servlet.JspServlet@http-nio-8080-exec-10] JspEngine --> /WEB-INF/views/master/page.jsp 
2022-05-31 11:50:38.479 DEBUG [org.apache.jasper.servlet.JspServlet@http-nio-8080-exec-10] ServletPath: /WEB-INF/views/master/page.jsp 
2022-05-31 11:50:38.480 DEBUG [org.apache.jasper.servlet.JspServlet@http-nio-8080-exec-10] PathInfo: null 
2022-05-31 11:50:38.480 DEBUG [org.apache.jasper.servlet.JspServlet@http-nio-8080-exec-10] RealPath: C:\Users\Rafa\Desktop\Workspace-22.0\Projects\Acme-Toolkits\target\classes\WEB-INF\views\master\page.jsp 
2022-05-31 11:50:38.480 DEBUG [org.apache.jasper.servlet.JspServlet@http-nio-8080-exec-10] RequestURI: /acme-toolkits-22.1/WEB-INF/views/master/page.jsp 
2022-05-31 11:50:38.480 DEBUG [org.apache.jasper.servlet.JspServlet@http-nio-8080-exec-10] QueryString: null 
2022-05-31 11:50:38.700 DEBUG [org.apache.jasper.servlet.JspServlet@http-nio-8080-exec-10] JspEngine --> /WEB-INF/views/inventor/chimpum/list.jsp 
2022-05-31 11:50:38.700 DEBUG [org.apache.jasper.servlet.JspServlet@http-nio-8080-exec-10] ServletPath: /WEB-INF/views/master/page.jsp 
2022-05-31 11:50:38.700 DEBUG [org.apache.jasper.servlet.JspServlet@http-nio-8080-exec-10] PathInfo: null 
2022-05-31 11:50:38.702 DEBUG [org.apache.jasper.servlet.JspServlet@http-nio-8080-exec-10] RealPath: C:\Users\Rafa\Desktop\Workspace-22.0\Projects\Acme-Toolkits\target\classes\WEB-INF\views\inventor\chimpum\list.jsp 
2022-05-31 11:50:38.703 DEBUG [org.apache.jasper.servlet.JspServlet@http-nio-8080-exec-10] RequestURI: /acme-toolkits-22.1/WEB-INF/views/master/page.jsp 
2022-05-31 11:50:38.703 DEBUG [org.apache.jasper.servlet.JspServlet@http-nio-8080-exec-10] QueryString: null 
2022-05-31 11:50:42.978 DEBUG [acme.framework.controllers.AbstractController@http-nio-8080-exec-10] DISPATCHING GET /acme-toolkits-22.1/inventor/chimpum/show 
2022-05-31 11:50:42.978 DEBUG [acme.framework.controllers.AbstractController@http-nio-8080-exec-10] Command: show 
2022-05-31 11:50:42.978 DEBUG [acme.framework.controllers.AbstractController@http-nio-8080-exec-10] Model:   {id=67} 
2022-05-31 11:50:42.978 DEBUG [acme.framework.controllers.AbstractController@http-nio-8080-exec-10] Locale:  en 
2022-05-31 11:50:42.978 DEBUG [acme.framework.controllers.AbstractController@http-nio-8080-exec-10] Starting transaction 8686ea2e-d714-450c-9589-7ce449f5d4ef 
2022-05-31 11:50:42.980 DEBUG [org.hibernate.SQL@http-nio-8080-exec-10] select chimpum0_.id as id1_0_, chimpum0_.version as version2_0_, chimpum0_.budget_amount as budget_a1_6_, chimpum0_.budget_currency as budget_c2_6_, chimpum0_.code as code3_6_, chimpum0_.creation_moment as creation4_6_, chimpum0_.description as descript5_6_, chimpum0_.end_period as end_peri6_6_, chimpum0_.item_id as item_id10_6_, chimpum0_.link as link7_6_, chimpum0_.start_period as start_pe8_6_, chimpum0_.tittle as tittle9_6_ from chimpum chimpum0_ where chimpum0_.id=? 
2022-05-31 11:50:42.981 TRACE [org.hibernate.type.descriptor.sql.BasicBinder@http-nio-8080-exec-10] binding parameter [1] as [INTEGER] - [67] 
2022-05-31 11:50:42.982 DEBUG [org.hibernate.SQL@http-nio-8080-exec-10] select item0_.id as id1_0_0_, item0_.version as version2_0_0_, item0_.code as code1_10_0_, item0_.description as descript2_10_0_, item0_.info as info3_10_0_, item0_.inventor_id as invento10_10_0_, item0_.item_type as item_typ4_10_0_, item0_.name as name5_10_0_, item0_.published as publishe6_10_0_, item0_.retail_price_amount as retail_p7_10_0_, item0_.retail_price_currency as retail_p8_10_0_, item0_.technology as technolo9_10_0_, inventor1_.id as id1_0_1_, inventor1_.version as version2_0_1_, inventor1_.user_account_id as user_acc1_20_1_, inventor1_.company as company1_9_1_, inventor1_.info as info2_9_1_, inventor1_.statement as statemen3_9_1_, useraccoun2_.id as id1_0_2_, useraccoun2_.version as version2_0_2_, useraccoun2_.enabled as enabled1_19_2_, useraccoun2_.identity as identity2_19_2_, useraccoun2_.password as password3_19_2_, useraccoun2_.username as username4_19_2_ from item item0_ inner join inventor inventor1_ on item0_.inventor_id=inventor1_.id inner join user_account useraccoun2_ on inventor1_.user_account_id=useraccoun2_.id where item0_.id=? 
2022-05-31 11:50:42.982 TRACE [org.hibernate.type.descriptor.sql.BasicBinder@http-nio-8080-exec-10] binding parameter [1] as [INTEGER] - [38] 
2022-05-31 11:50:42.988 DEBUG [org.hibernate.SQL@http-nio-8080-exec-10] select chimpum0_.id as id1_0_, chimpum0_.version as version2_0_, chimpum0_.budget_amount as budget_a1_6_, chimpum0_.budget_currency as budget_c2_6_, chimpum0_.code as code3_6_, chimpum0_.creation_moment as creation4_6_, chimpum0_.description as descript5_6_, chimpum0_.end_period as end_peri6_6_, chimpum0_.item_id as item_id10_6_, chimpum0_.link as link7_6_, chimpum0_.start_period as start_pe8_6_, chimpum0_.tittle as tittle9_6_ from chimpum chimpum0_ where chimpum0_.id=? 
2022-05-31 11:50:42.989 TRACE [org.hibernate.type.descriptor.sql.BasicBinder@http-nio-8080-exec-10] binding parameter [1] as [INTEGER] - [67] 
2022-05-31 11:50:42.990 DEBUG [acme.framework.controllers.AbstractController@http-nio-8080-exec-10] Committing transaction 8686ea2e-d714-450c-9589-7ce449f5d4ef 
2022-05-31 11:50:42.991 DEBUG [acme.framework.controllers.AbstractController@http-nio-8080-exec-10] Starting transaction cb58d4bd-7b22-4011-81b2-8864b9844c6b 
2022-05-31 11:50:42.991 DEBUG [acme.framework.controllers.AbstractController@http-nio-8080-exec-10] Committing transaction cb58d4bd-7b22-4011-81b2-8864b9844c6b 
2022-05-31 11:50:42.992 DEBUG [acme.framework.controllers.AbstractController@http-nio-8080-exec-10] SERVING GET /acme-toolkits-22.1/inventor/chimpum/show 
2022-05-31 11:50:42.992 DEBUG [acme.framework.controllers.AbstractController@http-nio-8080-exec-10] Result: ModelAndView [view="inventor/chimpum/form"; model={startPeriod=2022-07-21 23:00:00.0, code=22/05/28, endPeriod=2022-07-20 23:00:00.0, creationMoment=2022-05-28 18:51:00.0, link=https://link.com, description=., id=67, version=5, tittle=C5, budget=<<USD 2000.00>>, command=show, principal=acme.framework.entities.Principal@20bdadf4}] 
2022-05-31 11:50:42.992 DEBUG [acme.framework.components.tiles.DynamicTilesView@http-nio-8080-exec-10] View name 'inventor/chimpum/form', model {startPeriod=2022-07-21 23:00:00.0, code=22/05/28, endPeriod=2022-07-20 23:00:00.0, creationMoment=2022-05-28 18:51:00.0, link=https://link.com, description=., id=67, version=5, tittle=C5, budget=<<USD 2000.00>>, command=show, principal=acme.framework.entities.Principal@20bdadf4, org.springframework.validation.BindingResult.budget=org.springframework.validation.BeanPropertyBindingResult: 0 errors, org.springframework.validation.BindingResult.principal=org.springframework.validation.BeanPropertyBindingResult: 0 errors} 
2022-05-31 11:50:42.993 DEBUG [org.apache.jasper.servlet.JspServlet@http-nio-8080-exec-10] JspEngine --> /WEB-INF/views/master/page.jsp 
2022-05-31 11:50:42.994 DEBUG [org.apache.jasper.servlet.JspServlet@http-nio-8080-exec-10] ServletPath: /WEB-INF/views/master/page.jsp 
2022-05-31 11:50:42.994 DEBUG [org.apache.jasper.servlet.JspServlet@http-nio-8080-exec-10] PathInfo: null 
2022-05-31 11:50:42.995 DEBUG [org.apache.jasper.servlet.JspServlet@http-nio-8080-exec-10] RealPath: C:\Users\Rafa\Desktop\Workspace-22.0\Projects\Acme-Toolkits\target\classes\WEB-INF\views\master\page.jsp 
2022-05-31 11:50:42.996 DEBUG [org.apache.jasper.servlet.JspServlet@http-nio-8080-exec-10] RequestURI: /acme-toolkits-22.1/WEB-INF/views/master/page.jsp 
2022-05-31 11:50:42.996 DEBUG [org.apache.jasper.servlet.JspServlet@http-nio-8080-exec-10] QueryString: id=67 
2022-05-31 11:50:43.248 DEBUG [org.apache.jasper.servlet.JspServlet@http-nio-8080-exec-10] JspEngine --> /WEB-INF/views/inventor/chimpum/form.jsp 
2022-05-31 11:50:43.249 DEBUG [org.apache.jasper.servlet.JspServlet@http-nio-8080-exec-10] ServletPath: /WEB-INF/views/master/page.jsp 
2022-05-31 11:50:43.249 DEBUG [org.apache.jasper.servlet.JspServlet@http-nio-8080-exec-10] PathInfo: null 
2022-05-31 11:50:43.251 DEBUG [org.apache.jasper.servlet.JspServlet@http-nio-8080-exec-10] RealPath: C:\Users\Rafa\Desktop\Workspace-22.0\Projects\Acme-Toolkits\target\classes\WEB-INF\views\inventor\chimpum\form.jsp 
2022-05-31 11:50:43.252 DEBUG [org.apache.jasper.servlet.JspServlet@http-nio-8080-exec-10] RequestURI: /acme-toolkits-22.1/WEB-INF/views/master/page.jsp 
2022-05-31 11:50:43.252 DEBUG [org.apache.jasper.servlet.JspServlet@http-nio-8080-exec-10] QueryString: id=67 
2022-05-31 11:50:46.618 DEBUG [acme.framework.controllers.AbstractController@http-nio-8080-exec-9] DISPATCHING POST /acme-toolkits-22.1/inventor/chimpum/update 
2022-05-31 11:50:46.618 DEBUG [acme.framework.controllers.AbstractController@http-nio-8080-exec-9] Command: update 
2022-05-31 11:50:46.618 DEBUG [acme.framework.controllers.AbstractController@http-nio-8080-exec-9] Model:   {id=67, version=5, _csrf=844cd8ef-3638-44d2-8fd0-969409c3b1ed, code=22/05/28, creationMoment=2022/05/28 18:51, tittle=C5, description=., startPeriod=2022/07/21 23:00, endPeriod=2022/07/20 23:00, budget=USD 2,000.00, link=https://link.com} 
2022-05-31 11:50:46.619 DEBUG [acme.framework.controllers.AbstractController@http-nio-8080-exec-9] Locale:  en 
2022-05-31 11:50:46.619 DEBUG [acme.framework.controllers.AbstractController@http-nio-8080-exec-9] Starting transaction 049f7e22-95ac-4897-9a69-50b7f65999a8 
2022-05-31 11:50:46.620 DEBUG [org.hibernate.SQL@http-nio-8080-exec-9] select chimpum0_.id as id1_0_, chimpum0_.version as version2_0_, chimpum0_.budget_amount as budget_a1_6_, chimpum0_.budget_currency as budget_c2_6_, chimpum0_.code as code3_6_, chimpum0_.creation_moment as creation4_6_, chimpum0_.description as descript5_6_, chimpum0_.end_period as end_peri6_6_, chimpum0_.item_id as item_id10_6_, chimpum0_.link as link7_6_, chimpum0_.start_period as start_pe8_6_, chimpum0_.tittle as tittle9_6_ from chimpum chimpum0_ where chimpum0_.id=? 
2022-05-31 11:50:46.620 TRACE [org.hibernate.type.descriptor.sql.BasicBinder@http-nio-8080-exec-9] binding parameter [1] as [INTEGER] - [67] 
2022-05-31 11:50:46.621 DEBUG [org.hibernate.SQL@http-nio-8080-exec-9] select item0_.id as id1_0_0_, item0_.version as version2_0_0_, item0_.code as code1_10_0_, item0_.description as descript2_10_0_, item0_.info as info3_10_0_, item0_.inventor_id as invento10_10_0_, item0_.item_type as item_typ4_10_0_, item0_.name as name5_10_0_, item0_.published as publishe6_10_0_, item0_.retail_price_amount as retail_p7_10_0_, item0_.retail_price_currency as retail_p8_10_0_, item0_.technology as technolo9_10_0_, inventor1_.id as id1_0_1_, inventor1_.version as version2_0_1_, inventor1_.user_account_id as user_acc1_20_1_, inventor1_.company as company1_9_1_, inventor1_.info as info2_9_1_, inventor1_.statement as statemen3_9_1_, useraccoun2_.id as id1_0_2_, useraccoun2_.version as version2_0_2_, useraccoun2_.enabled as enabled1_19_2_, useraccoun2_.identity as identity2_19_2_, useraccoun2_.password as password3_19_2_, useraccoun2_.username as username4_19_2_ from item item0_ inner join inventor inventor1_ on item0_.inventor_id=inventor1_.id inner join user_account useraccoun2_ on inventor1_.user_account_id=useraccoun2_.id where item0_.id=? 
2022-05-31 11:50:46.622 TRACE [org.hibernate.type.descriptor.sql.BasicBinder@http-nio-8080-exec-9] binding parameter [1] as [INTEGER] - [38] 
2022-05-31 11:50:46.625 DEBUG [org.hibernate.SQL@http-nio-8080-exec-9] select chimpum0_.id as id1_0_, chimpum0_.version as version2_0_, chimpum0_.budget_amount as budget_a1_6_, chimpum0_.budget_currency as budget_c2_6_, chimpum0_.code as code3_6_, chimpum0_.creation_moment as creation4_6_, chimpum0_.description as descript5_6_, chimpum0_.end_period as end_peri6_6_, chimpum0_.item_id as item_id10_6_, chimpum0_.link as link7_6_, chimpum0_.start_period as start_pe8_6_, chimpum0_.tittle as tittle9_6_ from chimpum chimpum0_ where chimpum0_.id=? 
2022-05-31 11:50:46.625 TRACE [org.hibernate.type.descriptor.sql.BasicBinder@http-nio-8080-exec-9] binding parameter [1] as [INTEGER] - [67] 
2022-05-31 11:50:46.748 DEBUG [org.hibernate.SQL@http-nio-8080-exec-9] select systemconf0_.accepted_currencies as col_0_0_ from system_configuration systemconf0_ 
2022-05-31 11:50:46.785 DEBUG [org.hibernate.SQL@http-nio-8080-exec-9] select chimpum0_.id as id1_0_0_, chimpum0_.version as version2_0_0_, chimpum0_.budget_amount as budget_a1_6_0_, chimpum0_.budget_currency as budget_c2_6_0_, chimpum0_.code as code3_6_0_, chimpum0_.creation_moment as creation4_6_0_, chimpum0_.description as descript5_6_0_, chimpum0_.end_period as end_peri6_6_0_, chimpum0_.item_id as item_id10_6_0_, chimpum0_.link as link7_6_0_, chimpum0_.start_period as start_pe8_6_0_, chimpum0_.tittle as tittle9_6_0_ from chimpum chimpum0_ where chimpum0_.id=? 
2022-05-31 11:50:46.786 TRACE [org.hibernate.type.descriptor.sql.BasicBinder@http-nio-8080-exec-9] binding parameter [1] as [INTEGER] - [67] 
2022-05-31 11:50:46.787 DEBUG [org.hibernate.SQL@http-nio-8080-exec-9] select item0_.id as id1_0_0_, item0_.version as version2_0_0_, item0_.code as code1_10_0_, item0_.description as descript2_10_0_, item0_.info as info3_10_0_, item0_.inventor_id as invento10_10_0_, item0_.item_type as item_typ4_10_0_, item0_.name as name5_10_0_, item0_.published as publishe6_10_0_, item0_.retail_price_amount as retail_p7_10_0_, item0_.retail_price_currency as retail_p8_10_0_, item0_.technology as technolo9_10_0_ from item item0_ where item0_.id=? 
2022-05-31 11:50:46.787 TRACE [org.hibernate.type.descriptor.sql.BasicBinder@http-nio-8080-exec-9] binding parameter [1] as [INTEGER] - [38] 
2022-05-31 11:50:46.788 DEBUG [org.hibernate.SQL@http-nio-8080-exec-9] select inventor0_.id as id1_0_0_, inventor0_.version as version2_0_0_, inventor0_.user_account_id as user_acc1_20_0_, inventor0_.company as company1_9_0_, inventor0_.info as info2_9_0_, inventor0_.statement as statemen3_9_0_ from inventor inventor0_ where inventor0_.id=? 
2022-05-31 11:50:46.789 TRACE [org.hibernate.type.descriptor.sql.BasicBinder@http-nio-8080-exec-9] binding parameter [1] as [INTEGER] - [10] 
2022-05-31 11:50:46.790 DEBUG [org.hibernate.SQL@http-nio-8080-exec-9] select useraccoun0_.id as id1_0_0_, useraccoun0_.version as version2_0_0_, useraccoun0_.enabled as enabled1_19_0_, useraccoun0_.identity as identity2_19_0_, useraccoun0_.password as password3_19_0_, useraccoun0_.username as username4_19_0_ from user_account useraccoun0_ where useraccoun0_.id=? 
2022-05-31 11:50:46.790 TRACE [org.hibernate.type.descriptor.sql.BasicBinder@http-nio-8080-exec-9] binding parameter [1] as [INTEGER] - [4] 
2022-05-31 11:50:46.792 DEBUG [acme.framework.controllers.AbstractController@http-nio-8080-exec-9] Committing transaction 049f7e22-95ac-4897-9a69-50b7f65999a8 
2022-05-31 11:50:46.796 DEBUG [acme.framework.controllers.AbstractController@http-nio-8080-exec-9] Starting transaction 05db75b3-55d3-4dd4-b5e3-8dd2f3463320 
2022-05-31 11:50:46.796 DEBUG [acme.framework.controllers.AbstractController@http-nio-8080-exec-9] Committing transaction 05db75b3-55d3-4dd4-b5e3-8dd2f3463320 
2022-05-31 11:50:46.797 DEBUG [acme.framework.controllers.AbstractController@http-nio-8080-exec-9] SERVING POST /acme-toolkits-22.1/inventor/chimpum/update 
2022-05-31 11:50:46.797 DEBUG [acme.framework.controllers.AbstractController@http-nio-8080-exec-9] Result: ModelAndView [view="redirect:/master/referrer"; model={command=update, principal=acme.framework.entities.Principal@20bdadf4}] 
2022-05-31 11:50:46.803 DEBUG [acme.framework.components.tiles.DynamicTilesView@http-nio-8080-exec-10] View name 'master/referrer', model {} 
2022-05-31 11:50:46.804 DEBUG [org.apache.jasper.servlet.JspServlet@http-nio-8080-exec-10] JspEngine --> /WEB-INF/views/master/page.jsp 
2022-05-31 11:50:46.804 DEBUG [org.apache.jasper.servlet.JspServlet@http-nio-8080-exec-10] ServletPath: /WEB-INF/views/master/page.jsp 
2022-05-31 11:50:46.805 DEBUG [org.apache.jasper.servlet.JspServlet@http-nio-8080-exec-10] PathInfo: null 
2022-05-31 11:50:46.806 DEBUG [org.apache.jasper.servlet.JspServlet@http-nio-8080-exec-10] RealPath: C:\Users\Rafa\Desktop\Workspace-22.0\Projects\Acme-Toolkits\target\classes\WEB-INF\views\master\page.jsp 
2022-05-31 11:50:46.806 DEBUG [org.apache.jasper.servlet.JspServlet@http-nio-8080-exec-10] RequestURI: /acme-toolkits-22.1/WEB-INF/views/master/page.jsp 
2022-05-31 11:50:46.807 DEBUG [org.apache.jasper.servlet.JspServlet@http-nio-8080-exec-10] QueryString: command=update 
2022-05-31 11:50:47.048 DEBUG [org.apache.jasper.servlet.JspServlet@http-nio-8080-exec-10] JspEngine --> /WEB-INF/views/master/referrer.jsp 
2022-05-31 11:50:47.048 DEBUG [org.apache.jasper.servlet.JspServlet@http-nio-8080-exec-10] ServletPath: /WEB-INF/views/master/page.jsp 
2022-05-31 11:50:47.048 DEBUG [org.apache.jasper.servlet.JspServlet@http-nio-8080-exec-10] PathInfo: null 
2022-05-31 11:50:47.049 DEBUG [org.apache.jasper.servlet.JspServlet@http-nio-8080-exec-10] RealPath: C:\Users\Rafa\Desktop\Workspace-22.0\Projects\Acme-Toolkits\target\classes\WEB-INF\views\master\referrer.jsp 
2022-05-31 11:50:47.050 DEBUG [org.apache.jasper.servlet.JspServlet@http-nio-8080-exec-10] RequestURI: /acme-toolkits-22.1/WEB-INF/views/master/page.jsp 
2022-05-31 11:50:47.051 DEBUG [org.apache.jasper.servlet.JspServlet@http-nio-8080-exec-10] QueryString: command=update 
2022-05-31 11:50:47.363 DEBUG [acme.framework.controllers.AbstractController@http-nio-8080-exec-8] DISPATCHING GET /acme-toolkits-22.1/inventor/chimpum/list 
2022-05-31 11:50:47.363 DEBUG [acme.framework.controllers.AbstractController@http-nio-8080-exec-8] Command: list 
2022-05-31 11:50:47.364 DEBUG [acme.framework.controllers.AbstractController@http-nio-8080-exec-8] Model:   {} 
2022-05-31 11:50:47.364 DEBUG [acme.framework.controllers.AbstractController@http-nio-8080-exec-8] Locale:  en 
2022-05-31 11:50:47.364 DEBUG [acme.framework.controllers.AbstractController@http-nio-8080-exec-8] Starting transaction a66a3d94-a249-4a97-a993-eebf4fb28795 
2022-05-31 11:50:47.365 DEBUG [org.hibernate.SQL@http-nio-8080-exec-8] select item0_.id as id1_0_, item0_.version as version2_0_, item0_.code as code1_10_, item0_.description as descript2_10_, item0_.info as info3_10_, item0_.inventor_id as invento10_10_, item0_.item_type as item_typ4_10_, item0_.name as name5_10_, item0_.published as publishe6_10_, item0_.retail_price_amount as retail_p7_10_, item0_.retail_price_currency as retail_p8_10_, item0_.technology as technolo9_10_ from item item0_ where item0_.inventor_id=? 
2022-05-31 11:50:47.365 TRACE [org.hibernate.type.descriptor.sql.BasicBinder@http-nio-8080-exec-8] binding parameter [1] as [INTEGER] - [10] 
2022-05-31 11:50:47.368 DEBUG [org.hibernate.SQL@http-nio-8080-exec-8] select inventor0_.id as id1_0_0_, inventor0_.version as version2_0_0_, inventor0_.user_account_id as user_acc1_20_0_, inventor0_.company as company1_9_0_, inventor0_.info as info2_9_0_, inventor0_.statement as statemen3_9_0_, useraccoun1_.id as id1_0_1_, useraccoun1_.version as version2_0_1_, useraccoun1_.enabled as enabled1_19_1_, useraccoun1_.identity as identity2_19_1_, useraccoun1_.password as password3_19_1_, useraccoun1_.username as username4_19_1_ from inventor inventor0_ inner join user_account useraccoun1_ on inventor0_.user_account_id=useraccoun1_.id where inventor0_.id=? 
2022-05-31 11:50:47.368 TRACE [org.hibernate.type.descriptor.sql.BasicBinder@http-nio-8080-exec-8] binding parameter [1] as [INTEGER] - [10] 
2022-05-31 11:50:47.377 DEBUG [org.hibernate.SQL@http-nio-8080-exec-8] select chimpum0_.id as id1_0_, chimpum0_.version as version2_0_, chimpum0_.budget_amount as budget_a1_6_, chimpum0_.budget_currency as budget_c2_6_, chimpum0_.code as code3_6_, chimpum0_.creation_moment as creation4_6_, chimpum0_.description as descript5_6_, chimpum0_.end_period as end_peri6_6_, chimpum0_.item_id as item_id10_6_, chimpum0_.link as link7_6_, chimpum0_.start_period as start_pe8_6_, chimpum0_.tittle as tittle9_6_ from chimpum chimpum0_ where chimpum0_.item_id=? 
2022-05-31 11:50:47.377 TRACE [org.hibernate.type.descriptor.sql.BasicBinder@http-nio-8080-exec-8] binding parameter [1] as [INTEGER] - [35] 
2022-05-31 11:50:47.379 DEBUG [org.hibernate.SQL@http-nio-8080-exec-8] select chimpum0_.id as id1_0_, chimpum0_.version as version2_0_, chimpum0_.budget_amount as budget_a1_6_, chimpum0_.budget_currency as budget_c2_6_, chimpum0_.code as code3_6_, chimpum0_.creation_moment as creation4_6_, chimpum0_.description as descript5_6_, chimpum0_.end_period as end_peri6_6_, chimpum0_.item_id as item_id10_6_, chimpum0_.link as link7_6_, chimpum0_.start_period as start_pe8_6_, chimpum0_.tittle as tittle9_6_ from chimpum chimpum0_ where chimpum0_.item_id=? 
2022-05-31 11:50:47.379 TRACE [org.hibernate.type.descriptor.sql.BasicBinder@http-nio-8080-exec-8] binding parameter [1] as [INTEGER] - [38] 
2022-05-31 11:50:47.381 DEBUG [org.hibernate.SQL@http-nio-8080-exec-8] select chimpum0_.id as id1_0_, chimpum0_.version as version2_0_, chimpum0_.budget_amount as budget_a1_6_, chimpum0_.budget_currency as budget_c2_6_, chimpum0_.code as code3_6_, chimpum0_.creation_moment as creation4_6_, chimpum0_.description as descript5_6_, chimpum0_.end_period as end_peri6_6_, chimpum0_.item_id as item_id10_6_, chimpum0_.link as link7_6_, chimpum0_.start_period as start_pe8_6_, chimpum0_.tittle as tittle9_6_ from chimpum chimpum0_ where chimpum0_.item_id=? 
2022-05-31 11:50:47.382 TRACE [org.hibernate.type.descriptor.sql.BasicBinder@http-nio-8080-exec-8] binding parameter [1] as [INTEGER] - [39] 
2022-05-31 11:50:47.387 DEBUG [org.hibernate.SQL@http-nio-8080-exec-8] select chimpum0_.id as id1_0_, chimpum0_.version as version2_0_, chimpum0_.budget_amount as budget_a1_6_, chimpum0_.budget_currency as budget_c2_6_, chimpum0_.code as code3_6_, chimpum0_.creation_moment as creation4_6_, chimpum0_.description as descript5_6_, chimpum0_.end_period as end_peri6_6_, chimpum0_.item_id as item_id10_6_, chimpum0_.link as link7_6_, chimpum0_.start_period as start_pe8_6_, chimpum0_.tittle as tittle9_6_ from chimpum chimpum0_ where chimpum0_.item_id=? 
2022-05-31 11:50:47.388 TRACE [org.hibernate.type.descriptor.sql.BasicBinder@http-nio-8080-exec-8] binding parameter [1] as [INTEGER] - [41] 
2022-05-31 11:50:47.391 DEBUG [org.hibernate.SQL@http-nio-8080-exec-8] select chimpum0_.id as id1_0_, chimpum0_.version as version2_0_, chimpum0_.budget_amount as budget_a1_6_, chimpum0_.budget_currency as budget_c2_6_, chimpum0_.code as code3_6_, chimpum0_.creation_moment as creation4_6_, chimpum0_.description as descript5_6_, chimpum0_.end_period as end_peri6_6_, chimpum0_.item_id as item_id10_6_, chimpum0_.link as link7_6_, chimpum0_.start_period as start_pe8_6_, chimpum0_.tittle as tittle9_6_ from chimpum chimpum0_ where chimpum0_.item_id=? 
2022-05-31 11:50:47.392 TRACE [org.hibernate.type.descriptor.sql.BasicBinder@http-nio-8080-exec-8] binding parameter [1] as [INTEGER] - [42] 
2022-05-31 11:50:47.393 DEBUG [org.hibernate.SQL@http-nio-8080-exec-8] select chimpum0_.id as id1_0_, chimpum0_.version as version2_0_, chimpum0_.budget_amount as budget_a1_6_, chimpum0_.budget_currency as budget_c2_6_, chimpum0_.code as code3_6_, chimpum0_.creation_moment as creation4_6_, chimpum0_.description as descript5_6_, chimpum0_.end_period as end_peri6_6_, chimpum0_.item_id as item_id10_6_, chimpum0_.link as link7_6_, chimpum0_.start_period as start_pe8_6_, chimpum0_.tittle as tittle9_6_ from chimpum chimpum0_ where chimpum0_.item_id=? 
2022-05-31 11:50:47.394 TRACE [org.hibernate.type.descriptor.sql.BasicBinder@http-nio-8080-exec-8] binding parameter [1] as [INTEGER] - [51] 
2022-05-31 11:50:47.395 DEBUG [org.hibernate.SQL@http-nio-8080-exec-8] select chimpum0_.id as id1_0_, chimpum0_.version as version2_0_, chimpum0_.budget_amount as budget_a1_6_, chimpum0_.budget_currency as budget_c2_6_, chimpum0_.code as code3_6_, chimpum0_.creation_moment as creation4_6_, chimpum0_.description as descript5_6_, chimpum0_.end_period as end_peri6_6_, chimpum0_.item_id as item_id10_6_, chimpum0_.link as link7_6_, chimpum0_.start_period as start_pe8_6_, chimpum0_.tittle as tittle9_6_ from chimpum chimpum0_ where chimpum0_.item_id=? 
2022-05-31 11:50:47.396 TRACE [org.hibernate.type.descriptor.sql.BasicBinder@http-nio-8080-exec-8] binding parameter [1] as [INTEGER] - [52] 
2022-05-31 11:50:47.397 DEBUG [acme.framework.controllers.AbstractController@http-nio-8080-exec-8] Committing transaction a66a3d94-a249-4a97-a993-eebf4fb28795 
2022-05-31 11:50:47.397 DEBUG [acme.framework.controllers.AbstractController@http-nio-8080-exec-8] Starting transaction 7b6f129b-bc2f-4383-b78b-9d2d418518fa 
2022-05-31 11:50:47.398 DEBUG [acme.framework.controllers.AbstractController@http-nio-8080-exec-8] Committing transaction 7b6f129b-bc2f-4383-b78b-9d2d418518fa 
2022-05-31 11:50:47.398 DEBUG [acme.framework.controllers.AbstractController@http-nio-8080-exec-8] SERVING GET /acme-toolkits-22.1/inventor/chimpum/list 
2022-05-31 11:50:47.398 DEBUG [acme.framework.controllers.AbstractController@http-nio-8080-exec-8] Result: ModelAndView [view="inventor/chimpum/list"; model={budget[0]=<<USD 2000.00>>, item.code[0]=XOX-123, code[0]=22/05/28, version[0]=5, creationMoment[0]=2022-05-28 18:51:00.0, tittle[0]=C5, id[0]=67, list$size=1, command=list, principal=acme.framework.entities.Principal@20bdadf4}] 
2022-05-31 11:50:47.399 DEBUG [acme.framework.components.tiles.DynamicTilesView@http-nio-8080-exec-8] View name 'inventor/chimpum/list', model {budget[0]=<<USD 2000.00>>, item.code[0]=XOX-123, code[0]=22/05/28, version[0]=5, creationMoment[0]=2022-05-28 18:51:00.0, tittle[0]=C5, id[0]=67, list$size=1, command=list, principal=acme.framework.entities.Principal@20bdadf4, org.springframework.validation.BindingResult.budget[0]=org.springframework.validation.BeanPropertyBindingResult: 0 errors, org.springframework.validation.BindingResult.principal=org.springframework.validation.BeanPropertyBindingResult: 0 errors} 
2022-05-31 11:50:47.400 DEBUG [org.apache.jasper.servlet.JspServlet@http-nio-8080-exec-8] JspEngine --> /WEB-INF/views/master/page.jsp 
2022-05-31 11:50:47.401 DEBUG [org.apache.jasper.servlet.JspServlet@http-nio-8080-exec-8] ServletPath: /WEB-INF/views/master/page.jsp 
2022-05-31 11:50:47.403 DEBUG [org.apache.jasper.servlet.JspServlet@http-nio-8080-exec-8] PathInfo: null 
2022-05-31 11:50:47.405 DEBUG [org.apache.jasper.servlet.JspServlet@http-nio-8080-exec-8] RealPath: C:\Users\Rafa\Desktop\Workspace-22.0\Projects\Acme-Toolkits\target\classes\WEB-INF\views\master\page.jsp 
2022-05-31 11:50:47.405 DEBUG [org.apache.jasper.servlet.JspServlet@http-nio-8080-exec-8] RequestURI: /acme-toolkits-22.1/WEB-INF/views/master/page.jsp 
2022-05-31 11:50:47.405 DEBUG [org.apache.jasper.servlet.JspServlet@http-nio-8080-exec-8] QueryString: null 
2022-05-31 11:50:47.658 DEBUG [org.apache.jasper.servlet.JspServlet@http-nio-8080-exec-8] JspEngine --> /WEB-INF/views/inventor/chimpum/list.jsp 
2022-05-31 11:50:47.659 DEBUG [org.apache.jasper.servlet.JspServlet@http-nio-8080-exec-8] ServletPath: /WEB-INF/views/master/page.jsp 
2022-05-31 11:50:47.659 DEBUG [org.apache.jasper.servlet.JspServlet@http-nio-8080-exec-8] PathInfo: null 
2022-05-31 11:50:47.661 DEBUG [org.apache.jasper.servlet.JspServlet@http-nio-8080-exec-8] RealPath: C:\Users\Rafa\Desktop\Workspace-22.0\Projects\Acme-Toolkits\target\classes\WEB-INF\views\inventor\chimpum\list.jsp 
2022-05-31 11:50:47.661 DEBUG [org.apache.jasper.servlet.JspServlet@http-nio-8080-exec-8] RequestURI: /acme-toolkits-22.1/WEB-INF/views/master/page.jsp 
2022-05-31 11:50:47.661 DEBUG [org.apache.jasper.servlet.JspServlet@http-nio-8080-exec-8] QueryString: null 
2022-05-31 11:50:49.060 DEBUG [acme.framework.controllers.AbstractController@http-nio-8080-exec-8] DISPATCHING GET /acme-toolkits-22.1/inventor/chimpum/show 
2022-05-31 11:50:49.061 DEBUG [acme.framework.controllers.AbstractController@http-nio-8080-exec-8] Command: show 
2022-05-31 11:50:49.061 DEBUG [acme.framework.controllers.AbstractController@http-nio-8080-exec-8] Model:   {id=67} 
2022-05-31 11:50:49.061 DEBUG [acme.framework.controllers.AbstractController@http-nio-8080-exec-8] Locale:  en 
2022-05-31 11:50:49.061 DEBUG [acme.framework.controllers.AbstractController@http-nio-8080-exec-8] Starting transaction 938ad6a7-3fc1-430c-b485-3b2ede18c58d 
2022-05-31 11:50:49.062 DEBUG [org.hibernate.SQL@http-nio-8080-exec-8] select chimpum0_.id as id1_0_, chimpum0_.version as version2_0_, chimpum0_.budget_amount as budget_a1_6_, chimpum0_.budget_currency as budget_c2_6_, chimpum0_.code as code3_6_, chimpum0_.creation_moment as creation4_6_, chimpum0_.description as descript5_6_, chimpum0_.end_period as end_peri6_6_, chimpum0_.item_id as item_id10_6_, chimpum0_.link as link7_6_, chimpum0_.start_period as start_pe8_6_, chimpum0_.tittle as tittle9_6_ from chimpum chimpum0_ where chimpum0_.id=? 
2022-05-31 11:50:49.062 TRACE [org.hibernate.type.descriptor.sql.BasicBinder@http-nio-8080-exec-8] binding parameter [1] as [INTEGER] - [67] 
2022-05-31 11:50:49.064 DEBUG [org.hibernate.SQL@http-nio-8080-exec-8] select item0_.id as id1_0_0_, item0_.version as version2_0_0_, item0_.code as code1_10_0_, item0_.description as descript2_10_0_, item0_.info as info3_10_0_, item0_.inventor_id as invento10_10_0_, item0_.item_type as item_typ4_10_0_, item0_.name as name5_10_0_, item0_.published as publishe6_10_0_, item0_.retail_price_amount as retail_p7_10_0_, item0_.retail_price_currency as retail_p8_10_0_, item0_.technology as technolo9_10_0_, inventor1_.id as id1_0_1_, inventor1_.version as version2_0_1_, inventor1_.user_account_id as user_acc1_20_1_, inventor1_.company as company1_9_1_, inventor1_.info as info2_9_1_, inventor1_.statement as statemen3_9_1_, useraccoun2_.id as id1_0_2_, useraccoun2_.version as version2_0_2_, useraccoun2_.enabled as enabled1_19_2_, useraccoun2_.identity as identity2_19_2_, useraccoun2_.password as password3_19_2_, useraccoun2_.username as username4_19_2_ from item item0_ inner join inventor inventor1_ on item0_.inventor_id=inventor1_.id inner join user_account useraccoun2_ on inventor1_.user_account_id=useraccoun2_.id where item0_.id=? 
2022-05-31 11:50:49.064 TRACE [org.hibernate.type.descriptor.sql.BasicBinder@http-nio-8080-exec-8] binding parameter [1] as [INTEGER] - [38] 
2022-05-31 11:50:49.069 DEBUG [org.hibernate.SQL@http-nio-8080-exec-8] select chimpum0_.id as id1_0_, chimpum0_.version as version2_0_, chimpum0_.budget_amount as budget_a1_6_, chimpum0_.budget_currency as budget_c2_6_, chimpum0_.code as code3_6_, chimpum0_.creation_moment as creation4_6_, chimpum0_.description as descript5_6_, chimpum0_.end_period as end_peri6_6_, chimpum0_.item_id as item_id10_6_, chimpum0_.link as link7_6_, chimpum0_.start_period as start_pe8_6_, chimpum0_.tittle as tittle9_6_ from chimpum chimpum0_ where chimpum0_.id=? 
2022-05-31 11:50:49.070 TRACE [org.hibernate.type.descriptor.sql.BasicBinder@http-nio-8080-exec-8] binding parameter [1] as [INTEGER] - [67] 
2022-05-31 11:50:49.071 DEBUG [acme.framework.controllers.AbstractController@http-nio-8080-exec-8] Committing transaction 938ad6a7-3fc1-430c-b485-3b2ede18c58d 
2022-05-31 11:50:49.072 DEBUG [acme.framework.controllers.AbstractController@http-nio-8080-exec-8] Starting transaction dd785135-d365-4eaf-9a23-bded6cc17029 
2022-05-31 11:50:49.072 DEBUG [acme.framework.controllers.AbstractController@http-nio-8080-exec-8] Committing transaction dd785135-d365-4eaf-9a23-bded6cc17029 
2022-05-31 11:50:49.073 DEBUG [acme.framework.controllers.AbstractController@http-nio-8080-exec-8] SERVING GET /acme-toolkits-22.1/inventor/chimpum/show 
2022-05-31 11:50:49.073 DEBUG [acme.framework.controllers.AbstractController@http-nio-8080-exec-8] Result: ModelAndView [view="inventor/chimpum/form"; model={startPeriod=2022-07-21 23:00:00.0, code=22/05/28, endPeriod=2022-07-20 23:00:00.0, creationMoment=2022-05-28 18:51:00.0, link=https://link.com, description=., id=67, version=5, tittle=C5, budget=<<USD 2000.00>>, command=show, principal=acme.framework.entities.Principal@20bdadf4}] 
2022-05-31 11:50:49.073 DEBUG [acme.framework.components.tiles.DynamicTilesView@http-nio-8080-exec-8] View name 'inventor/chimpum/form', model {startPeriod=2022-07-21 23:00:00.0, code=22/05/28, endPeriod=2022-07-20 23:00:00.0, creationMoment=2022-05-28 18:51:00.0, link=https://link.com, description=., id=67, version=5, tittle=C5, budget=<<USD 2000.00>>, command=show, principal=acme.framework.entities.Principal@20bdadf4, org.springframework.validation.BindingResult.budget=org.springframework.validation.BeanPropertyBindingResult: 0 errors, org.springframework.validation.BindingResult.principal=org.springframework.validation.BeanPropertyBindingResult: 0 errors} 
2022-05-31 11:50:49.074 DEBUG [org.apache.jasper.servlet.JspServlet@http-nio-8080-exec-8] JspEngine --> /WEB-INF/views/master/page.jsp 
2022-05-31 11:50:49.074 DEBUG [org.apache.jasper.servlet.JspServlet@http-nio-8080-exec-8] ServletPath: /WEB-INF/views/master/page.jsp 
2022-05-31 11:50:49.075 DEBUG [org.apache.jasper.servlet.JspServlet@http-nio-8080-exec-8] PathInfo: null 
2022-05-31 11:50:49.076 DEBUG [org.apache.jasper.servlet.JspServlet@http-nio-8080-exec-8] RealPath: C:\Users\Rafa\Desktop\Workspace-22.0\Projects\Acme-Toolkits\target\classes\WEB-INF\views\master\page.jsp 
2022-05-31 11:50:49.076 DEBUG [org.apache.jasper.servlet.JspServlet@http-nio-8080-exec-8] RequestURI: /acme-toolkits-22.1/WEB-INF/views/master/page.jsp 
2022-05-31 11:50:49.076 DEBUG [org.apache.jasper.servlet.JspServlet@http-nio-8080-exec-8] QueryString: id=67 
2022-05-31 11:50:49.300 DEBUG [org.apache.jasper.servlet.JspServlet@http-nio-8080-exec-8] JspEngine --> /WEB-INF/views/inventor/chimpum/form.jsp 
2022-05-31 11:50:49.301 DEBUG [org.apache.jasper.servlet.JspServlet@http-nio-8080-exec-8] ServletPath: /WEB-INF/views/master/page.jsp 
2022-05-31 11:50:49.301 DEBUG [org.apache.jasper.servlet.JspServlet@http-nio-8080-exec-8] PathInfo: null 
2022-05-31 11:50:49.302 DEBUG [org.apache.jasper.servlet.JspServlet@http-nio-8080-exec-8] RealPath: C:\Users\Rafa\Desktop\Workspace-22.0\Projects\Acme-Toolkits\target\classes\WEB-INF\views\inventor\chimpum\form.jsp 
2022-05-31 11:50:49.303 DEBUG [org.apache.jasper.servlet.JspServlet@http-nio-8080-exec-8] RequestURI: /acme-toolkits-22.1/WEB-INF/views/master/page.jsp 
2022-05-31 11:50:49.303 DEBUG [org.apache.jasper.servlet.JspServlet@http-nio-8080-exec-8] QueryString: id=67 
