2022-06-03 10:20:03.110 INFO  [acme.Launcher@main] Starting Launcher using Java 1.8.0_281 on DESKTOP-2L7VUVO with PID 13620 (C:\Users\Rafa\Desktop\Workspace-22.0\Frameworks\Acme-Framework-22.7\target\classes started by Rafa in C:\Users\Rafa\Desktop\Workspace-22.0\Projects\rafjimfer-controlCheck) 
2022-06-03 10:20:03.112 DEBUG [acme.Launcher@main] Running with Spring Boot v2.4.2, Spring v5.3.3 
2022-06-03 10:20:03.114 INFO  [acme.Launcher@main] The following profiles are active: development,default 
2022-06-03 10:20:07.126 DEBUG [org.apache.jasper.servlet.JasperInitializer@main] Initializing Jasper for context [application] 
2022-06-03 10:20:14.151 DEBUG [org.apache.jasper.servlet.JspServlet@main] Scratch dir for the JSP engine is: [C:\Users\Rafa\AppData\Local\Temp\tomcat.8080.7609202455477571533\work\Tomcat\localhost\acme-toolkits-22.1] 
2022-06-03 10:20:14.152 DEBUG [org.apache.jasper.servlet.JspServlet@main] IMPORTANT: Do not modify the generated servlets 
2022-06-03 10:20:14.169 INFO  [acme.Launcher@main] Started Launcher in 11.95 seconds (JVM running for 13.008) 
2022-06-03 10:20:14.180 DEBUG [acme.Launcher@main] Found classpath entry '/C:/Users/Rafa/Desktop/Workspace-22.0/Projects/rafjimfer-controlCheck/target/test-classes/' 
2022-06-03 10:20:14.180 DEBUG [acme.Launcher@main] Found classpath entry '/C:/Users/Rafa/Desktop/Workspace-22.0/Projects/rafjimfer-controlCheck/target/classes/' 
2022-06-03 10:20:14.181 DEBUG [acme.Launcher@main] Found classpath entry '/C:/Users/Rafa/Desktop/Workspace-22.0/Projects/rafjimfer-controlCheck/library/spamDetector.jar' 
2022-06-03 10:20:14.182 DEBUG [acme.Launcher@main] Found classpath entry '/C:/Users/Rafa/Desktop/Workspace-22.0/Frameworks/Acme-Framework-22.7/target/classes/' 
2022-06-03 10:20:14.182 DEBUG [acme.Launcher@main] Found classpath entry '/C:/Users/Rafa/Desktop/Workspace-22.0/Frameworks/Acme-Framework-22.7/target/test-classes/' 
2022-06-03 10:20:14.182 DEBUG [acme.Launcher@main] Found classpath entry '/C:/Users/Rafa/.m2/repository/org/springframework/boot/spring-boot-starter-tomcat/2.4.2/spring-boot-starter-tomcat-2.4.2.jar' 
2022-06-03 10:20:14.183 DEBUG [acme.Launcher@main] Found classpath entry '/C:/Users/Rafa/.m2/repository/jakarta/annotation/jakarta.annotation-api/1.3.5/jakarta.annotation-api-1.3.5.jar' 
2022-06-03 10:20:14.183 DEBUG [acme.Launcher@main] Found classpath entry '/C:/Users/Rafa/.m2/repository/org/apache/tomcat/embed/tomcat-embed-core/9.0.41/tomcat-embed-core-9.0.41.jar' 
2022-06-03 10:20:14.183 DEBUG [acme.Launcher@main] Found classpath entry '/C:/Users/Rafa/.m2/repository/org/glassfish/jakarta.el/3.0.3/jakarta.el-3.0.3.jar' 
2022-06-03 10:20:14.183 DEBUG [acme.Launcher@main] Found classpath entry '/C:/Users/Rafa/.m2/repository/org/apache/tomcat/embed/tomcat-embed-websocket/9.0.41/tomcat-embed-websocket-9.0.41.jar' 
2022-06-03 10:20:14.183 DEBUG [acme.Launcher@main] Found classpath entry '/C:/Users/Rafa/.m2/repository/org/apache/tomcat/embed/tomcat-embed-jasper/9.0.41/tomcat-embed-jasper-9.0.41.jar' 
2022-06-03 10:20:14.183 DEBUG [acme.Launcher@main] Found classpath entry '/C:/Users/Rafa/.m2/repository/org/apache/tomcat/embed/tomcat-embed-el/9.0.41/tomcat-embed-el-9.0.41.jar' 
2022-06-03 10:20:14.184 DEBUG [acme.Launcher@main] Found classpath entry '/C:/Users/Rafa/.m2/repository/org/eclipse/jdt/ecj/3.18.0/ecj-3.18.0.jar' 
2022-06-03 10:20:14.184 DEBUG [acme.Launcher@main] Found classpath entry '/C:/Users/Rafa/.m2/repository/javax/servlet/jstl/1.2/jstl-1.2.jar' 
2022-06-03 10:20:14.184 DEBUG [acme.Launcher@main] Found classpath entry '/C:/Users/Rafa/.m2/repository/org/springframework/boot/spring-boot-starter-security/2.4.2/spring-boot-starter-security-2.4.2.jar' 
2022-06-03 10:20:14.184 DEBUG [acme.Launcher@main] Found classpath entry '/C:/Users/Rafa/.m2/repository/org/springframework/boot/spring-boot-starter/2.4.2/spring-boot-starter-2.4.2.jar' 
2022-06-03 10:20:14.185 DEBUG [acme.Launcher@main] Found classpath entry '/C:/Users/Rafa/.m2/repository/org/springframework/boot/spring-boot/2.4.2/spring-boot-2.4.2.jar' 
2022-06-03 10:20:14.185 DEBUG [acme.Launcher@main] Found classpath entry '/C:/Users/Rafa/.m2/repository/org/springframework/boot/spring-boot-autoconfigure/2.4.2/spring-boot-autoconfigure-2.4.2.jar' 
2022-06-03 10:20:14.185 DEBUG [acme.Launcher@main] Found classpath entry '/C:/Users/Rafa/.m2/repository/org/springframework/boot/spring-boot-starter-logging/2.4.2/spring-boot-starter-logging-2.4.2.jar' 
2022-06-03 10:20:14.185 DEBUG [acme.Launcher@main] Found classpath entry '/C:/Users/Rafa/.m2/repository/ch/qos/logback/logback-classic/1.2.3/logback-classic-1.2.3.jar' 
2022-06-03 10:20:14.185 DEBUG [acme.Launcher@main] Found classpath entry '/C:/Users/Rafa/.m2/repository/ch/qos/logback/logback-core/1.2.3/logback-core-1.2.3.jar' 
2022-06-03 10:20:14.185 DEBUG [acme.Launcher@main] Found classpath entry '/C:/Users/Rafa/.m2/repository/org/apache/logging/log4j/log4j-to-slf4j/2.13.3/log4j-to-slf4j-2.13.3.jar' 
2022-06-03 10:20:14.186 DEBUG [acme.Launcher@main] Found classpath entry '/C:/Users/Rafa/.m2/repository/org/apache/logging/log4j/log4j-api/2.13.3/log4j-api-2.13.3.jar' 
2022-06-03 10:20:14.186 DEBUG [acme.Launcher@main] Found classpath entry '/C:/Users/Rafa/.m2/repository/org/slf4j/jul-to-slf4j/1.7.30/jul-to-slf4j-1.7.30.jar' 
2022-06-03 10:20:14.188 DEBUG [acme.Launcher@main] Found classpath entry '/C:/Users/Rafa/.m2/repository/org/yaml/snakeyaml/1.27/snakeyaml-1.27.jar' 
2022-06-03 10:20:14.188 DEBUG [acme.Launcher@main] Found classpath entry '/C:/Users/Rafa/.m2/repository/org/springframework/spring-aop/5.3.3/spring-aop-5.3.3.jar' 
2022-06-03 10:20:14.188 DEBUG [acme.Launcher@main] Found classpath entry '/C:/Users/Rafa/.m2/repository/org/springframework/security/spring-security-web/5.4.2/spring-security-web-5.4.2.jar' 
2022-06-03 10:20:14.188 DEBUG [acme.Launcher@main] Found classpath entry '/C:/Users/Rafa/.m2/repository/org/springframework/security/spring-security-core/5.4.2/spring-security-core-5.4.2.jar' 
2022-06-03 10:20:14.188 DEBUG [acme.Launcher@main] Found classpath entry '/C:/Users/Rafa/.m2/repository/org/springframework/spring-beans/5.3.3/spring-beans-5.3.3.jar' 
2022-06-03 10:20:14.188 DEBUG [acme.Launcher@main] Found classpath entry '/C:/Users/Rafa/.m2/repository/org/springframework/spring-context/5.3.3/spring-context-5.3.3.jar' 
2022-06-03 10:20:14.188 DEBUG [acme.Launcher@main] Found classpath entry '/C:/Users/Rafa/.m2/repository/org/springframework/spring-core/5.3.3/spring-core-5.3.3.jar' 
2022-06-03 10:20:14.188 DEBUG [acme.Launcher@main] Found classpath entry '/C:/Users/Rafa/.m2/repository/org/springframework/spring-jcl/5.3.3/spring-jcl-5.3.3.jar' 
2022-06-03 10:20:14.189 DEBUG [acme.Launcher@main] Found classpath entry '/C:/Users/Rafa/.m2/repository/org/springframework/spring-expression/5.3.3/spring-expression-5.3.3.jar' 
2022-06-03 10:20:14.189 DEBUG [acme.Launcher@main] Found classpath entry '/C:/Users/Rafa/.m2/repository/org/springframework/spring-web/5.3.3/spring-web-5.3.3.jar' 
2022-06-03 10:20:14.189 DEBUG [acme.Launcher@main] Found classpath entry '/C:/Users/Rafa/.m2/repository/org/springframework/security/spring-security-config/5.4.2/spring-security-config-5.4.2.jar' 
2022-06-03 10:20:14.189 DEBUG [acme.Launcher@main] Found classpath entry '/C:/Users/Rafa/.m2/repository/org/springframework/security/spring-security-taglibs/5.4.2/spring-security-taglibs-5.4.2.jar' 
2022-06-03 10:20:14.190 DEBUG [acme.Launcher@main] Found classpath entry '/C:/Users/Rafa/.m2/repository/org/springframework/security/spring-security-acl/5.4.2/spring-security-acl-5.4.2.jar' 
2022-06-03 10:20:14.192 DEBUG [acme.Launcher@main] Found classpath entry '/C:/Users/Rafa/.m2/repository/org/springframework/spring-jdbc/5.3.3/spring-jdbc-5.3.3.jar' 
2022-06-03 10:20:14.192 DEBUG [acme.Launcher@main] Found classpath entry '/C:/Users/Rafa/.m2/repository/org/springframework/spring-tx/5.3.3/spring-tx-5.3.3.jar' 
2022-06-03 10:20:14.192 DEBUG [acme.Launcher@main] Found classpath entry '/C:/Users/Rafa/.m2/repository/org/springframework/boot/spring-boot-starter-web/2.4.2/spring-boot-starter-web-2.4.2.jar' 
2022-06-03 10:20:14.194 DEBUG [acme.Launcher@main] Found classpath entry '/C:/Users/Rafa/.m2/repository/org/springframework/boot/spring-boot-starter-json/2.4.2/spring-boot-starter-json-2.4.2.jar' 
2022-06-03 10:20:14.194 DEBUG [acme.Launcher@main] Found classpath entry '/C:/Users/Rafa/.m2/repository/com/fasterxml/jackson/core/jackson-databind/2.11.4/jackson-databind-2.11.4.jar' 
2022-06-03 10:20:14.194 DEBUG [acme.Launcher@main] Found classpath entry '/C:/Users/Rafa/.m2/repository/com/fasterxml/jackson/core/jackson-annotations/2.11.4/jackson-annotations-2.11.4.jar' 
2022-06-03 10:20:14.194 DEBUG [acme.Launcher@main] Found classpath entry '/C:/Users/Rafa/.m2/repository/com/fasterxml/jackson/core/jackson-core/2.11.4/jackson-core-2.11.4.jar' 
2022-06-03 10:20:14.194 DEBUG [acme.Launcher@main] Found classpath entry '/C:/Users/Rafa/.m2/repository/com/fasterxml/jackson/datatype/jackson-datatype-jdk8/2.11.4/jackson-datatype-jdk8-2.11.4.jar' 
2022-06-03 10:20:14.195 DEBUG [acme.Launcher@main] Found classpath entry '/C:/Users/Rafa/.m2/repository/com/fasterxml/jackson/datatype/jackson-datatype-jsr310/2.11.4/jackson-datatype-jsr310-2.11.4.jar' 
2022-06-03 10:20:14.196 DEBUG [acme.Launcher@main] Found classpath entry '/C:/Users/Rafa/.m2/repository/com/fasterxml/jackson/module/jackson-module-parameter-names/2.11.4/jackson-module-parameter-names-2.11.4.jar' 
2022-06-03 10:20:14.196 DEBUG [acme.Launcher@main] Found classpath entry '/C:/Users/Rafa/.m2/repository/org/springframework/spring-webmvc/5.3.3/spring-webmvc-5.3.3.jar' 
2022-06-03 10:20:14.196 DEBUG [acme.Launcher@main] Found classpath entry '/C:/Users/Rafa/.m2/repository/org/apache/tiles/tiles-jsp/3.0.8/tiles-jsp-3.0.8.jar' 
2022-06-03 10:20:14.196 DEBUG [acme.Launcher@main] Found classpath entry '/C:/Users/Rafa/.m2/repository/org/apache/tiles/tiles-servlet/3.0.8/tiles-servlet-3.0.8.jar' 
2022-06-03 10:20:14.196 DEBUG [acme.Launcher@main] Found classpath entry '/C:/Users/Rafa/.m2/repository/org/apache/tiles/tiles-core/3.0.8/tiles-core-3.0.8.jar' 
2022-06-03 10:20:14.197 DEBUG [acme.Launcher@main] Found classpath entry '/C:/Users/Rafa/.m2/repository/commons-digester/commons-digester/2.0/commons-digester-2.0.jar' 
2022-06-03 10:20:14.197 DEBUG [acme.Launcher@main] Found classpath entry '/C:/Users/Rafa/.m2/repository/org/slf4j/jcl-over-slf4j/1.7.30/jcl-over-slf4j-1.7.30.jar' 
2022-06-03 10:20:14.198 DEBUG [acme.Launcher@main] Found classpath entry '/C:/Users/Rafa/.m2/repository/org/apache/tiles/tiles-request-servlet/1.0.7/tiles-request-servlet-1.0.7.jar' 
2022-06-03 10:20:14.200 DEBUG [acme.Launcher@main] Found classpath entry '/C:/Users/Rafa/.m2/repository/org/apache/tiles/tiles-template/3.0.8/tiles-template-3.0.8.jar' 
2022-06-03 10:20:14.200 DEBUG [acme.Launcher@main] Found classpath entry '/C:/Users/Rafa/.m2/repository/org/apache/tiles/tiles-api/3.0.8/tiles-api-3.0.8.jar' 
2022-06-03 10:20:14.200 DEBUG [acme.Launcher@main] Found classpath entry '/C:/Users/Rafa/.m2/repository/org/apache/tiles/tiles-autotag-core-runtime/1.2/tiles-autotag-core-runtime-1.2.jar' 
2022-06-03 10:20:14.202 DEBUG [acme.Launcher@main] Found classpath entry '/C:/Users/Rafa/.m2/repository/org/slf4j/slf4j-api/1.7.30/slf4j-api-1.7.30.jar' 
2022-06-03 10:20:14.202 DEBUG [acme.Launcher@main] Found classpath entry '/C:/Users/Rafa/.m2/repository/org/apache/tiles/tiles-request-jsp/1.0.7/tiles-request-jsp-1.0.7.jar' 
2022-06-03 10:20:14.202 DEBUG [acme.Launcher@main] Found classpath entry '/C:/Users/Rafa/.m2/repository/org/apache/tiles/tiles-request-api/1.0.7/tiles-request-api-1.0.7.jar' 
2022-06-03 10:20:14.202 DEBUG [acme.Launcher@main] Found classpath entry '/C:/Users/Rafa/.m2/repository/org/springframework/boot/spring-boot-starter-data-jpa/2.4.2/spring-boot-starter-data-jpa-2.4.2.jar' 
2022-06-03 10:20:14.202 DEBUG [acme.Launcher@main] Found classpath entry '/C:/Users/Rafa/.m2/repository/org/springframework/boot/spring-boot-starter-aop/2.4.2/spring-boot-starter-aop-2.4.2.jar' 
2022-06-03 10:20:14.203 DEBUG [acme.Launcher@main] Found classpath entry '/C:/Users/Rafa/.m2/repository/org/aspectj/aspectjweaver/1.9.6/aspectjweaver-1.9.6.jar' 
2022-06-03 10:20:14.203 DEBUG [acme.Launcher@main] Found classpath entry '/C:/Users/Rafa/.m2/repository/org/springframework/boot/spring-boot-starter-jdbc/2.4.2/spring-boot-starter-jdbc-2.4.2.jar' 
2022-06-03 10:20:14.203 DEBUG [acme.Launcher@main] Found classpath entry '/C:/Users/Rafa/.m2/repository/jakarta/transaction/jakarta.transaction-api/1.3.3/jakarta.transaction-api-1.3.3.jar' 
2022-06-03 10:20:14.203 DEBUG [acme.Launcher@main] Found classpath entry '/C:/Users/Rafa/.m2/repository/jakarta/persistence/jakarta.persistence-api/2.2.3/jakarta.persistence-api-2.2.3.jar' 
2022-06-03 10:20:14.203 DEBUG [acme.Launcher@main] Found classpath entry '/C:/Users/Rafa/.m2/repository/org/hibernate/hibernate-core/5.4.27.Final/hibernate-core-5.4.27.Final.jar' 
2022-06-03 10:20:14.203 DEBUG [acme.Launcher@main] Found classpath entry '/C:/Users/Rafa/.m2/repository/org/jboss/logging/jboss-logging/3.4.1.Final/jboss-logging-3.4.1.Final.jar' 
2022-06-03 10:20:14.204 DEBUG [acme.Launcher@main] Found classpath entry '/C:/Users/Rafa/.m2/repository/org/javassist/javassist/3.27.0-GA/javassist-3.27.0-GA.jar' 
2022-06-03 10:20:14.204 DEBUG [acme.Launcher@main] Found classpath entry '/C:/Users/Rafa/.m2/repository/antlr/antlr/2.7.7/antlr-2.7.7.jar' 
2022-06-03 10:20:14.205 DEBUG [acme.Launcher@main] Found classpath entry '/C:/Users/Rafa/.m2/repository/org/jboss/jandex/2.1.3.Final/jandex-2.1.3.Final.jar' 
2022-06-03 10:20:14.205 DEBUG [acme.Launcher@main] Found classpath entry '/C:/Users/Rafa/.m2/repository/com/fasterxml/classmate/1.5.1/classmate-1.5.1.jar' 
2022-06-03 10:20:14.206 DEBUG [acme.Launcher@main] Found classpath entry '/C:/Users/Rafa/.m2/repository/org/dom4j/dom4j/2.1.3/dom4j-2.1.3.jar' 
2022-06-03 10:20:14.206 DEBUG [acme.Launcher@main] Found classpath entry '/C:/Users/Rafa/.m2/repository/org/hibernate/common/hibernate-commons-annotations/5.1.2.Final/hibernate-commons-annotations-5.1.2.Final.jar' 
2022-06-03 10:20:14.206 DEBUG [acme.Launcher@main] Found classpath entry '/C:/Users/Rafa/.m2/repository/org/glassfish/jaxb/jaxb-runtime/2.3.3/jaxb-runtime-2.3.3.jar' 
2022-06-03 10:20:14.207 DEBUG [acme.Launcher@main] Found classpath entry '/C:/Users/Rafa/.m2/repository/org/glassfish/jaxb/txw2/2.3.3/txw2-2.3.3.jar' 
2022-06-03 10:20:14.208 DEBUG [acme.Launcher@main] Found classpath entry '/C:/Users/Rafa/.m2/repository/com/sun/istack/istack-commons-runtime/3.0.11/istack-commons-runtime-3.0.11.jar' 
2022-06-03 10:20:14.208 DEBUG [acme.Launcher@main] Found classpath entry '/C:/Users/Rafa/.m2/repository/com/sun/activation/jakarta.activation/1.2.2/jakarta.activation-1.2.2.jar' 
2022-06-03 10:20:14.209 DEBUG [acme.Launcher@main] Found classpath entry '/C:/Users/Rafa/.m2/repository/org/springframework/data/spring-data-jpa/2.4.3/spring-data-jpa-2.4.3.jar' 
2022-06-03 10:20:14.209 DEBUG [acme.Launcher@main] Found classpath entry '/C:/Users/Rafa/.m2/repository/org/springframework/data/spring-data-commons/2.4.3/spring-data-commons-2.4.3.jar' 
2022-06-03 10:20:14.209 DEBUG [acme.Launcher@main] Found classpath entry '/C:/Users/Rafa/.m2/repository/org/springframework/spring-orm/5.3.3/spring-orm-5.3.3.jar' 
2022-06-03 10:20:14.209 DEBUG [acme.Launcher@main] Found classpath entry '/C:/Users/Rafa/.m2/repository/org/springframework/spring-aspects/5.3.3/spring-aspects-5.3.3.jar' 
2022-06-03 10:20:14.209 DEBUG [acme.Launcher@main] Found classpath entry '/C:/Users/Rafa/.m2/repository/org/springframework/boot/spring-boot-starter-validation/2.4.2/spring-boot-starter-validation-2.4.2.jar' 
2022-06-03 10:20:14.209 DEBUG [acme.Launcher@main] Found classpath entry '/C:/Users/Rafa/.m2/repository/org/hibernate/validator/hibernate-validator/6.1.7.Final/hibernate-validator-6.1.7.Final.jar' 
2022-06-03 10:20:14.210 DEBUG [acme.Launcher@main] Found classpath entry '/C:/Users/Rafa/.m2/repository/jakarta/validation/jakarta.validation-api/2.0.2/jakarta.validation-api-2.0.2.jar' 
2022-06-03 10:20:14.210 DEBUG [acme.Launcher@main] Found classpath entry '/C:/Users/Rafa/.m2/repository/mysql/mysql-connector-java/8.0.22/mysql-connector-java-8.0.22.jar' 
2022-06-03 10:20:14.225 DEBUG [acme.Launcher@main] Found classpath entry '/C:/Users/Rafa/.m2/repository/com/zaxxer/HikariCP/3.4.5/HikariCP-3.4.5.jar' 
2022-06-03 10:20:14.225 DEBUG [acme.Launcher@main] Found classpath entry '/C:/Users/Rafa/.m2/repository/org/springframework/boot/spring-boot-starter-test/2.4.2/spring-boot-starter-test-2.4.2.jar' 
2022-06-03 10:20:14.225 DEBUG [acme.Launcher@main] Found classpath entry '/C:/Users/Rafa/.m2/repository/org/springframework/boot/spring-boot-test/2.4.2/spring-boot-test-2.4.2.jar' 
2022-06-03 10:20:14.225 DEBUG [acme.Launcher@main] Found classpath entry '/C:/Users/Rafa/.m2/repository/org/springframework/boot/spring-boot-test-autoconfigure/2.4.2/spring-boot-test-autoconfigure-2.4.2.jar' 
2022-06-03 10:20:14.225 DEBUG [acme.Launcher@main] Found classpath entry '/C:/Users/Rafa/.m2/repository/com/jayway/jsonpath/json-path/2.4.0/json-path-2.4.0.jar' 
2022-06-03 10:20:14.226 DEBUG [acme.Launcher@main] Found classpath entry '/C:/Users/Rafa/.m2/repository/net/minidev/json-smart/2.3/json-smart-2.3.jar' 
2022-06-03 10:20:14.226 DEBUG [acme.Launcher@main] Found classpath entry '/C:/Users/Rafa/.m2/repository/net/minidev/accessors-smart/1.2/accessors-smart-1.2.jar' 
2022-06-03 10:20:14.226 DEBUG [acme.Launcher@main] Found classpath entry '/C:/Users/Rafa/.m2/repository/org/ow2/asm/asm/5.0.4/asm-5.0.4.jar' 
2022-06-03 10:20:14.226 DEBUG [acme.Launcher@main] Found classpath entry '/C:/Users/Rafa/.m2/repository/jakarta/xml/bind/jakarta.xml.bind-api/2.3.3/jakarta.xml.bind-api-2.3.3.jar' 
2022-06-03 10:20:14.226 DEBUG [acme.Launcher@main] Found classpath entry '/C:/Users/Rafa/.m2/repository/jakarta/activation/jakarta.activation-api/1.2.2/jakarta.activation-api-1.2.2.jar' 
2022-06-03 10:20:14.226 DEBUG [acme.Launcher@main] Found classpath entry '/C:/Users/Rafa/.m2/repository/org/assertj/assertj-core/3.18.1/assertj-core-3.18.1.jar' 
2022-06-03 10:20:14.226 DEBUG [acme.Launcher@main] Found classpath entry '/C:/Users/Rafa/.m2/repository/org/hamcrest/hamcrest/2.2/hamcrest-2.2.jar' 
2022-06-03 10:20:14.226 DEBUG [acme.Launcher@main] Found classpath entry '/C:/Users/Rafa/.m2/repository/org/junit/jupiter/junit-jupiter/5.7.0/junit-jupiter-5.7.0.jar' 
2022-06-03 10:20:14.226 DEBUG [acme.Launcher@main] Found classpath entry '/C:/Users/Rafa/.m2/repository/org/mockito/mockito-core/3.6.28/mockito-core-3.6.28.jar' 
2022-06-03 10:20:14.226 DEBUG [acme.Launcher@main] Found classpath entry '/C:/Users/Rafa/.m2/repository/net/bytebuddy/byte-buddy-agent/1.10.19/byte-buddy-agent-1.10.19.jar' 
2022-06-03 10:20:14.226 DEBUG [acme.Launcher@main] Found classpath entry '/C:/Users/Rafa/.m2/repository/org/objenesis/objenesis/3.1/objenesis-3.1.jar' 
2022-06-03 10:20:14.227 DEBUG [acme.Launcher@main] Found classpath entry '/C:/Users/Rafa/.m2/repository/org/mockito/mockito-junit-jupiter/3.6.28/mockito-junit-jupiter-3.6.28.jar' 
2022-06-03 10:20:14.227 DEBUG [acme.Launcher@main] Found classpath entry '/C:/Users/Rafa/.m2/repository/org/skyscreamer/jsonassert/1.5.0/jsonassert-1.5.0.jar' 
2022-06-03 10:20:14.227 DEBUG [acme.Launcher@main] Found classpath entry '/C:/Users/Rafa/.m2/repository/com/vaadin/external/google/android-json/0.0.20131108.vaadin1/android-json-0.0.20131108.vaadin1.jar' 
2022-06-03 10:20:14.227 DEBUG [acme.Launcher@main] Found classpath entry '/C:/Users/Rafa/.m2/repository/org/springframework/spring-test/5.3.3/spring-test-5.3.3.jar' 
2022-06-03 10:20:14.227 DEBUG [acme.Launcher@main] Found classpath entry '/C:/Users/Rafa/.m2/repository/org/xmlunit/xmlunit-core/2.7.0/xmlunit-core-2.7.0.jar' 
2022-06-03 10:20:14.227 DEBUG [acme.Launcher@main] Found classpath entry '/C:/Users/Rafa/.m2/repository/org/junit/jupiter/junit-jupiter-engine/5.7.0/junit-jupiter-engine-5.7.0.jar' 
2022-06-03 10:20:14.227 DEBUG [acme.Launcher@main] Found classpath entry '/C:/Users/Rafa/.m2/repository/org/apiguardian/apiguardian-api/1.1.0/apiguardian-api-1.1.0.jar' 
2022-06-03 10:20:14.227 DEBUG [acme.Launcher@main] Found classpath entry '/C:/Users/Rafa/.m2/repository/org/junit/platform/junit-platform-engine/1.7.0/junit-platform-engine-1.7.0.jar' 
2022-06-03 10:20:14.227 DEBUG [acme.Launcher@main] Found classpath entry '/C:/Users/Rafa/.m2/repository/org/junit/jupiter/junit-jupiter-api/5.7.0/junit-jupiter-api-5.7.0.jar' 
2022-06-03 10:20:14.227 DEBUG [acme.Launcher@main] Found classpath entry '/C:/Users/Rafa/.m2/repository/org/opentest4j/opentest4j/1.2.0/opentest4j-1.2.0.jar' 
2022-06-03 10:20:14.228 DEBUG [acme.Launcher@main] Found classpath entry '/C:/Users/Rafa/.m2/repository/org/junit/platform/junit-platform-commons/1.7.0/junit-platform-commons-1.7.0.jar' 
2022-06-03 10:20:14.228 DEBUG [acme.Launcher@main] Found classpath entry '/C:/Users/Rafa/.m2/repository/org/junit/jupiter/junit-jupiter-params/5.7.0/junit-jupiter-params-5.7.0.jar' 
2022-06-03 10:20:14.228 DEBUG [acme.Launcher@main] Found classpath entry '/C:/Users/Rafa/.m2/repository/org/junit/platform/junit-platform-launcher/1.7.0/junit-platform-launcher-1.7.0.jar' 
2022-06-03 10:20:14.228 DEBUG [acme.Launcher@main] Found classpath entry '/C:/Users/Rafa/.m2/repository/org/seleniumhq/selenium/selenium-java/3.141.59/selenium-java-3.141.59.jar' 
2022-06-03 10:20:14.228 DEBUG [acme.Launcher@main] Found classpath entry '/C:/Users/Rafa/.m2/repository/org/seleniumhq/selenium/selenium-api/3.141.59/selenium-api-3.141.59.jar' 
2022-06-03 10:20:14.228 DEBUG [acme.Launcher@main] Found classpath entry '/C:/Users/Rafa/.m2/repository/org/seleniumhq/selenium/selenium-chrome-driver/3.141.59/selenium-chrome-driver-3.141.59.jar' 
2022-06-03 10:20:14.228 DEBUG [acme.Launcher@main] Found classpath entry '/C:/Users/Rafa/.m2/repository/org/seleniumhq/selenium/selenium-edge-driver/3.141.59/selenium-edge-driver-3.141.59.jar' 
2022-06-03 10:20:14.228 DEBUG [acme.Launcher@main] Found classpath entry '/C:/Users/Rafa/.m2/repository/org/seleniumhq/selenium/selenium-firefox-driver/3.141.59/selenium-firefox-driver-3.141.59.jar' 
2022-06-03 10:20:14.228 DEBUG [acme.Launcher@main] Found classpath entry '/C:/Users/Rafa/.m2/repository/org/seleniumhq/selenium/selenium-ie-driver/3.141.59/selenium-ie-driver-3.141.59.jar' 
2022-06-03 10:20:14.229 DEBUG [acme.Launcher@main] Found classpath entry '/C:/Users/Rafa/.m2/repository/org/seleniumhq/selenium/selenium-opera-driver/3.141.59/selenium-opera-driver-3.141.59.jar' 
2022-06-03 10:20:14.229 DEBUG [acme.Launcher@main] Found classpath entry '/C:/Users/Rafa/.m2/repository/org/seleniumhq/selenium/selenium-remote-driver/3.141.59/selenium-remote-driver-3.141.59.jar' 
2022-06-03 10:20:14.229 DEBUG [acme.Launcher@main] Found classpath entry '/C:/Users/Rafa/.m2/repository/org/seleniumhq/selenium/selenium-safari-driver/3.141.59/selenium-safari-driver-3.141.59.jar' 
2022-06-03 10:20:14.229 DEBUG [acme.Launcher@main] Found classpath entry '/C:/Users/Rafa/.m2/repository/org/seleniumhq/selenium/selenium-support/3.141.59/selenium-support-3.141.59.jar' 
2022-06-03 10:20:14.229 DEBUG [acme.Launcher@main] Found classpath entry '/C:/Users/Rafa/.m2/repository/net/bytebuddy/byte-buddy/1.10.19/byte-buddy-1.10.19.jar' 
2022-06-03 10:20:14.229 DEBUG [acme.Launcher@main] Found classpath entry '/C:/Users/Rafa/.m2/repository/org/apache/commons/commons-exec/1.3/commons-exec-1.3.jar' 
2022-06-03 10:20:14.229 DEBUG [acme.Launcher@main] Found classpath entry '/C:/Users/Rafa/.m2/repository/com/google/guava/guava/25.0-jre/guava-25.0-jre.jar' 
2022-06-03 10:20:14.229 DEBUG [acme.Launcher@main] Found classpath entry '/C:/Users/Rafa/.m2/repository/com/google/code/findbugs/jsr305/1.3.9/jsr305-1.3.9.jar' 
2022-06-03 10:20:14.229 DEBUG [acme.Launcher@main] Found classpath entry '/C:/Users/Rafa/.m2/repository/org/checkerframework/checker-compat-qual/2.0.0/checker-compat-qual-2.0.0.jar' 
2022-06-03 10:20:14.229 DEBUG [acme.Launcher@main] Found classpath entry '/C:/Users/Rafa/.m2/repository/com/google/errorprone/error_prone_annotations/2.1.3/error_prone_annotations-2.1.3.jar' 
2022-06-03 10:20:14.230 DEBUG [acme.Launcher@main] Found classpath entry '/C:/Users/Rafa/.m2/repository/com/google/j2objc/j2objc-annotations/1.1/j2objc-annotations-1.1.jar' 
2022-06-03 10:20:14.230 DEBUG [acme.Launcher@main] Found classpath entry '/C:/Users/Rafa/.m2/repository/org/codehaus/mojo/animal-sniffer-annotations/1.14/animal-sniffer-annotations-1.14.jar' 
2022-06-03 10:20:14.230 DEBUG [acme.Launcher@main] Found classpath entry '/C:/Users/Rafa/.m2/repository/com/squareup/okhttp3/okhttp/3.14.9/okhttp-3.14.9.jar' 
2022-06-03 10:20:14.230 DEBUG [acme.Launcher@main] Found classpath entry '/C:/Users/Rafa/.m2/repository/com/squareup/okio/okio/1.14.0/okio-1.14.0.jar' 
2022-06-03 10:20:14.230 DEBUG [acme.Launcher@main] Found classpath entry '/C:/Users/Rafa/.m2/repository/org/apache/commons/commons-lang3/3.11/commons-lang3-3.11.jar' 
2022-06-03 10:20:14.230 DEBUG [acme.Launcher@main] Found classpath entry '/C:/Users/Rafa/.m2/repository/org/apache/commons/commons-text/1.8/commons-text-1.8.jar' 
2022-06-03 10:20:14.230 DEBUG [acme.Launcher@main] Found classpath entry '/C:/Users/Rafa/.m2/repository/commons-io/commons-io/2.6/commons-io-2.6.jar' 
2022-06-03 10:20:14.230 DEBUG [acme.Launcher@main] Found classpath entry '/C:/Users/Rafa/.m2/repository/commons-cli/commons-cli/1.4/commons-cli-1.4.jar' 
2022-06-03 10:20:14.230 DEBUG [acme.Launcher@main] Found classpath entry '/C:/Users/Rafa/.m2/repository/org/projectlombok/lombok/1.18.16/lombok-1.18.16.jar' 
2022-06-03 10:20:14.230 DEBUG [acme.Launcher@main] Found classpath entry '/C:/Users/Rafa/.m2/repository/com/opencsv/opencsv/5.4/opencsv-5.4.jar' 
2022-06-03 10:20:14.230 DEBUG [acme.Launcher@main] Found classpath entry '/C:/Users/Rafa/.m2/repository/commons-beanutils/commons-beanutils/1.9.4/commons-beanutils-1.9.4.jar' 
2022-06-03 10:20:14.231 DEBUG [acme.Launcher@main] Found classpath entry '/C:/Users/Rafa/.m2/repository/commons-logging/commons-logging/1.2/commons-logging-1.2.jar' 
2022-06-03 10:20:14.231 DEBUG [acme.Launcher@main] Found classpath entry '/C:/Users/Rafa/.m2/repository/commons-collections/commons-collections/3.2.2/commons-collections-3.2.2.jar' 
2022-06-03 10:20:14.231 DEBUG [acme.Launcher@main] Found classpath entry '/C:/Users/Rafa/.m2/repository/org/apache/commons/commons-collections4/4.4/commons-collections4-4.4.jar' 
2022-06-03 10:20:14.231 DEBUG [acme.Launcher@main] Found classpath entry '/C:/Users/Rafa/Desktop/Workspace-22.0/Tools/IDEs/eclipse-jee-2021-12-R/configuration/org.eclipse.osgi/418/0/.cp/lib/javaagent-shaded.jar' 
2022-06-03 10:20:14.449 DEBUG [acme.Launcher@main] Found entity class 'acme.components.Currencies 
2022-06-03 10:20:14.449 DEBUG [acme.Launcher@main] Found entity class 'acme.entities.announcement.Announcement 
2022-06-03 10:20:14.449 DEBUG [acme.Launcher@main] Found entity class 'acme.entities.chimpum.Chimpum 
2022-06-03 10:20:14.449 DEBUG [acme.Launcher@main] Found entity class 'acme.entities.chirp.Chirp 
2022-06-03 10:20:14.449 DEBUG [acme.Launcher@main] Found entity class 'acme.entities.item.Item 
2022-06-03 10:20:14.450 DEBUG [acme.Launcher@main] Found entity class 'acme.entities.moneyExchange.MoneyExchange 
2022-06-03 10:20:14.450 DEBUG [acme.Launcher@main] Found entity class 'acme.entities.patronage.Patronage 
2022-06-03 10:20:14.450 DEBUG [acme.Launcher@main] Found entity class 'acme.entities.patronageReport.PatronageReport 
2022-06-03 10:20:14.450 DEBUG [acme.Launcher@main] Found entity class 'acme.entities.quantity.Quantity 
2022-06-03 10:20:14.450 DEBUG [acme.Launcher@main] Found entity class 'acme.entities.systemConfiguration.SystemConfiguration 
2022-06-03 10:20:14.450 DEBUG [acme.Launcher@main] Found entity class 'acme.entities.toolkit.Toolkit 
2022-06-03 10:20:14.450 DEBUG [acme.Launcher@main] Found entity class 'acme.roles.Consumer 
2022-06-03 10:20:14.450 DEBUG [acme.Launcher@main] Found entity class 'acme.roles.Inventor 
2022-06-03 10:20:14.450 DEBUG [acme.Launcher@main] Found entity class 'acme.roles.Patron 
2022-06-03 10:20:14.450 DEBUG [acme.Launcher@main] Found entity class 'acme.roles.Provider 
2022-06-03 10:20:14.450 DEBUG [acme.Launcher@main] Found entity class 'acme.framework.entities.UserAccount 
2022-06-03 10:20:14.450 DEBUG [acme.Launcher@main] Found entity class 'acme.framework.roles.Administrator 
2022-06-03 10:20:14.450 DEBUG [acme.Launcher@main] Found entity class 'acme.framework.roles.Anonymous 
2022-06-03 10:20:14.450 DEBUG [acme.Launcher@main] Found entity class 'acme.framework.roles.Any 
2022-06-03 10:20:14.451 DEBUG [acme.Launcher@main] Found entity class 'acme.framework.roles.Authenticated 
2022-06-03 10:20:14.456 INFO  [acme.Launcher@main] Running application (Standalone) 
2022-06-03 10:20:25.722 DEBUG [acme.framework.components.tiles.DynamicTilesView@http-nio-8080-exec-1] View name 'fragments/welcome', model {} 
2022-06-03 10:20:25.742 DEBUG [org.apache.tiles.definition.dao.BaseLocaleUrlDefinitionDAO@http-nio-8080-exec-1] File Resource file:/C:/Users/Rafa/Desktop/Workspace-22.0/Projects/rafjimfer-controlCheck/target/classes/WEB-INF/views/master/tiles_en.xml at file:/C:/Users/Rafa/Desktop/Workspace-22.0/Projects/rafjimfer-controlCheck/target/classes/WEB-INF/views/master/tiles_en.xml not found, continue 
2022-06-03 10:20:25.754 DEBUG [org.apache.jasper.servlet.JspServlet@http-nio-8080-exec-1] JspEngine --> /WEB-INF/views/master/page.jsp 
2022-06-03 10:20:25.754 DEBUG [org.apache.jasper.servlet.JspServlet@http-nio-8080-exec-1] ServletPath: /WEB-INF/views/master/page.jsp 
2022-06-03 10:20:25.755 DEBUG [org.apache.jasper.servlet.JspServlet@http-nio-8080-exec-1] PathInfo: null 
2022-06-03 10:20:25.757 DEBUG [org.apache.jasper.servlet.JspServlet@http-nio-8080-exec-1] RealPath: C:\Users\Rafa\Desktop\Workspace-22.0\Projects\rafjimfer-controlCheck\target\classes\WEB-INF\views\master\page.jsp 
2022-06-03 10:20:25.757 DEBUG [org.apache.jasper.servlet.JspServlet@http-nio-8080-exec-1] RequestURI: /acme-toolkits-22.1/WEB-INF/views/master/page.jsp 
2022-06-03 10:20:25.758 DEBUG [org.apache.jasper.servlet.JspServlet@http-nio-8080-exec-1] QueryString: null 
2022-06-03 10:20:30.163 DEBUG [acme.framework.configuration.ExtendedMessageSource@http-nio-8080-exec-1] Loading properties [C:\Users\Rafa\Desktop\Workspace-22.0\Projects\rafjimfer-controlCheck\target\classes\WEB-INF\views\administrator\administrator-dashboard\messages-en.i18n] with encoding 'utf-8' 
2022-06-03 10:20:30.164 DEBUG [acme.framework.configuration.ExtendedMessageSource@http-nio-8080-exec-1] Loading properties [C:\Users\Rafa\Desktop\Workspace-22.0\Projects\rafjimfer-controlCheck\target\classes\WEB-INF\views\administrator\announcement\messages-en.i18n] with encoding 'utf-8' 
2022-06-03 10:20:30.165 DEBUG [acme.framework.configuration.ExtendedMessageSource@http-nio-8080-exec-1] Loading properties [C:\Users\Rafa\Desktop\Workspace-22.0\Projects\rafjimfer-controlCheck\target\classes\WEB-INF\views\administrator\system-configuration\messages-en.i18n] with encoding 'utf-8' 
2022-06-03 10:20:30.166 DEBUG [acme.framework.configuration.ExtendedMessageSource@http-nio-8080-exec-1] Loading properties [C:\Users\Rafa\Desktop\Workspace-22.0\Projects\rafjimfer-controlCheck\target\classes\WEB-INF\views\administrator\user-account\messages-en.i18n] with encoding 'utf-8' 
2022-06-03 10:20:30.166 DEBUG [acme.framework.configuration.ExtendedMessageSource@http-nio-8080-exec-1] Loading properties [C:\Users\Rafa\Desktop\Workspace-22.0\Projects\rafjimfer-controlCheck\target\classes\WEB-INF\views\anonymous\user-account\messages-en.i18n] with encoding 'utf-8' 
2022-06-03 10:20:30.167 DEBUG [acme.framework.configuration.ExtendedMessageSource@http-nio-8080-exec-1] Loading properties [C:\Users\Rafa\Desktop\Workspace-22.0\Projects\rafjimfer-controlCheck\target\classes\WEB-INF\views\any\chirp\messages-en.i18n] with encoding 'utf-8' 
2022-06-03 10:20:30.167 DEBUG [acme.framework.configuration.ExtendedMessageSource@http-nio-8080-exec-1] Loading properties [C:\Users\Rafa\Desktop\Workspace-22.0\Projects\rafjimfer-controlCheck\target\classes\WEB-INF\views\any\item\messages-en.i18n] with encoding 'utf-8' 
2022-06-03 10:20:30.168 DEBUG [acme.framework.configuration.ExtendedMessageSource@http-nio-8080-exec-1] Loading properties [C:\Users\Rafa\Desktop\Workspace-22.0\Projects\rafjimfer-controlCheck\target\classes\WEB-INF\views\any\toolkit\messages-en.i18n] with encoding 'utf-8' 
2022-06-03 10:20:30.168 DEBUG [acme.framework.configuration.ExtendedMessageSource@http-nio-8080-exec-1] Loading properties [C:\Users\Rafa\Desktop\Workspace-22.0\Projects\rafjimfer-controlCheck\target\classes\WEB-INF\views\any\user-account\messages-en.i18n] with encoding 'utf-8' 
2022-06-03 10:20:30.171 DEBUG [acme.framework.configuration.ExtendedMessageSource@http-nio-8080-exec-1] Loading properties [C:\Users\Rafa\Desktop\Workspace-22.0\Projects\rafjimfer-controlCheck\target\classes\WEB-INF\views\authenticated\announcement\messsages-en.i18n] with encoding 'utf-8' 
2022-06-03 10:20:30.172 DEBUG [acme.framework.configuration.ExtendedMessageSource@http-nio-8080-exec-1] Loading properties [C:\Users\Rafa\Desktop\Workspace-22.0\Projects\rafjimfer-controlCheck\target\classes\WEB-INF\views\authenticated\consumer\messsages-en.i18n] with encoding 'utf-8' 
2022-06-03 10:20:30.173 DEBUG [acme.framework.configuration.ExtendedMessageSource@http-nio-8080-exec-1] Loading properties [C:\Users\Rafa\Desktop\Workspace-22.0\Projects\rafjimfer-controlCheck\target\classes\WEB-INF\views\authenticated\inventor\messsages-en.i18n] with encoding 'utf-8' 
2022-06-03 10:20:30.173 DEBUG [acme.framework.configuration.ExtendedMessageSource@http-nio-8080-exec-1] Loading properties [C:\Users\Rafa\Desktop\Workspace-22.0\Projects\rafjimfer-controlCheck\target\classes\WEB-INF\views\authenticated\patron\messsages-en.i18n] with encoding 'utf-8' 
2022-06-03 10:20:30.174 DEBUG [acme.framework.configuration.ExtendedMessageSource@http-nio-8080-exec-1] Loading properties [C:\Users\Rafa\Desktop\Workspace-22.0\Projects\rafjimfer-controlCheck\target\classes\WEB-INF\views\authenticated\provider\messsages-en.i18n] with encoding 'utf-8' 
2022-06-03 10:20:30.174 DEBUG [acme.framework.configuration.ExtendedMessageSource@http-nio-8080-exec-1] Loading properties [C:\Users\Rafa\Desktop\Workspace-22.0\Projects\rafjimfer-controlCheck\target\classes\WEB-INF\views\authenticated\system-configuration\messages-en.i18n] with encoding 'utf-8' 
2022-06-03 10:20:30.175 DEBUG [acme.framework.configuration.ExtendedMessageSource@http-nio-8080-exec-1] Loading properties [C:\Users\Rafa\Desktop\Workspace-22.0\Projects\rafjimfer-controlCheck\target\classes\WEB-INF\views\authenticated\user-account\messages-en.i18n] with encoding 'utf-8' 
2022-06-03 10:20:30.175 DEBUG [acme.framework.configuration.ExtendedMessageSource@http-nio-8080-exec-1] Loading properties [C:\Users\Rafa\Desktop\Workspace-22.0\Projects\rafjimfer-controlCheck\target\classes\WEB-INF\views\fragments\banner-en.i18n] with encoding 'utf-8' 
2022-06-03 10:20:30.176 DEBUG [acme.framework.configuration.ExtendedMessageSource@http-nio-8080-exec-1] Loading properties [C:\Users\Rafa\Desktop\Workspace-22.0\Projects\rafjimfer-controlCheck\target\classes\WEB-INF\views\fragments\company-en.i18n] with encoding 'utf-8' 
2022-06-03 10:20:30.176 DEBUG [acme.framework.configuration.ExtendedMessageSource@http-nio-8080-exec-1] Loading properties [C:\Users\Rafa\Desktop\Workspace-22.0\Projects\rafjimfer-controlCheck\target\classes\WEB-INF\views\fragments\footer-en.i18n] with encoding 'utf-8' 
2022-06-03 10:20:30.176 DEBUG [acme.framework.configuration.ExtendedMessageSource@http-nio-8080-exec-1] Loading properties [C:\Users\Rafa\Desktop\Workspace-22.0\Projects\rafjimfer-controlCheck\target\classes\WEB-INF\views\fragments\license-en.i18n] with encoding 'utf-8' 
2022-06-03 10:20:30.177 DEBUG [acme.framework.configuration.ExtendedMessageSource@http-nio-8080-exec-1] Loading properties [C:\Users\Rafa\Desktop\Workspace-22.0\Projects\rafjimfer-controlCheck\target\classes\WEB-INF\views\fragments\menu-en.i18n] with encoding 'utf-8' 
2022-06-03 10:20:30.178 DEBUG [acme.framework.configuration.ExtendedMessageSource@http-nio-8080-exec-1] Loading properties [C:\Users\Rafa\Desktop\Workspace-22.0\Projects\rafjimfer-controlCheck\target\classes\WEB-INF\views\fragments\messages-en.i18n] with encoding 'utf-8' 
2022-06-03 10:20:30.178 DEBUG [acme.framework.configuration.ExtendedMessageSource@http-nio-8080-exec-1] Loading properties [C:\Users\Rafa\Desktop\Workspace-22.0\Projects\rafjimfer-controlCheck\target\classes\WEB-INF\views\fragments\messsages-en.i18n] with encoding 'utf-8' 
2022-06-03 10:20:30.179 DEBUG [acme.framework.configuration.ExtendedMessageSource@http-nio-8080-exec-1] Loading properties [C:\Users\Rafa\Desktop\Workspace-22.0\Projects\rafjimfer-controlCheck\target\classes\WEB-INF\views\fragments\title-en.i18n] with encoding 'utf-8' 
2022-06-03 10:20:30.179 DEBUG [acme.framework.configuration.ExtendedMessageSource@http-nio-8080-exec-1] Loading properties [C:\Users\Rafa\Desktop\Workspace-22.0\Projects\rafjimfer-controlCheck\target\classes\WEB-INF\views\fragments\welcome-en.i18n] with encoding 'utf-8' 
2022-06-03 10:20:30.180 DEBUG [acme.framework.configuration.ExtendedMessageSource@http-nio-8080-exec-1] Loading properties [C:\Users\Rafa\Desktop\Workspace-22.0\Projects\rafjimfer-controlCheck\target\classes\WEB-INF\views\inventor\chimpum\messages-en.i18n] with encoding 'utf-8' 
2022-06-03 10:20:30.180 DEBUG [acme.framework.configuration.ExtendedMessageSource@http-nio-8080-exec-1] Loading properties [C:\Users\Rafa\Desktop\Workspace-22.0\Projects\rafjimfer-controlCheck\target\classes\WEB-INF\views\inventor\item\messages-en.i18n] with encoding 'utf-8' 
2022-06-03 10:20:30.181 DEBUG [acme.framework.configuration.ExtendedMessageSource@http-nio-8080-exec-1] Loading properties [C:\Users\Rafa\Desktop\Workspace-22.0\Projects\rafjimfer-controlCheck\target\classes\WEB-INF\views\inventor\patronage\messages-en.i18n] with encoding 'utf-8' 
2022-06-03 10:20:30.181 DEBUG [acme.framework.configuration.ExtendedMessageSource@http-nio-8080-exec-1] Loading properties [C:\Users\Rafa\Desktop\Workspace-22.0\Projects\rafjimfer-controlCheck\target\classes\WEB-INF\views\inventor\patronage-report\messages-en.i18n] with encoding 'utf-8' 
2022-06-03 10:20:30.182 DEBUG [acme.framework.configuration.ExtendedMessageSource@http-nio-8080-exec-1] Loading properties [C:\Users\Rafa\Desktop\Workspace-22.0\Projects\rafjimfer-controlCheck\target\classes\WEB-INF\views\inventor\quantity\messages-en.i18n] with encoding 'utf-8' 
2022-06-03 10:20:30.182 DEBUG [acme.framework.configuration.ExtendedMessageSource@http-nio-8080-exec-1] Loading properties [C:\Users\Rafa\Desktop\Workspace-22.0\Projects\rafjimfer-controlCheck\target\classes\WEB-INF\views\inventor\toolkit\messages-en.i18n] with encoding 'utf-8' 
2022-06-03 10:20:30.183 DEBUG [acme.framework.configuration.ExtendedMessageSource@http-nio-8080-exec-1] Loading properties [C:\Users\Rafa\Desktop\Workspace-22.0\Projects\rafjimfer-controlCheck\target\classes\WEB-INF\views\master\defaults-en.i18n] with encoding 'utf-8' 
2022-06-03 10:20:30.183 DEBUG [acme.framework.configuration.ExtendedMessageSource@http-nio-8080-exec-1] Loading properties [C:\Users\Rafa\Desktop\Workspace-22.0\Projects\rafjimfer-controlCheck\target\classes\WEB-INF\views\master\master-en.i18n] with encoding 'utf-8' 
2022-06-03 10:20:30.184 DEBUG [acme.framework.configuration.ExtendedMessageSource@http-nio-8080-exec-1] Loading properties [C:\Users\Rafa\Desktop\Workspace-22.0\Projects\rafjimfer-controlCheck\target\classes\WEB-INF\views\master\throwables-en.i18n] with encoding 'utf-8' 
2022-06-03 10:20:30.184 DEBUG [acme.framework.configuration.ExtendedMessageSource@http-nio-8080-exec-1] Loading properties [C:\Users\Rafa\Desktop\Workspace-22.0\Projects\rafjimfer-controlCheck\target\classes\WEB-INF\views\master\validation-en.i18n] with encoding 'utf-8' 
2022-06-03 10:20:30.185 DEBUG [acme.framework.configuration.ExtendedMessageSource@http-nio-8080-exec-1] Loading properties [C:\Users\Rafa\Desktop\Workspace-22.0\Projects\rafjimfer-controlCheck\target\classes\WEB-INF\views\patron\patron-dashboard\messages-en.i18n] with encoding 'utf-8' 
2022-06-03 10:20:30.187 DEBUG [acme.framework.configuration.ExtendedMessageSource@http-nio-8080-exec-1] Loading properties [C:\Users\Rafa\Desktop\Workspace-22.0\Projects\rafjimfer-controlCheck\target\classes\WEB-INF\views\patron\patronage\messages-en.i18n] with encoding 'utf-8' 
2022-06-03 10:20:30.188 DEBUG [acme.framework.configuration.ExtendedMessageSource@http-nio-8080-exec-1] Loading properties [C:\Users\Rafa\Desktop\Workspace-22.0\Projects\rafjimfer-controlCheck\target\classes\WEB-INF\views\patron\patronage-report\messages-en.i18n] with encoding 'utf-8' 
2022-06-03 10:20:30.452 DEBUG [org.apache.jasper.servlet.JspServlet@http-nio-8080-exec-1] JspEngine --> /WEB-INF/views/fragments/welcome.jsp 
2022-06-03 10:20:30.453 DEBUG [org.apache.jasper.servlet.JspServlet@http-nio-8080-exec-1] ServletPath: /WEB-INF/views/master/page.jsp 
2022-06-03 10:20:30.454 DEBUG [org.apache.jasper.servlet.JspServlet@http-nio-8080-exec-1] PathInfo: null 
2022-06-03 10:20:30.456 DEBUG [org.apache.jasper.servlet.JspServlet@http-nio-8080-exec-1] RealPath: C:\Users\Rafa\Desktop\Workspace-22.0\Projects\rafjimfer-controlCheck\target\classes\WEB-INF\views\fragments\welcome.jsp 
2022-06-03 10:20:30.456 DEBUG [org.apache.jasper.servlet.JspServlet@http-nio-8080-exec-1] RequestURI: /acme-toolkits-22.1/WEB-INF/views/master/page.jsp 
2022-06-03 10:20:30.457 DEBUG [org.apache.jasper.servlet.JspServlet@http-nio-8080-exec-1] QueryString: null 
2022-06-03 10:20:30.863 DEBUG [org.hibernate.SQL@http-nio-8080-exec-1] select useraccoun0_.id as id1_0_, useraccoun0_.version as version2_0_, useraccoun0_.enabled as enabled1_20_, useraccoun0_.identity as identity2_20_, useraccoun0_.password as password3_20_, useraccoun0_.username as username4_20_ from user_account useraccoun0_ where useraccoun0_.username=? 
2022-06-03 10:20:30.891 TRACE [org.hibernate.type.descriptor.sql.BasicBinder@http-nio-8080-exec-1] binding parameter [1] as [VARCHAR] - [anonymous] 
2022-06-03 10:20:30.967 DEBUG [org.hibernate.SQL@http-nio-8080-exec-1] select roles0_.user_account_id as user_acc1_21_0_, roles0_.id as id1_21_0_, roles0_.id as id1_0_1_, roles0_.version as version2_0_1_, roles0_.user_account_id as user_acc1_21_1_, roles0_.company as company1_8_1_, roles0_.sector as sector2_8_1_, roles0_.company as company1_10_1_, roles0_.info as info2_10_1_, roles0_.statement as statemen3_10_1_, roles0_.company as company1_13_1_, roles0_.info as info2_13_1_, roles0_.statement as statemen3_13_1_, roles0_.company as company1_16_1_, roles0_.sector as sector2_16_1_, roles0_.clazz_ as clazz_1_ from ( select id, version, user_account_id, company, sector, null as info, null as statement, 13 as clazz_ from consumer union all select id, version, user_account_id, company, null as sector, info, statement, 14 as clazz_ from inventor union all select id, version, user_account_id, company, null as sector, info, statement, 15 as clazz_ from patron union all select id, version, user_account_id, company, sector, null as info, null as statement, 16 as clazz_ from provider union all select id, version, user_account_id, null as company, null as sector, null as info, null as statement, 18 as clazz_ from administrator union all select id, version, user_account_id, null as company, null as sector, null as info, null as statement, 19 as clazz_ from anonymous union all select id, version, user_account_id, null as company, null as sector, null as info, null as statement, 20 as clazz_ from any union all select id, version, user_account_id, null as company, null as sector, null as info, null as statement, 21 as clazz_ from authenticated ) roles0_ where roles0_.user_account_id=? 
2022-06-03 10:20:30.967 TRACE [org.hibernate.type.descriptor.sql.BasicBinder@http-nio-8080-exec-1] binding parameter [1] as [INTEGER] - [1] 
2022-06-03 10:20:34.635 DEBUG [acme.framework.components.tiles.DynamicTilesView@http-nio-8080-exec-7] View name 'master/sign-in', model {username=, password=, remember=false} 
2022-06-03 10:20:34.637 DEBUG [org.apache.jasper.servlet.JspServlet@http-nio-8080-exec-7] JspEngine --> /WEB-INF/views/master/page.jsp 
2022-06-03 10:20:34.638 DEBUG [org.apache.jasper.servlet.JspServlet@http-nio-8080-exec-7] ServletPath: /WEB-INF/views/master/page.jsp 
2022-06-03 10:20:34.638 DEBUG [org.apache.jasper.servlet.JspServlet@http-nio-8080-exec-7] PathInfo: null 
2022-06-03 10:20:34.640 DEBUG [org.apache.jasper.servlet.JspServlet@http-nio-8080-exec-7] RealPath: C:\Users\Rafa\Desktop\Workspace-22.0\Projects\rafjimfer-controlCheck\target\classes\WEB-INF\views\master\page.jsp 
2022-06-03 10:20:34.641 DEBUG [org.apache.jasper.servlet.JspServlet@http-nio-8080-exec-7] RequestURI: /acme-toolkits-22.1/WEB-INF/views/master/page.jsp 
2022-06-03 10:20:34.641 DEBUG [org.apache.jasper.servlet.JspServlet@http-nio-8080-exec-7] QueryString: null 
2022-06-03 10:20:34.908 DEBUG [org.apache.jasper.servlet.JspServlet@http-nio-8080-exec-7] JspEngine --> /WEB-INF/views/master/sign-in.jsp 
2022-06-03 10:20:34.909 DEBUG [org.apache.jasper.servlet.JspServlet@http-nio-8080-exec-7] ServletPath: /WEB-INF/views/master/page.jsp 
2022-06-03 10:20:34.909 DEBUG [org.apache.jasper.servlet.JspServlet@http-nio-8080-exec-7] PathInfo: null 
2022-06-03 10:20:34.910 DEBUG [org.apache.jasper.servlet.JspServlet@http-nio-8080-exec-7] RealPath: C:\Users\Rafa\Desktop\Workspace-22.0\Projects\rafjimfer-controlCheck\target\classes\WEB-INF\views\master\sign-in.jsp 
2022-06-03 10:20:34.910 DEBUG [org.apache.jasper.servlet.JspServlet@http-nio-8080-exec-7] RequestURI: /acme-toolkits-22.1/WEB-INF/views/master/page.jsp 
2022-06-03 10:20:34.911 DEBUG [org.apache.jasper.servlet.JspServlet@http-nio-8080-exec-7] QueryString: null 
2022-06-03 10:20:36.759 DEBUG [org.hibernate.SQL@http-nio-8080-exec-7] select useraccoun0_.id as id1_0_, useraccoun0_.version as version2_0_, useraccoun0_.enabled as enabled1_20_, useraccoun0_.identity as identity2_20_, useraccoun0_.password as password3_20_, useraccoun0_.username as username4_20_ from user_account useraccoun0_ where useraccoun0_.username=? 
2022-06-03 10:20:36.760 TRACE [org.hibernate.type.descriptor.sql.BasicBinder@http-nio-8080-exec-7] binding parameter [1] as [VARCHAR] - [anonymous] 
2022-06-03 10:20:36.762 DEBUG [org.hibernate.SQL@http-nio-8080-exec-7] select roles0_.user_account_id as user_acc1_21_0_, roles0_.id as id1_21_0_, roles0_.id as id1_0_1_, roles0_.version as version2_0_1_, roles0_.user_account_id as user_acc1_21_1_, roles0_.company as company1_8_1_, roles0_.sector as sector2_8_1_, roles0_.company as company1_10_1_, roles0_.info as info2_10_1_, roles0_.statement as statemen3_10_1_, roles0_.company as company1_13_1_, roles0_.info as info2_13_1_, roles0_.statement as statemen3_13_1_, roles0_.company as company1_16_1_, roles0_.sector as sector2_16_1_, roles0_.clazz_ as clazz_1_ from ( select id, version, user_account_id, company, sector, null as info, null as statement, 13 as clazz_ from consumer union all select id, version, user_account_id, company, null as sector, info, statement, 14 as clazz_ from inventor union all select id, version, user_account_id, company, null as sector, info, statement, 15 as clazz_ from patron union all select id, version, user_account_id, company, sector, null as info, null as statement, 16 as clazz_ from provider union all select id, version, user_account_id, null as company, null as sector, null as info, null as statement, 18 as clazz_ from administrator union all select id, version, user_account_id, null as company, null as sector, null as info, null as statement, 19 as clazz_ from anonymous union all select id, version, user_account_id, null as company, null as sector, null as info, null as statement, 20 as clazz_ from any union all select id, version, user_account_id, null as company, null as sector, null as info, null as statement, 21 as clazz_ from authenticated ) roles0_ where roles0_.user_account_id=? 
2022-06-03 10:20:36.762 TRACE [org.hibernate.type.descriptor.sql.BasicBinder@http-nio-8080-exec-7] binding parameter [1] as [INTEGER] - [1] 
2022-06-03 10:20:39.128 DEBUG [org.hibernate.SQL@http-nio-8080-exec-2] select useraccoun0_.id as id1_0_, useraccoun0_.version as version2_0_, useraccoun0_.enabled as enabled1_20_, useraccoun0_.identity as identity2_20_, useraccoun0_.password as password3_20_, useraccoun0_.username as username4_20_ from user_account useraccoun0_ where useraccoun0_.username=? 
2022-06-03 10:20:39.129 TRACE [org.hibernate.type.descriptor.sql.BasicBinder@http-nio-8080-exec-2] binding parameter [1] as [VARCHAR] - [administrator] 
2022-06-03 10:20:39.131 DEBUG [org.hibernate.SQL@http-nio-8080-exec-2] select roles0_.user_account_id as user_acc1_21_0_, roles0_.id as id1_21_0_, roles0_.id as id1_0_1_, roles0_.version as version2_0_1_, roles0_.user_account_id as user_acc1_21_1_, roles0_.company as company1_8_1_, roles0_.sector as sector2_8_1_, roles0_.company as company1_10_1_, roles0_.info as info2_10_1_, roles0_.statement as statemen3_10_1_, roles0_.company as company1_13_1_, roles0_.info as info2_13_1_, roles0_.statement as statemen3_13_1_, roles0_.company as company1_16_1_, roles0_.sector as sector2_16_1_, roles0_.clazz_ as clazz_1_ from ( select id, version, user_account_id, company, sector, null as info, null as statement, 13 as clazz_ from consumer union all select id, version, user_account_id, company, null as sector, info, statement, 14 as clazz_ from inventor union all select id, version, user_account_id, company, null as sector, info, statement, 15 as clazz_ from patron union all select id, version, user_account_id, company, sector, null as info, null as statement, 16 as clazz_ from provider union all select id, version, user_account_id, null as company, null as sector, null as info, null as statement, 18 as clazz_ from administrator union all select id, version, user_account_id, null as company, null as sector, null as info, null as statement, 19 as clazz_ from anonymous union all select id, version, user_account_id, null as company, null as sector, null as info, null as statement, 20 as clazz_ from any union all select id, version, user_account_id, null as company, null as sector, null as info, null as statement, 21 as clazz_ from authenticated ) roles0_ where roles0_.user_account_id=? 
2022-06-03 10:20:39.132 TRACE [org.hibernate.type.descriptor.sql.BasicBinder@http-nio-8080-exec-2] binding parameter [1] as [INTEGER] - [6] 
2022-06-03 10:20:39.172 DEBUG [acme.framework.components.tiles.DynamicTilesView@http-nio-8080-exec-2] View name 'fragments/welcome', model {} 
2022-06-03 10:20:39.178 DEBUG [org.apache.jasper.servlet.JspServlet@http-nio-8080-exec-2] JspEngine --> /WEB-INF/views/master/page.jsp 
2022-06-03 10:20:39.179 DEBUG [org.apache.jasper.servlet.JspServlet@http-nio-8080-exec-2] ServletPath: /WEB-INF/views/master/page.jsp 
2022-06-03 10:20:39.179 DEBUG [org.apache.jasper.servlet.JspServlet@http-nio-8080-exec-2] PathInfo: null 
2022-06-03 10:20:39.180 DEBUG [org.apache.jasper.servlet.JspServlet@http-nio-8080-exec-2] RealPath: C:\Users\Rafa\Desktop\Workspace-22.0\Projects\rafjimfer-controlCheck\target\classes\WEB-INF\views\master\page.jsp 
2022-06-03 10:20:39.181 DEBUG [org.apache.jasper.servlet.JspServlet@http-nio-8080-exec-2] RequestURI: /acme-toolkits-22.1/WEB-INF/views/master/page.jsp 
2022-06-03 10:20:39.181 DEBUG [org.apache.jasper.servlet.JspServlet@http-nio-8080-exec-2] QueryString: null 
2022-06-03 10:20:39.451 DEBUG [org.apache.jasper.servlet.JspServlet@http-nio-8080-exec-2] JspEngine --> /WEB-INF/views/fragments/welcome.jsp 
2022-06-03 10:20:39.452 DEBUG [org.apache.jasper.servlet.JspServlet@http-nio-8080-exec-2] ServletPath: /WEB-INF/views/master/page.jsp 
2022-06-03 10:20:39.452 DEBUG [org.apache.jasper.servlet.JspServlet@http-nio-8080-exec-2] PathInfo: null 
2022-06-03 10:20:39.454 DEBUG [org.apache.jasper.servlet.JspServlet@http-nio-8080-exec-2] RealPath: C:\Users\Rafa\Desktop\Workspace-22.0\Projects\rafjimfer-controlCheck\target\classes\WEB-INF\views\fragments\welcome.jsp 
2022-06-03 10:20:39.454 DEBUG [org.apache.jasper.servlet.JspServlet@http-nio-8080-exec-2] RequestURI: /acme-toolkits-22.1/WEB-INF/views/master/page.jsp 
2022-06-03 10:20:39.454 DEBUG [org.apache.jasper.servlet.JspServlet@http-nio-8080-exec-2] QueryString: null 
2022-06-03 10:20:42.046 DEBUG [acme.framework.controllers.AbstractController@http-nio-8080-exec-1] DISPATCHING GET /acme-toolkits-22.1/administrator/administrator-dashboard/show 
2022-06-03 10:20:42.046 DEBUG [acme.framework.controllers.AbstractController@http-nio-8080-exec-1] Command: show 
2022-06-03 10:20:42.046 DEBUG [acme.framework.controllers.AbstractController@http-nio-8080-exec-1] Model:   {} 
2022-06-03 10:20:42.046 DEBUG [acme.framework.controllers.AbstractController@http-nio-8080-exec-1] Locale:  en 
2022-06-03 10:20:42.046 DEBUG [acme.framework.controllers.AbstractController@http-nio-8080-exec-1] Starting transaction 8e3d4130-9385-412b-a057-3bc8dff267f7 
2022-06-03 10:20:42.059 DEBUG [org.hibernate.SQL@http-nio-8080-exec-1] select count(item0_.id) as col_0_0_ from item item0_ where item0_.item_type='COMPONENT' 
2022-06-03 10:20:42.062 DEBUG [org.hibernate.SQL@http-nio-8080-exec-1] select count(item0_.id) as col_0_0_ from item item0_ where item0_.item_type='TOOL' 
2022-06-03 10:20:42.064 DEBUG [org.hibernate.SQL@http-nio-8080-exec-1] select systemconf0_.id as id1_0_, systemconf0_.version as version2_0_, systemconf0_.accepted_currencies as accepted1_18_, systemconf0_.strong_spam_terms_en as strong_s2_18_, systemconf0_.strong_spam_terms_es as strong_s3_18_, systemconf0_.strong_threshold as strong_t4_18_, systemconf0_.system_currency as system_c5_18_, systemconf0_.weak_spam_terms_en as weak_spa6_18_, systemconf0_.weak_spam_terms_es as weak_spa7_18_, systemconf0_.weak_threshold as weak_thr8_18_ from system_configuration systemconf0_ 
2022-06-03 10:20:42.091 DEBUG [org.hibernate.SQL@http-nio-8080-exec-1] select item0_.technology as col_0_0_, avg(item0_.retail_price_amount) as col_1_0_ from item item0_ where item0_.retail_price_currency=? and item0_.item_type='COMPONENT' group by item0_.technology 
2022-06-03 10:20:42.091 TRACE [org.hibernate.type.descriptor.sql.BasicBinder@http-nio-8080-exec-1] binding parameter [1] as [VARCHAR] - [EUR] 
2022-06-03 10:20:42.096 DEBUG [org.hibernate.SQL@http-nio-8080-exec-1] select item0_.technology as col_0_0_, avg(item0_.retail_price_amount) as col_1_0_ from item item0_ where item0_.retail_price_currency=? and item0_.item_type='COMPONENT' group by item0_.technology 
2022-06-03 10:20:42.096 TRACE [org.hibernate.type.descriptor.sql.BasicBinder@http-nio-8080-exec-1] binding parameter [1] as [VARCHAR] - [USD] 
2022-06-03 10:20:42.098 DEBUG [org.hibernate.SQL@http-nio-8080-exec-1] select item0_.technology as col_0_0_, avg(item0_.retail_price_amount) as col_1_0_ from item item0_ where item0_.retail_price_currency=? and item0_.item_type='COMPONENT' group by item0_.technology 
2022-06-03 10:20:42.098 TRACE [org.hibernate.type.descriptor.sql.BasicBinder@http-nio-8080-exec-1] binding parameter [1] as [VARCHAR] - [GBP] 
2022-06-03 10:20:42.100 DEBUG [org.hibernate.SQL@http-nio-8080-exec-1] select item0_.technology as col_0_0_, std(item0_.retail_price_amount) as col_1_0_ from item item0_ where item0_.retail_price_currency=? and item0_.item_type='COMPONENT' group by item0_.technology 
2022-06-03 10:20:42.102 TRACE [org.hibernate.type.descriptor.sql.BasicBinder@http-nio-8080-exec-1] binding parameter [1] as [VARCHAR] - [EUR] 
2022-06-03 10:20:42.105 DEBUG [org.hibernate.SQL@http-nio-8080-exec-1] select item0_.technology as col_0_0_, std(item0_.retail_price_amount) as col_1_0_ from item item0_ where item0_.retail_price_currency=? and item0_.item_type='COMPONENT' group by item0_.technology 
2022-06-03 10:20:42.106 TRACE [org.hibernate.type.descriptor.sql.BasicBinder@http-nio-8080-exec-1] binding parameter [1] as [VARCHAR] - [USD] 
2022-06-03 10:20:42.107 DEBUG [org.hibernate.SQL@http-nio-8080-exec-1] select item0_.technology as col_0_0_, std(item0_.retail_price_amount) as col_1_0_ from item item0_ where item0_.retail_price_currency=? and item0_.item_type='COMPONENT' group by item0_.technology 
2022-06-03 10:20:42.107 TRACE [org.hibernate.type.descriptor.sql.BasicBinder@http-nio-8080-exec-1] binding parameter [1] as [VARCHAR] - [GBP] 
2022-06-03 10:20:42.110 DEBUG [org.hibernate.SQL@http-nio-8080-exec-1] select item0_.technology as col_0_0_, min(item0_.retail_price_amount) as col_1_0_ from item item0_ where item0_.retail_price_currency=? and item0_.item_type='COMPONENT' group by item0_.technology 
2022-06-03 10:20:42.110 TRACE [org.hibernate.type.descriptor.sql.BasicBinder@http-nio-8080-exec-1] binding parameter [1] as [VARCHAR] - [EUR] 
2022-06-03 10:20:42.112 DEBUG [org.hibernate.SQL@http-nio-8080-exec-1] select item0_.technology as col_0_0_, min(item0_.retail_price_amount) as col_1_0_ from item item0_ where item0_.retail_price_currency=? and item0_.item_type='COMPONENT' group by item0_.technology 
2022-06-03 10:20:42.112 TRACE [org.hibernate.type.descriptor.sql.BasicBinder@http-nio-8080-exec-1] binding parameter [1] as [VARCHAR] - [USD] 
2022-06-03 10:20:42.114 DEBUG [org.hibernate.SQL@http-nio-8080-exec-1] select item0_.technology as col_0_0_, min(item0_.retail_price_amount) as col_1_0_ from item item0_ where item0_.retail_price_currency=? and item0_.item_type='COMPONENT' group by item0_.technology 
2022-06-03 10:20:42.114 TRACE [org.hibernate.type.descriptor.sql.BasicBinder@http-nio-8080-exec-1] binding parameter [1] as [VARCHAR] - [GBP] 
2022-06-03 10:20:42.116 DEBUG [org.hibernate.SQL@http-nio-8080-exec-1] select item0_.technology as col_0_0_, max(item0_.retail_price_amount) as col_1_0_ from item item0_ where item0_.retail_price_currency=? and item0_.item_type='COMPONENT' group by item0_.technology 
2022-06-03 10:20:42.116 TRACE [org.hibernate.type.descriptor.sql.BasicBinder@http-nio-8080-exec-1] binding parameter [1] as [VARCHAR] - [EUR] 
2022-06-03 10:20:42.118 DEBUG [org.hibernate.SQL@http-nio-8080-exec-1] select item0_.technology as col_0_0_, max(item0_.retail_price_amount) as col_1_0_ from item item0_ where item0_.retail_price_currency=? and item0_.item_type='COMPONENT' group by item0_.technology 
2022-06-03 10:20:42.119 TRACE [org.hibernate.type.descriptor.sql.BasicBinder@http-nio-8080-exec-1] binding parameter [1] as [VARCHAR] - [USD] 
2022-06-03 10:20:42.120 DEBUG [org.hibernate.SQL@http-nio-8080-exec-1] select item0_.technology as col_0_0_, max(item0_.retail_price_amount) as col_1_0_ from item item0_ where item0_.retail_price_currency=? and item0_.item_type='COMPONENT' group by item0_.technology 
2022-06-03 10:20:42.121 TRACE [org.hibernate.type.descriptor.sql.BasicBinder@http-nio-8080-exec-1] binding parameter [1] as [VARCHAR] - [GBP] 
2022-06-03 10:20:42.122 DEBUG [org.hibernate.SQL@http-nio-8080-exec-1] select avg(item0_.retail_price_amount) as col_0_0_ from item item0_ where item0_.retail_price_currency=? and item0_.item_type='TOOL' 
2022-06-03 10:20:42.123 TRACE [org.hibernate.type.descriptor.sql.BasicBinder@http-nio-8080-exec-1] binding parameter [1] as [VARCHAR] - [EUR] 
2022-06-03 10:20:42.125 DEBUG [org.hibernate.SQL@http-nio-8080-exec-1] select avg(item0_.retail_price_amount) as col_0_0_ from item item0_ where item0_.retail_price_currency=? and item0_.item_type='TOOL' 
2022-06-03 10:20:42.125 TRACE [org.hibernate.type.descriptor.sql.BasicBinder@http-nio-8080-exec-1] binding parameter [1] as [VARCHAR] - [USD] 
2022-06-03 10:20:42.126 DEBUG [org.hibernate.SQL@http-nio-8080-exec-1] select avg(item0_.retail_price_amount) as col_0_0_ from item item0_ where item0_.retail_price_currency=? and item0_.item_type='TOOL' 
2022-06-03 10:20:42.126 TRACE [org.hibernate.type.descriptor.sql.BasicBinder@http-nio-8080-exec-1] binding parameter [1] as [VARCHAR] - [GBP] 
2022-06-03 10:20:42.128 DEBUG [org.hibernate.SQL@http-nio-8080-exec-1] select std(item0_.retail_price_amount) as col_0_0_ from item item0_ where item0_.retail_price_currency=? and item0_.item_type='TOOL' 
2022-06-03 10:20:42.128 TRACE [org.hibernate.type.descriptor.sql.BasicBinder@http-nio-8080-exec-1] binding parameter [1] as [VARCHAR] - [EUR] 
2022-06-03 10:20:42.129 DEBUG [org.hibernate.SQL@http-nio-8080-exec-1] select std(item0_.retail_price_amount) as col_0_0_ from item item0_ where item0_.retail_price_currency=? and item0_.item_type='TOOL' 
2022-06-03 10:20:42.129 TRACE [org.hibernate.type.descriptor.sql.BasicBinder@http-nio-8080-exec-1] binding parameter [1] as [VARCHAR] - [USD] 
2022-06-03 10:20:42.130 DEBUG [org.hibernate.SQL@http-nio-8080-exec-1] select std(item0_.retail_price_amount) as col_0_0_ from item item0_ where item0_.retail_price_currency=? and item0_.item_type='TOOL' 
2022-06-03 10:20:42.130 TRACE [org.hibernate.type.descriptor.sql.BasicBinder@http-nio-8080-exec-1] binding parameter [1] as [VARCHAR] - [GBP] 
2022-06-03 10:20:42.132 DEBUG [org.hibernate.SQL@http-nio-8080-exec-1] select min(item0_.retail_price_amount) as col_0_0_ from item item0_ where item0_.retail_price_currency=? and item0_.item_type='TOOL' 
2022-06-03 10:20:42.132 TRACE [org.hibernate.type.descriptor.sql.BasicBinder@http-nio-8080-exec-1] binding parameter [1] as [VARCHAR] - [EUR] 
2022-06-03 10:20:42.133 DEBUG [org.hibernate.SQL@http-nio-8080-exec-1] select min(item0_.retail_price_amount) as col_0_0_ from item item0_ where item0_.retail_price_currency=? and item0_.item_type='TOOL' 
2022-06-03 10:20:42.133 TRACE [org.hibernate.type.descriptor.sql.BasicBinder@http-nio-8080-exec-1] binding parameter [1] as [VARCHAR] - [USD] 
2022-06-03 10:20:42.136 DEBUG [org.hibernate.SQL@http-nio-8080-exec-1] select min(item0_.retail_price_amount) as col_0_0_ from item item0_ where item0_.retail_price_currency=? and item0_.item_type='TOOL' 
2022-06-03 10:20:42.136 TRACE [org.hibernate.type.descriptor.sql.BasicBinder@http-nio-8080-exec-1] binding parameter [1] as [VARCHAR] - [GBP] 
2022-06-03 10:20:42.138 DEBUG [org.hibernate.SQL@http-nio-8080-exec-1] select max(item0_.retail_price_amount) as col_0_0_ from item item0_ where item0_.retail_price_currency=? and item0_.item_type='TOOL' 
2022-06-03 10:20:42.138 TRACE [org.hibernate.type.descriptor.sql.BasicBinder@http-nio-8080-exec-1] binding parameter [1] as [VARCHAR] - [EUR] 
2022-06-03 10:20:42.140 DEBUG [org.hibernate.SQL@http-nio-8080-exec-1] select max(item0_.retail_price_amount) as col_0_0_ from item item0_ where item0_.retail_price_currency=? and item0_.item_type='TOOL' 
2022-06-03 10:20:42.140 TRACE [org.hibernate.type.descriptor.sql.BasicBinder@http-nio-8080-exec-1] binding parameter [1] as [VARCHAR] - [USD] 
2022-06-03 10:20:42.146 DEBUG [org.hibernate.SQL@http-nio-8080-exec-1] select max(item0_.retail_price_amount) as col_0_0_ from item item0_ where item0_.retail_price_currency=? and item0_.item_type='TOOL' 
2022-06-03 10:20:42.146 TRACE [org.hibernate.type.descriptor.sql.BasicBinder@http-nio-8080-exec-1] binding parameter [1] as [VARCHAR] - [GBP] 
2022-06-03 10:20:42.148 DEBUG [org.hibernate.SQL@http-nio-8080-exec-1] select count(patronage0_.id) as col_0_0_ from patronage patronage0_ where patronage0_.status=? 
2022-06-03 10:20:42.149 TRACE [org.hibernate.type.descriptor.sql.BasicBinder@http-nio-8080-exec-1] binding parameter [1] as [INTEGER] - [0] 
2022-06-03 10:20:42.151 DEBUG [org.hibernate.SQL@http-nio-8080-exec-1] select count(patronage0_.id) as col_0_0_ from patronage patronage0_ where patronage0_.status=? 
2022-06-03 10:20:42.152 TRACE [org.hibernate.type.descriptor.sql.BasicBinder@http-nio-8080-exec-1] binding parameter [1] as [INTEGER] - [1] 
2022-06-03 10:20:42.156 DEBUG [org.hibernate.SQL@http-nio-8080-exec-1] select count(patronage0_.id) as col_0_0_ from patronage patronage0_ where patronage0_.status=? 
2022-06-03 10:20:42.156 TRACE [org.hibernate.type.descriptor.sql.BasicBinder@http-nio-8080-exec-1] binding parameter [1] as [INTEGER] - [2] 
2022-06-03 10:20:42.158 DEBUG [org.hibernate.SQL@http-nio-8080-exec-1] select patronage0_.budget_currency as col_0_0_, avg(patronage0_.budget_amount) as col_1_0_ from patronage patronage0_ where patronage0_.status=? group by patronage0_.budget_currency 
2022-06-03 10:20:42.159 TRACE [org.hibernate.type.descriptor.sql.BasicBinder@http-nio-8080-exec-1] binding parameter [1] as [INTEGER] - [0] 
2022-06-03 10:20:42.161 DEBUG [org.hibernate.SQL@http-nio-8080-exec-1] select patronage0_.budget_currency as col_0_0_, avg(patronage0_.budget_amount) as col_1_0_ from patronage patronage0_ where patronage0_.status=? group by patronage0_.budget_currency 
2022-06-03 10:20:42.161 TRACE [org.hibernate.type.descriptor.sql.BasicBinder@http-nio-8080-exec-1] binding parameter [1] as [INTEGER] - [1] 
2022-06-03 10:20:42.164 DEBUG [org.hibernate.SQL@http-nio-8080-exec-1] select patronage0_.budget_currency as col_0_0_, avg(patronage0_.budget_amount) as col_1_0_ from patronage patronage0_ where patronage0_.status=? group by patronage0_.budget_currency 
2022-06-03 10:20:42.164 TRACE [org.hibernate.type.descriptor.sql.BasicBinder@http-nio-8080-exec-1] binding parameter [1] as [INTEGER] - [2] 
2022-06-03 10:20:42.167 DEBUG [org.hibernate.SQL@http-nio-8080-exec-1] select patronage0_.budget_currency as col_0_0_, std(patronage0_.budget_amount) as col_1_0_ from patronage patronage0_ where patronage0_.status=? group by patronage0_.budget_currency 
2022-06-03 10:20:42.168 TRACE [org.hibernate.type.descriptor.sql.BasicBinder@http-nio-8080-exec-1] binding parameter [1] as [INTEGER] - [0] 
2022-06-03 10:20:42.171 DEBUG [org.hibernate.SQL@http-nio-8080-exec-1] select patronage0_.budget_currency as col_0_0_, std(patronage0_.budget_amount) as col_1_0_ from patronage patronage0_ where patronage0_.status=? group by patronage0_.budget_currency 
2022-06-03 10:20:42.171 TRACE [org.hibernate.type.descriptor.sql.BasicBinder@http-nio-8080-exec-1] binding parameter [1] as [INTEGER] - [1] 
2022-06-03 10:20:42.174 DEBUG [org.hibernate.SQL@http-nio-8080-exec-1] select patronage0_.budget_currency as col_0_0_, std(patronage0_.budget_amount) as col_1_0_ from patronage patronage0_ where patronage0_.status=? group by patronage0_.budget_currency 
2022-06-03 10:20:42.174 TRACE [org.hibernate.type.descriptor.sql.BasicBinder@http-nio-8080-exec-1] binding parameter [1] as [INTEGER] - [2] 
2022-06-03 10:20:42.177 DEBUG [org.hibernate.SQL@http-nio-8080-exec-1] select patronage0_.budget_currency as col_0_0_, min(patronage0_.budget_amount) as col_1_0_ from patronage patronage0_ where patronage0_.status=? group by patronage0_.budget_currency 
2022-06-03 10:20:42.177 TRACE [org.hibernate.type.descriptor.sql.BasicBinder@http-nio-8080-exec-1] binding parameter [1] as [INTEGER] - [0] 
2022-06-03 10:20:42.179 DEBUG [org.hibernate.SQL@http-nio-8080-exec-1] select patronage0_.budget_currency as col_0_0_, min(patronage0_.budget_amount) as col_1_0_ from patronage patronage0_ where patronage0_.status=? group by patronage0_.budget_currency 
2022-06-03 10:20:42.180 TRACE [org.hibernate.type.descriptor.sql.BasicBinder@http-nio-8080-exec-1] binding parameter [1] as [INTEGER] - [1] 
2022-06-03 10:20:42.182 DEBUG [org.hibernate.SQL@http-nio-8080-exec-1] select patronage0_.budget_currency as col_0_0_, min(patronage0_.budget_amount) as col_1_0_ from patronage patronage0_ where patronage0_.status=? group by patronage0_.budget_currency 
2022-06-03 10:20:42.182 TRACE [org.hibernate.type.descriptor.sql.BasicBinder@http-nio-8080-exec-1] binding parameter [1] as [INTEGER] - [2] 
2022-06-03 10:20:42.184 DEBUG [org.hibernate.SQL@http-nio-8080-exec-1] select patronage0_.budget_currency as col_0_0_, max(patronage0_.budget_amount) as col_1_0_ from patronage patronage0_ where patronage0_.status=? group by patronage0_.budget_currency 
2022-06-03 10:20:42.184 TRACE [org.hibernate.type.descriptor.sql.BasicBinder@http-nio-8080-exec-1] binding parameter [1] as [INTEGER] - [0] 
2022-06-03 10:20:42.188 DEBUG [org.hibernate.SQL@http-nio-8080-exec-1] select patronage0_.budget_currency as col_0_0_, max(patronage0_.budget_amount) as col_1_0_ from patronage patronage0_ where patronage0_.status=? group by patronage0_.budget_currency 
2022-06-03 10:20:42.188 TRACE [org.hibernate.type.descriptor.sql.BasicBinder@http-nio-8080-exec-1] binding parameter [1] as [INTEGER] - [1] 
2022-06-03 10:20:42.190 DEBUG [org.hibernate.SQL@http-nio-8080-exec-1] select patronage0_.budget_currency as col_0_0_, max(patronage0_.budget_amount) as col_1_0_ from patronage patronage0_ where patronage0_.status=? group by patronage0_.budget_currency 
2022-06-03 10:20:42.190 TRACE [org.hibernate.type.descriptor.sql.BasicBinder@http-nio-8080-exec-1] binding parameter [1] as [INTEGER] - [2] 
2022-06-03 10:20:42.192 DEBUG [org.hibernate.SQL@http-nio-8080-exec-1] select count(chimpum0_.id) as col_0_0_ from chimpum chimpum0_ 
2022-06-03 10:20:42.194 DEBUG [org.hibernate.SQL@http-nio-8080-exec-1] select count(item0_.id) as col_0_0_ from item item0_ 
2022-06-03 10:20:42.196 DEBUG [org.hibernate.SQL@http-nio-8080-exec-1] select round(avg(chimpum0_.budget_amount), 2) as col_0_0_ from chimpum chimpum0_ where chimpum0_.budget_currency=? 
2022-06-03 10:20:42.196 TRACE [org.hibernate.type.descriptor.sql.BasicBinder@http-nio-8080-exec-1] binding parameter [1] as [VARCHAR] - [EUR] 
2022-06-03 10:20:42.200 DEBUG [org.hibernate.SQL@http-nio-8080-exec-1] select round(avg(chimpum0_.budget_amount), 2) as col_0_0_ from chimpum chimpum0_ where chimpum0_.budget_currency=? 
2022-06-03 10:20:42.200 TRACE [org.hibernate.type.descriptor.sql.BasicBinder@http-nio-8080-exec-1] binding parameter [1] as [VARCHAR] - [USD] 
2022-06-03 10:20:42.202 DEBUG [org.hibernate.SQL@http-nio-8080-exec-1] select round(avg(chimpum0_.budget_amount), 2) as col_0_0_ from chimpum chimpum0_ where chimpum0_.budget_currency=? 
2022-06-03 10:20:42.203 TRACE [org.hibernate.type.descriptor.sql.BasicBinder@http-nio-8080-exec-1] binding parameter [1] as [VARCHAR] - [GBP] 
2022-06-03 10:20:42.205 DEBUG [org.hibernate.SQL@http-nio-8080-exec-1] select round(std(chimpum0_.budget_amount), 2) as col_0_0_ from chimpum chimpum0_ where chimpum0_.budget_currency=? 
2022-06-03 10:20:42.205 TRACE [org.hibernate.type.descriptor.sql.BasicBinder@http-nio-8080-exec-1] binding parameter [1] as [VARCHAR] - [EUR] 
2022-06-03 10:20:42.206 DEBUG [org.hibernate.SQL@http-nio-8080-exec-1] select round(std(chimpum0_.budget_amount), 2) as col_0_0_ from chimpum chimpum0_ where chimpum0_.budget_currency=? 
2022-06-03 10:20:42.207 TRACE [org.hibernate.type.descriptor.sql.BasicBinder@http-nio-8080-exec-1] binding parameter [1] as [VARCHAR] - [USD] 
2022-06-03 10:20:42.208 DEBUG [org.hibernate.SQL@http-nio-8080-exec-1] select round(std(chimpum0_.budget_amount), 2) as col_0_0_ from chimpum chimpum0_ where chimpum0_.budget_currency=? 
2022-06-03 10:20:42.208 TRACE [org.hibernate.type.descriptor.sql.BasicBinder@http-nio-8080-exec-1] binding parameter [1] as [VARCHAR] - [GBP] 
2022-06-03 10:20:42.209 DEBUG [org.hibernate.SQL@http-nio-8080-exec-1] select round(min(chimpum0_.budget_amount), 2) as col_0_0_ from chimpum chimpum0_ where chimpum0_.budget_currency=? 
2022-06-03 10:20:42.210 TRACE [org.hibernate.type.descriptor.sql.BasicBinder@http-nio-8080-exec-1] binding parameter [1] as [VARCHAR] - [EUR] 
2022-06-03 10:20:42.211 DEBUG [org.hibernate.SQL@http-nio-8080-exec-1] select round(min(chimpum0_.budget_amount), 2) as col_0_0_ from chimpum chimpum0_ where chimpum0_.budget_currency=? 
2022-06-03 10:20:42.211 TRACE [org.hibernate.type.descriptor.sql.BasicBinder@http-nio-8080-exec-1] binding parameter [1] as [VARCHAR] - [USD] 
2022-06-03 10:20:42.212 DEBUG [org.hibernate.SQL@http-nio-8080-exec-1] select round(min(chimpum0_.budget_amount), 2) as col_0_0_ from chimpum chimpum0_ where chimpum0_.budget_currency=? 
2022-06-03 10:20:42.213 TRACE [org.hibernate.type.descriptor.sql.BasicBinder@http-nio-8080-exec-1] binding parameter [1] as [VARCHAR] - [GBP] 
2022-06-03 10:20:42.214 DEBUG [org.hibernate.SQL@http-nio-8080-exec-1] select round(max(chimpum0_.budget_amount), 2) as col_0_0_ from chimpum chimpum0_ where chimpum0_.budget_currency=? 
2022-06-03 10:20:42.215 TRACE [org.hibernate.type.descriptor.sql.BasicBinder@http-nio-8080-exec-1] binding parameter [1] as [VARCHAR] - [EUR] 
2022-06-03 10:20:42.216 DEBUG [org.hibernate.SQL@http-nio-8080-exec-1] select round(max(chimpum0_.budget_amount), 2) as col_0_0_ from chimpum chimpum0_ where chimpum0_.budget_currency=? 
2022-06-03 10:20:42.216 TRACE [org.hibernate.type.descriptor.sql.BasicBinder@http-nio-8080-exec-1] binding parameter [1] as [VARCHAR] - [USD] 
2022-06-03 10:20:42.219 DEBUG [org.hibernate.SQL@http-nio-8080-exec-1] select round(max(chimpum0_.budget_amount), 2) as col_0_0_ from chimpum chimpum0_ where chimpum0_.budget_currency=? 
2022-06-03 10:20:42.219 TRACE [org.hibernate.type.descriptor.sql.BasicBinder@http-nio-8080-exec-1] binding parameter [1] as [VARCHAR] - [GBP] 
2022-06-03 10:20:42.236 DEBUG [acme.framework.controllers.AbstractController@http-nio-8080-exec-1] Committing transaction 8e3d4130-9385-412b-a057-3bc8dff267f7 
2022-06-03 10:20:42.238 DEBUG [acme.framework.controllers.AbstractController@http-nio-8080-exec-1] Starting transaction f21d215d-ac6e-4664-b657-5892ef5402e3 
2022-06-03 10:20:42.238 DEBUG [acme.framework.controllers.AbstractController@http-nio-8080-exec-1] Committing transaction f21d215d-ac6e-4664-b657-5892ef5402e3 
2022-06-03 10:20:42.239 DEBUG [acme.framework.controllers.AbstractController@http-nio-8080-exec-1] SERVING GET /acme-toolkits-22.1/administrator/administrator-dashboard/show 
2022-06-03 10:20:42.240 DEBUG [acme.framework.controllers.AbstractController@http-nio-8080-exec-1] Result: ModelAndView [view="administrator/administrator-dashboard/form"; model={maxBudgetChimpumByCurrency={EUR=2000.0, GBP=null, USD=3000.0}, totalNumberOfPatronagesByStatus={ACCEPTED=8, DENIED=6, PROPOSED=8}, averageBudgetChimpumByCurrency={EUR=1131.45, GBP=null, USD=3000.0}, minBudgetChimpumByCurrency={EUR=500.75, GBP=null, USD=3000.0}, totalNumberOfComponents=10, ratioArtefactWithChimpum=5:23, deviationBudgetChimpumByCurrency={EUR=543.31, GBP=null, USD=0.0}, totalNumberOfTools=18, minimumRetailPriceOfToolsByCurrency={EUR=22.22, GBP=621.5, USD=10.0}, maximumBudgetPatronagesByStatus={ACCEPTED->EUR=4500.0, DENIED->EUR=5000.0, ACCEPTED->USD=300.0, ACCEPTED->GBP=150.0}, maximumRetailPriceOfToolsByCurrency={EUR=1056.0, GBP=7266.06, USD=845.32}, maximumRetailPriceOfComponentsByTechnologyAndCurrency={EUR->b=89.21, GBP->Lorem Ipsum is simply dummy text of the printing and typesetting industry. Lorem Ipsum has been the=168.75, EUR->c=22.22, USD->limited=568.0, GBP->Lorem Ipsum is simply dummy text of the printing=7266.06, EUR->Lorem Ipsum is simply dummy text of the printing and typesetting industry. Lorem Ipsum has been the=10.0, EUR->super=1025.0}, averageRetailPriceOfToolsByCurrency={EUR=296.78916666666663, GBP=3943.78, USD=422.115}, deviationBudgetPatronagesByStatus={ACCEPTED->EUR=2147.4636201807934, DENIED->EUR=2013.8409955990955, ACCEPTED->USD=0.0, ACCEPTED->GBP=0.0, PROPOSED->EUR=2473.5126763370345, PROPOSED->GBP=0.0, PROPOSED->USD=0.0}, deviationRetailPriceOfComponentsByTechnologyAndCurrency={EUR->b=0.0, GBP->Lorem Ipsum is simply dummy text of the printing and typesetting industry. Lorem Ipsum has been the=0.0, EUR->c=0.0, USD->limited=0.0, GBP->Lorem Ipsum is simply dummy text of the printing=0.0, EUR->Lorem Ipsum is simply dummy text of the printing and typesetting industry. Lorem Ipsum has been the=0.0, EUR->super=431.7142428736861}, averageBudgetPatronagesByStatus={ACCEPTED->EUR=1870.0, DENIED->EUR=2166.6666666666665, ACCEPTED->USD=300.0, ACCEPTED->GBP=150.0, PROPOSED->EUR=4831.8, PROPOSED->GBP=100.0, PROPOSED->USD=125.0}, minimumRetailPriceOfComponentsByTechnologyAndCurrency={EUR->b=89.21, GBP->Lorem Ipsum is simply dummy text of the printing and typesetting industry. Lorem Ipsum has been the=168.75, EUR->c=22.22, USD->limited=568.0, GBP->Lorem Ipsum is simply dummy text of the printing=7266.06, EUR->Lorem Ipsum is simply dummy text of the printing and typesetting industry. Lorem Ipsum has been the=10.0, EUR->super=27.0}, minimumBudgetPatronagesByStatus={ACCEPTED->EUR=100.0, DENIED->EUR=500.0, ACCEPTED->USD=300.0, ACCEPTED->GBP=150.0, PROPOSED->EUR=6500.0, PROPOSED->GBP=100.0, PROPOSED->USD=125.0}, averageRetailPriceOfComponentsByTechnologyAndCurrency={EUR->b=89.21, GBP->Lorem Ipsum is simply dummy text of the printing and typesetting industry. Lorem Ipsum has been the=168.75, EUR->c=22.22, USD->limited=568.0, GBP->Lorem Ipsum is simply dummy text of the printing=7266.06, EUR->Lorem Ipsum is simply dummy text of the printing and typesetting industry. Lorem Ipsum has been the=10.0, EUR->super=277.25}, deviationRetailPriceOfToolsByCurrency={EUR=353.34754000035934, GBP=3322.28, USD=314.191354551649}, command=show, principal=acme.framework.entities.Principal@4ce1bb11}] 
2022-06-03 10:20:42.247 DEBUG [acme.framework.components.tiles.DynamicTilesView@http-nio-8080-exec-1] View name 'administrator/administrator-dashboard/form', model {maxBudgetChimpumByCurrency={EUR=2000.0, GBP=null, USD=3000.0}, totalNumberOfPatronagesByStatus={ACCEPTED=8, DENIED=6, PROPOSED=8}, averageBudgetChimpumByCurrency={EUR=1131.45, GBP=null, USD=3000.0}, minBudgetChimpumByCurrency={EUR=500.75, GBP=null, USD=3000.0}, totalNumberOfComponents=10, ratioArtefactWithChimpum=5:23, deviationBudgetChimpumByCurrency={EUR=543.31, GBP=null, USD=0.0}, totalNumberOfTools=18, minimumRetailPriceOfToolsByCurrency={EUR=22.22, GBP=621.5, USD=10.0}, maximumBudgetPatronagesByStatus={ACCEPTED->EUR=4500.0, DENIED->EUR=5000.0, ACCEPTED->USD=300.0, ACCEPTED->GBP=150.0}, maximumRetailPriceOfToolsByCurrency={EUR=1056.0, GBP=7266.06, USD=845.32}, maximumRetailPriceOfComponentsByTechnologyAndCurrency={EUR->b=89.21, GBP->Lorem Ipsum is simply dummy text of the printing and typesetting industry. Lorem Ipsum has been the=168.75, EUR->c=22.22, USD->limited=568.0, GBP->Lorem Ipsum is simply dummy text of the printing=7266.06, EUR->Lorem Ipsum is simply dummy text of the printing and typesetting industry. Lorem Ipsum has been the=10.0, EUR->super=1025.0}, averageRetailPriceOfToolsByCurrency={EUR=296.78916666666663, GBP=3943.78, USD=422.115}, deviationBudgetPatronagesByStatus={ACCEPTED->EUR=2147.4636201807934, DENIED->EUR=2013.8409955990955, ACCEPTED->USD=0.0, ACCEPTED->GBP=0.0, PROPOSED->EUR=2473.5126763370345, PROPOSED->GBP=0.0, PROPOSED->USD=0.0}, deviationRetailPriceOfComponentsByTechnologyAndCurrency={EUR->b=0.0, GBP->Lorem Ipsum is simply dummy text of the printing and typesetting industry. Lorem Ipsum has been the=0.0, EUR->c=0.0, USD->limited=0.0, GBP->Lorem Ipsum is simply dummy text of the printing=0.0, EUR->Lorem Ipsum is simply dummy text of the printing and typesetting industry. Lorem Ipsum has been the=0.0, EUR->super=431.7142428736861}, averageBudgetPatronagesByStatus={ACCEPTED->EUR=1870.0, DENIED->EUR=2166.6666666666665, ACCEPTED->USD=300.0, ACCEPTED->GBP=150.0, PROPOSED->EUR=4831.8, PROPOSED->GBP=100.0, PROPOSED->USD=125.0}, minimumRetailPriceOfComponentsByTechnologyAndCurrency={EUR->b=89.21, GBP->Lorem Ipsum is simply dummy text of the printing and typesetting industry. Lorem Ipsum has been the=168.75, EUR->c=22.22, USD->limited=568.0, GBP->Lorem Ipsum is simply dummy text of the printing=7266.06, EUR->Lorem Ipsum is simply dummy text of the printing and typesetting industry. Lorem Ipsum has been the=10.0, EUR->super=27.0}, minimumBudgetPatronagesByStatus={ACCEPTED->EUR=100.0, DENIED->EUR=500.0, ACCEPTED->USD=300.0, ACCEPTED->GBP=150.0, PROPOSED->EUR=6500.0, PROPOSED->GBP=100.0, PROPOSED->USD=125.0}, averageRetailPriceOfComponentsByTechnologyAndCurrency={EUR->b=89.21, GBP->Lorem Ipsum is simply dummy text of the printing and typesetting industry. Lorem Ipsum has been the=168.75, EUR->c=22.22, USD->limited=568.0, GBP->Lorem Ipsum is simply dummy text of the printing=7266.06, EUR->Lorem Ipsum is simply dummy text of the printing and typesetting industry. Lorem Ipsum has been the=10.0, EUR->super=277.25}, deviationRetailPriceOfToolsByCurrency={EUR=353.34754000035934, GBP=3322.28, USD=314.191354551649}, command=show, principal=acme.framework.entities.Principal@4ce1bb11, org.springframework.validation.BindingResult.principal=org.springframework.validation.BeanPropertyBindingResult: 0 errors} 
2022-06-03 10:20:42.248 DEBUG [org.apache.jasper.servlet.JspServlet@http-nio-8080-exec-1] JspEngine --> /WEB-INF/views/master/page.jsp 
2022-06-03 10:20:42.249 DEBUG [org.apache.jasper.servlet.JspServlet@http-nio-8080-exec-1] ServletPath: /WEB-INF/views/master/page.jsp 
2022-06-03 10:20:42.249 DEBUG [org.apache.jasper.servlet.JspServlet@http-nio-8080-exec-1] PathInfo: null 
2022-06-03 10:20:42.250 DEBUG [org.apache.jasper.servlet.JspServlet@http-nio-8080-exec-1] RealPath: C:\Users\Rafa\Desktop\Workspace-22.0\Projects\rafjimfer-controlCheck\target\classes\WEB-INF\views\master\page.jsp 
2022-06-03 10:20:42.250 DEBUG [org.apache.jasper.servlet.JspServlet@http-nio-8080-exec-1] RequestURI: /acme-toolkits-22.1/WEB-INF/views/master/page.jsp 
2022-06-03 10:20:42.252 DEBUG [org.apache.jasper.servlet.JspServlet@http-nio-8080-exec-1] QueryString: null 
2022-06-03 10:20:42.528 DEBUG [org.apache.jasper.servlet.JspServlet@http-nio-8080-exec-1] JspEngine --> /WEB-INF/views/administrator/administrator-dashboard/form.jsp 
2022-06-03 10:20:42.528 DEBUG [org.apache.jasper.servlet.JspServlet@http-nio-8080-exec-1] ServletPath: /WEB-INF/views/master/page.jsp 
2022-06-03 10:20:42.528 DEBUG [org.apache.jasper.servlet.JspServlet@http-nio-8080-exec-1] PathInfo: null 
2022-06-03 10:20:42.530 DEBUG [org.apache.jasper.servlet.JspServlet@http-nio-8080-exec-1] RealPath: C:\Users\Rafa\Desktop\Workspace-22.0\Projects\rafjimfer-controlCheck\target\classes\WEB-INF\views\administrator\administrator-dashboard\form.jsp 
2022-06-03 10:20:42.530 DEBUG [org.apache.jasper.servlet.JspServlet@http-nio-8080-exec-1] RequestURI: /acme-toolkits-22.1/WEB-INF/views/master/page.jsp 
2022-06-03 10:20:42.530 DEBUG [org.apache.jasper.servlet.JspServlet@http-nio-8080-exec-1] QueryString: null 
