1653997431165	geckodriver	INFO	Listening on 127.0.0.1:34972
console.warn: SearchSettings: "get: No settings file exists, new profile?" (new NotFoundError("Could not open the file at C:\\Users\\Rafa\\AppData\\Local\\Temp\\rust_mozprofilej7ywJd\\search.json.mozlz4", (void 0)))
console.warn: LoginRecipes: "getRecipes: falling back to a synchronous message for:" "http://localhost:8081"
console.warn: LoJgaivnaScrRecipes: "getRecipes: falling back to a synchronous message for:" "http://localhost:8081"
ipt error: resource://gre/modules/LoginManagerParent.jsm, line 136: TypeError: gRecipeManager is null
console.warn: LoginRecipes: "getRecipes: falling back to aJ asynchronous message for:" "http://localhost:8081"
vaScript error: resource://gre/modules/LoginManagerParent.jsm, line 136: TypeError: gRecipeManager is null
console.warn: LoginRecipes: "getRecipes: falling back to a synchronous message for:" J"http://localhost:8081"
avaScript error: resource://gre/modules/LoginManagerParent.jsm, line 136: TypeError: gRecipeManager is null
console.warn: LoginRecipes: "getRecipes: fallingJ abvaacSkc rtiop ta  syncehronorurs meosrs:a ge rfeosource://gre/mr:"odules/LoginManagerParent.jsm, line 136: TypeError: gRecipeManager is null
 "http://localhost:8081"
console.warn: LoginRecipes: "getRecipes: faJlalvianScript error: resource://gre/modules/LoginManagg erPabraent.jsm, licnke  to a synchronous136: TypeErr message for:" "http://locaor: gRecipeManagerlhos ti:s8 0n8u1l"l

console.warn: LoginRecipes: "getRecipes: falling back to a synchronous message for:" "http://localhost:8081"
JavaScript error: resource://gre/modules/LoginManagerParent.jsm, line 136: TypeError: gRecipeManager is null
console.warn: LoginRecipes: "getRecipes: falling back to a synchronous message for:" "htJtavaScpript :error:/ reso/localurce:host:/808/1g"
re/modules/LoginManagerParent.jsm, line 136: TypeError: gRecipeManager is null
console.warn: LoginRecipes: "getRecipes: falling backJavaScript  error: resource://gre/tmoduol a synchres/LoginManageonous message for:" "http://localhost:8081"
rParent.jsm, line 136: TypeError: gRecipeManager is null
console.warn: LoginRecipes: "geJavaScriptt Receipesrror: f: reallsouringce:/ back/gre/modules/Login to a synchronous message for:" ManagerPare"http://localhost:8081"
nt.jsm, line 136: TypeError: gRecipeManager is null
console.warn: LoginRecipes: "getRecipes: falling backJ ato vaa Ssycnrcihprt error: resource://greonou/smodul messaes/ge for:" "http://localhost:8081"
LoginManagerParent.jsm, line 136: TypeError: gRecipeManager is null
console.warn: LoginRecipes: "getRecipes: falling back to a synchronous message for:" "http://localhost:8081"
JavaScript error: resource://gre/modules/LoginManagerParent.jsm, line 136: TypeError: gRecipeManager is null
console.warn: LoginRecipes: "getRecipes: falling back to a synchronous message for:" "http://localhost:8081"
JavaScript error: resource://gre/modules/LoginManagerParent.jsm, line 136: TypeError: gRecipeManager is null
console.warn: LoginRecipes: "getRecipeJas:va faScriplling back to a synchronous message for:" "htt etp://localhostr:8081"
ror: resource://gre/modules/LoginManagerParent.jsm, line 136: TypeError: gRecipeManager is null
console.warn: LoginRecipes: "getRecipes: falling bJack avato a synchronScript error: ous mresesousracege:/ f/gore/modules/LoginManagerParent.jsm, line 136: TypeError: gRecipeManager is null
r:" "http://localhost:8081"
console.warn: LoginRecipes: "getRecipes: falling back to a synchronous message for:" "http://localhost:8081"
JavaScript error: resource://gre/modules/LoginManagerParent.jsm, line 136: TypeError: gRecipeManager is null
console.warn: LoginRecipes: "getRecipes: falling back to a synchronous message for:" "http://locaJlahosvaSct:8081"
ript error: resource://gre/modules/LoginManagerParent.jsm, line 136: TypeError: gRecipeManager is null
console.warn: LoginRecipes: "getRecipes: fallingJavaScript error: resource://gre/modules/ Lback oginManagerPatroe nat .sjysm,n clhrionne 1o3u6s:  mTeyspseaEgrer ofro:r :g"R e"chitptepM:a/n/algoecra lihost:8081"
s null
console.warn: LoginRecipes: "getRecipes: falling bacJavaSkcript e rrtor: oresou rce:/a/gre/ modusles/LogiynnManachronoguerParse mesnsage for:" "htt.tjpsm,: //lline 13ocalhost:8086:1 Typ"
eError: gRecipeManager is null
console.warn: LoginRecipes: "getRecipes: falling back to a synchronous message for:" "http://localhost:8081"
JavaScript error: resource://gre/modules/LoginManagerParent.jsm, line 136: TypeError: gRecipeManager is null
console.warn: LoginRecipes: "getRecipes: falJlaivnag back to a synchronous message for:" "http://localShcorsit:8081"
pt error: resource://gre/modules/LoginManagerParent.jsm, line 136: TypeError: gRecipeManager is null
console.warn: LoginRecipes: "getRecipes: falling back to a synchJavaScrirponotus mess age for:e" "htrtp://rlocalhosot:8r: re08source:/1"
/gre/modules/LoginManagerParent.jsm, line 136: TypeError: gRecipeManager is null
console.warn: LoginRecipes: "getRecipes: falling back JavaScrito pa syntchronou errors message for:" "http://localh:ost:8081" r
esource://gre/modules/LoginManagerParent.jsm, line 136: TypeError: gRecipeManager is null
console.warn: LoginRecipes: "getRecipes: falling back to a synchronous message for:" "http://localhost:8081"
JavaScript error: resource://gre/modules/LoginManagerParent.jsm, line 136: TypeError: gRecipeManager is null
console.warn: LoginRecipes: "getRecipes: falling back to a synchronous Jmessavage for:" "aScrihttp://locpt errora: reslhost:8081"
ource://gre/modules/LoginManagerParent.jsm, line 136: TypeError: gRecipeManager is null
console.warn: LoginRecipes: "getRecipes: falling back to a synchrJavaScript error: resource://gre/modules/LoginManagerParent.jsm, line 136: TypeError: gRecipeManager is null
onous message for:" "http://localhost:8081"
console.warn: LoginRecipes: "getRecipes: falling backJavaScript error: resource://gre/modules/LoginManagerParent.jsm, line 136: TypeError: gRecipeManager is null
 to a synchronous message for:" "http://localhost:8081"
console.warn: LoginRecipes: "getRecipes: falling back to a synchronous message for:" "http://localhost:8081J"av
aScript error: resource://gre/modules/LoginManagerParent.jsm, line 136: TypeError: gRecipeManager is null
console.warn: LoginRecipes: "getRecipes: falling bacJkavaScript error: resource://gre/modules/LoginManagerParent.jsm, line 136: TypeError: gRecipeManager is null
 to a synchronous message for:" "http://localhost:8081"
console.warn: LoginRecipes: "getRecipes: falling back to a synchrJavaScript erornor: ous message forer:so" "http:/urce://l/gre/moocalhost:8081dul"es
/LoginManagerParent.jsm, line 136: TypeError: gRecipeManager is null
console.warn: LoginRecipes: "getRecipes: falling back to a synchronous mJavaScesript ersage for:" "http://localhost:8081"ror: resour
ce://gre/modules/LoginManagerParent.jsm, line 136: TypeError: gRecipeManager is null
console.warn: LoginRecipes: "getRecipes: falling back to a synchronous message for:" "http://localhost:8081"
JavaScript error: resource://gre/modules/LoginManagerParent.jsm, line 136: TypeError: gRecipeManager is null
console.warn: LoginRecipes: "getRecipes: falling back to Ja synavaScript error: resource:c//gre/mhoduronous message for:" "http://locallehost:8081"s
/LoginManagerParent.jsm, line 136: TypeError: gRecipeManager is null
console.warn: LoginRecipes: "getRecipes: falling back to a synchrJavaScript error: resource://gre/modules/LoginManagonoerus Parent.jsm, meline 136: TypeEssarroge for:r: gRecipeManager is null
" "http://localhost:8081"
console.warn: LoginRecipes: "getRecipes: falling back to Jaava sySnchcriptronou ers message for:" "http://localhost:8081"
ror: resource://gre/modules/LoginManagerParent.jsm, line 136: TypeError: gRecipeManager is null
console.warn: LoginRecipes: "getRecipes: falling back to a synchronous message for:" "http://localhost:8081"
JavaScript error: resource://gre/modules/LoginManagerParent.jsm, line 136: TypeError: gRecipeManager is null
console.warn: LoginRecipes: "getRecipes: falling back to a synchronous mesJavaScript ersaroger:  for:"re s"http://localhost:8081"
ource://gre/modules/LoginManagerParent.jsm, line 136: TypeError: gRecipeManager is null
console.warn: LoginRecipes: "getRecipes: fallinJavaScript egr rboar: resource://gre/modules/LoginManagecrParent.kj stm, line 136: Typo aeEr syrorn:c hgrRoencoiupse Mmaensasgaegre is null
 for:" "http://localhost:8081"
console.warn: LoginRecipes: "getRecipes: falling back to a JavaSscryinpcth ronouesr message for:" "http:ror: resource://gre/modules/LoginManagerParent.jsm, line 136: TypeError: gRecipeManager is null
//localhost:8081"
console.warn: LoginRecipes: "getRecipes: falling back to a Jsynchravonous message foraScript :"er "ror: rehtsource://gre/modutlp:/e/ls/ocLoalgihonMstan:8ag08erP1"ar
ent.jsm, line 136: TypeError: gRecipeManager is null
console.warn: LoginRecipes: "getRecipes: JavaScript error: refallsourcing e://gre/moduleback s/Lto a syoginchnMaronous mnagerPaessarenge t.fojsr:m, line 136" "http: T://lypocalhost:8081"
eError: gRecipeManager is null
console.warn: LoginRecipes: "getRecipes: falling back to JavaScripta s erynrochr: resouronous messarce:/ge for:" "http://localhost:8081"
/gre/modules/LoginManagerParent.jsm, line 136: TypeError: gRecipeManager is null
console.warn: LoginRecipes: "getRecipes: falling back to a sJaynchronovaSuscr impt eessarge ror: resourcfeo://r:"gre/modules "http://localhost:8081"/L
oginManagerParent.jsm, line 136: TypeError: gRecipeManager is null
console.warn: LoginRecipes: "getRecipes: falling back to Jaav aScsynripchrt eonourrs meorss: age forreso:"ur "http://lceoc:/a/lghroes/mt:8081"
odules/LoginManagerParent.jsm, line 136: TypeError: gRecipeManager is null
console.warn: LoginRecipes: "getRecipes: falling back to a synchronous message for:" Java"http://localhost:8081"
Script error: resource://gre/modules/LoginManagerParent.jsm, line 136: TypeError: gRecipeManager is null
console.warn: LoginRecipes: "getRecipes: falling back to a synchronous message for:" "http://localhost:8081"
JavaScript error: resource://gre/modules/LoginManagerParent.jsm, line 136: TypeError: gRecipeManager is null
console.warn: LoginRecipes: "getRecipes: falling back to a synchrJavaScript error: resource://gre/modules/LoginManagerParent.jsm, line 136: TypeError: gRecipeManagonous message for:" "her is nulltt
p://localhost:8081"
console.warn: LoginRecipes: "getRecipes: falling back to a synchronous message for:" "http://lJavocalaScript erhostror:808: 1"re
source://gre/modules/LoginManagerParent.jsm, line 136: TypeError: gRecipeManager is null
console.warn: LoginRecipes: "getRecipes: fallJavaScript error: resource://gre/modiunlge bas/LoginManagerParent.jsm, ck to a syline 136: nchTryonous mepsesEage for:" "http://localhost:80rror: gRe8c1i"peM
anager is null
console.warn: LoginRecipes: "getRecipes: fJavaalScling ribaptck error: to  aresource://gre/modules/LoginManagerParent.jsm, line 136 sy: TypeError: gRecipeManager is null
nchronous message for:" "http://localhost:8081"
console.warn: LoginRecipes: "getRecipes: falling JavaScbraicpkt error: resource://gre/modules/Log inManagerParento at.j sysm, lincne 136: TypeError: gRecipeManager is null
hronous message for:" "http://localhost:8081"
